2023-05-09 12:30:29.239807: I tensorflow/stream_executor/platform/default/dso_loader.cc:49] Successfully opened dynamic library libcudart.so.11.0
2023-05-09 12:30:29.847806: I tensorflow/compiler/jit/xla_cpu_device.cc:41] Not creating XLA devices, tf_xla_enable_xla_devices not set
2023-05-09 12:30:29.848337: I tensorflow/stream_executor/platform/default/dso_loader.cc:49] Successfully opened dynamic library libcuda.so.1
2023-05-09 12:30:29.878175: I tensorflow/stream_executor/cuda/cuda_gpu_executor.cc:941] successful NUMA node read from SysFS had negative value (-1), but there must be at least one NUMA node, so returning NUMA node zero
2023-05-09 12:30:29.878408: I tensorflow/core/common_runtime/gpu/gpu_device.cc:1720] Found device 0 with properties: 
pciBusID: 0000:41:00.0 name: NVIDIA GeForce RTX 3090 computeCapability: 8.6
coreClock: 1.695GHz coreCount: 82 deviceMemorySize: 23.70GiB deviceMemoryBandwidth: 871.81GiB/s
2023-05-09 12:30:29.878442: I tensorflow/stream_executor/platform/default/dso_loader.cc:49] Successfully opened dynamic library libcudart.so.11.0
2023-05-09 12:30:29.881179: I tensorflow/stream_executor/platform/default/dso_loader.cc:49] Successfully opened dynamic library libcublas.so.11
2023-05-09 12:30:29.881215: I tensorflow/stream_executor/platform/default/dso_loader.cc:49] Successfully opened dynamic library libcublasLt.so.11
2023-05-09 12:30:29.896908: I tensorflow/stream_executor/platform/default/dso_loader.cc:49] Successfully opened dynamic library libcufft.so.10
2023-05-09 12:30:29.897069: I tensorflow/stream_executor/platform/default/dso_loader.cc:49] Successfully opened dynamic library libcurand.so.10
2023-05-09 12:30:29.897926: I tensorflow/stream_executor/platform/default/dso_loader.cc:49] Successfully opened dynamic library libcusolver.so.10
2023-05-09 12:30:29.898387: I tensorflow/stream_executor/platform/default/dso_loader.cc:49] Successfully opened dynamic library libcusparse.so.11
2023-05-09 12:30:29.898492: I tensorflow/stream_executor/platform/default/dso_loader.cc:49] Successfully opened dynamic library libcudnn.so.8
2023-05-09 12:30:29.898577: I tensorflow/stream_executor/cuda/cuda_gpu_executor.cc:941] successful NUMA node read from SysFS had negative value (-1), but there must be at least one NUMA node, so returning NUMA node zero
2023-05-09 12:30:29.898772: I tensorflow/stream_executor/cuda/cuda_gpu_executor.cc:941] successful NUMA node read from SysFS had negative value (-1), but there must be at least one NUMA node, so returning NUMA node zero
2023-05-09 12:30:29.898910: I tensorflow/core/common_runtime/gpu/gpu_device.cc:1862] Adding visible gpu devices: 0
2023-05-09 12:30:29.899093: I tensorflow/core/platform/cpu_feature_guard.cc:142] This TensorFlow binary is optimized with oneAPI Deep Neural Network Library (oneDNN) to use the following CPU instructions in performance-critical operations:  AVX2 FMA
To enable them in other operations, rebuild TensorFlow with the appropriate compiler flags.
2023-05-09 12:30:29.900684: I tensorflow/compiler/jit/xla_gpu_device.cc:99] Not creating XLA devices, tf_xla_enable_xla_devices not set
2023-05-09 12:30:29.900754: I tensorflow/stream_executor/cuda/cuda_gpu_executor.cc:941] successful NUMA node read from SysFS had negative value (-1), but there must be at least one NUMA node, so returning NUMA node zero
2023-05-09 12:30:29.900912: I tensorflow/core/common_runtime/gpu/gpu_device.cc:1720] Found device 0 with properties: 
pciBusID: 0000:41:00.0 name: NVIDIA GeForce RTX 3090 computeCapability: 8.6
coreClock: 1.695GHz coreCount: 82 deviceMemorySize: 23.70GiB deviceMemoryBandwidth: 871.81GiB/s
2023-05-09 12:30:29.900930: I tensorflow/stream_executor/platform/default/dso_loader.cc:49] Successfully opened dynamic library libcudart.so.11.0
2023-05-09 12:30:29.900942: I tensorflow/stream_executor/platform/default/dso_loader.cc:49] Successfully opened dynamic library libcublas.so.11
2023-05-09 12:30:29.900952: I tensorflow/stream_executor/platform/default/dso_loader.cc:49] Successfully opened dynamic library libcublasLt.so.11
2023-05-09 12:30:29.900961: I tensorflow/stream_executor/platform/default/dso_loader.cc:49] Successfully opened dynamic library libcufft.so.10
2023-05-09 12:30:29.900984: I tensorflow/stream_executor/platform/default/dso_loader.cc:49] Successfully opened dynamic library libcurand.so.10
2023-05-09 12:30:29.900994: I tensorflow/stream_executor/platform/default/dso_loader.cc:49] Successfully opened dynamic library libcusolver.so.10
2023-05-09 12:30:29.901003: I tensorflow/stream_executor/platform/default/dso_loader.cc:49] Successfully opened dynamic library libcusparse.so.11
2023-05-09 12:30:29.901012: I tensorflow/stream_executor/platform/default/dso_loader.cc:49] Successfully opened dynamic library libcudnn.so.8
2023-05-09 12:30:29.901064: I tensorflow/stream_executor/cuda/cuda_gpu_executor.cc:941] successful NUMA node read from SysFS had negative value (-1), but there must be at least one NUMA node, so returning NUMA node zero
2023-05-09 12:30:29.901243: I tensorflow/stream_executor/cuda/cuda_gpu_executor.cc:941] successful NUMA node read from SysFS had negative value (-1), but there must be at least one NUMA node, so returning NUMA node zero
2023-05-09 12:30:29.901379: I tensorflow/core/common_runtime/gpu/gpu_device.cc:1862] Adding visible gpu devices: 0
2023-05-09 12:30:29.901405: I tensorflow/stream_executor/platform/default/dso_loader.cc:49] Successfully opened dynamic library libcudart.so.11.0
2023-05-09 12:30:30.177496: I tensorflow/core/common_runtime/gpu/gpu_device.cc:1261] Device interconnect StreamExecutor with strength 1 edge matrix:
2023-05-09 12:30:30.177535: I tensorflow/core/common_runtime/gpu/gpu_device.cc:1267]      0 
2023-05-09 12:30:30.177541: I tensorflow/core/common_runtime/gpu/gpu_device.cc:1280] 0:   N 
2023-05-09 12:30:30.177763: I tensorflow/stream_executor/cuda/cuda_gpu_executor.cc:941] successful NUMA node read from SysFS had negative value (-1), but there must be at least one NUMA node, so returning NUMA node zero
2023-05-09 12:30:30.177962: I tensorflow/stream_executor/cuda/cuda_gpu_executor.cc:941] successful NUMA node read from SysFS had negative value (-1), but there must be at least one NUMA node, so returning NUMA node zero
2023-05-09 12:30:30.178132: I tensorflow/stream_executor/cuda/cuda_gpu_executor.cc:941] successful NUMA node read from SysFS had negative value (-1), but there must be at least one NUMA node, so returning NUMA node zero
2023-05-09 12:30:30.178280: I tensorflow/core/common_runtime/gpu/gpu_device.cc:1406] Created TensorFlow device (/job:localhost/replica:0/task:0/device:GPU:0 with 22414 MB memory) -> physical GPU (device: 0, name: NVIDIA GeForce RTX 3090, pci bus id: 0000:41:00.0, compute capability: 8.6)
WARNING:tensorflow:Layer lstm will not use cuDNN kernel since it doesn't meet the cuDNN kernel criteria. It will use generic GPU kernel as fallback when running on GPU
WARNING:tensorflow:Layer lstm_1 will not use cuDNN kernel since it doesn't meet the cuDNN kernel criteria. It will use generic GPU kernel as fallback when running on GPU
2023-05-09 12:30:30.414468: I tensorflow/compiler/mlir/mlir_graph_optimization_pass.cc:116] None of the MLIR optimization passes are enabled (registered 2)
2023-05-09 12:30:30.415369: I tensorflow/core/platform/profile_utils/cpu_utils.cc:112] CPU Frequency: 3792855000 Hz
2023-05-09 12:30:31.494691: I tensorflow/stream_executor/platform/default/dso_loader.cc:49] Successfully opened dynamic library libcublas.so.11
2023-05-09 12:30:31.939202: I tensorflow/stream_executor/platform/default/dso_loader.cc:49] Successfully opened dynamic library libcublasLt.so.11
2023-05-09 12:30:31.945386: I tensorflow/stream_executor/cuda/cuda_blas.cc:1838] TensorFloat-32 will be used for the matrix multiplication. This will only be logged once.
the count of label lines 20084
(20084,)
features len is  41
------------------------------------
Training ps-detector-attack detector
------------------------------------
ps-detector-attack  dataset_min:-3.0454362462748454
ps-detector-attack  dataset_max:138.38713813073164
the info of dataset, (19152, 1, 41)
shuffle is enabled for training
Early stopping: NO.
Epoch 1/50
539/539 - 5s - loss: 0.1310 - accuracy: 0.9563 - auc: 0.9902 - recall: 0.9601 - precision: 0.9531 - val_loss: 0.0830 - val_accuracy: 0.9687 - val_auc: 0.9949 - val_recall: 0.9904 - val_precision: 0.9478
Epoch 2/50
539/539 - 3s - loss: 0.0635 - accuracy: 0.9758 - auc: 0.9970 - recall: 0.9861 - precision: 0.9663 - val_loss: 0.0708 - val_accuracy: 0.9723 - val_auc: 0.9957 - val_recall: 0.9818 - val_precision: 0.9623
Epoch 3/50
539/539 - 3s - loss: 0.0559 - accuracy: 0.9805 - auc: 0.9974 - recall: 0.9907 - precision: 0.9710 - val_loss: 0.0491 - val_accuracy: 0.9812 - val_auc: 0.9978 - val_recall: 0.9893 - val_precision: 0.9727
Epoch 4/50
539/539 - 3s - loss: 0.0519 - accuracy: 0.9807 - auc: 0.9977 - recall: 0.9905 - precision: 0.9716 - val_loss: 0.0532 - val_accuracy: 0.9765 - val_auc: 0.9979 - val_recall: 0.9797 - val_precision: 0.9724
Epoch 5/50
539/539 - 3s - loss: 0.0499 - accuracy: 0.9812 - auc: 0.9978 - recall: 0.9907 - precision: 0.9723 - val_loss: 0.0437 - val_accuracy: 0.9817 - val_auc: 0.9986 - val_recall: 0.9936 - val_precision: 0.9697
Epoch 6/50
539/539 - 3s - loss: 0.0464 - accuracy: 0.9816 - auc: 0.9983 - recall: 0.9913 - precision: 0.9725 - val_loss: 0.0423 - val_accuracy: 0.9833 - val_auc: 0.9988 - val_recall: 0.9904 - val_precision: 0.9758
Epoch 7/50
539/539 - 3s - loss: 0.0452 - accuracy: 0.9821 - auc: 0.9983 - recall: 0.9912 - precision: 0.9735 - val_loss: 0.0398 - val_accuracy: 0.9859 - val_auc: 0.9989 - val_recall: 0.9936 - val_precision: 0.9779
Epoch 8/50
539/539 - 3s - loss: 0.0446 - accuracy: 0.9827 - auc: 0.9984 - recall: 0.9913 - precision: 0.9746 - val_loss: 0.0423 - val_accuracy: 0.9817 - val_auc: 0.9989 - val_recall: 0.9850 - val_precision: 0.9777
Epoch 9/50
539/539 - 3s - loss: 0.0425 - accuracy: 0.9836 - auc: 0.9985 - recall: 0.9928 - precision: 0.9750 - val_loss: 0.0418 - val_accuracy: 0.9823 - val_auc: 0.9987 - val_recall: 0.9904 - val_precision: 0.9737
Epoch 10/50
539/539 - 3s - loss: 0.0437 - accuracy: 0.9832 - auc: 0.9984 - recall: 0.9924 - precision: 0.9745 - val_loss: 0.0404 - val_accuracy: 0.9859 - val_auc: 0.9989 - val_recall: 0.9914 - val_precision: 0.9799
Epoch 11/50
539/539 - 3s - loss: 0.0418 - accuracy: 0.9839 - auc: 0.9986 - recall: 0.9924 - precision: 0.9759 - val_loss: 0.0515 - val_accuracy: 0.9807 - val_auc: 0.9983 - val_recall: 0.9882 - val_precision: 0.9726
Epoch 12/50
539/539 - 3s - loss: 0.0406 - accuracy: 0.9843 - auc: 0.9986 - recall: 0.9933 - precision: 0.9758 - val_loss: 0.0373 - val_accuracy: 0.9864 - val_auc: 0.9989 - val_recall: 0.9957 - val_precision: 0.9769
Epoch 13/50
539/539 - 3s - loss: 0.0399 - accuracy: 0.9841 - auc: 0.9987 - recall: 0.9925 - precision: 0.9762 - val_loss: 0.0432 - val_accuracy: 0.9833 - val_auc: 0.9986 - val_recall: 0.9904 - val_precision: 0.9758
Epoch 14/50
539/539 - 3s - loss: 0.0396 - accuracy: 0.9842 - auc: 0.9986 - recall: 0.9925 - precision: 0.9764 - val_loss: 0.0412 - val_accuracy: 0.9854 - val_auc: 0.9987 - val_recall: 0.9936 - val_precision: 0.9769
Epoch 15/50
539/539 - 3s - loss: 0.0376 - accuracy: 0.9861 - auc: 0.9988 - recall: 0.9942 - precision: 0.9785 - val_loss: 0.0342 - val_accuracy: 0.9849 - val_auc: 0.9992 - val_recall: 0.9893 - val_precision: 0.9799
Epoch 16/50
539/539 - 3s - loss: 0.0367 - accuracy: 0.9857 - auc: 0.9989 - recall: 0.9933 - precision: 0.9785 - val_loss: 0.0354 - val_accuracy: 0.9870 - val_auc: 0.9990 - val_recall: 0.9925 - val_precision: 0.9810
Epoch 17/50
539/539 - 3s - loss: 0.0358 - accuracy: 0.9864 - auc: 0.9990 - recall: 0.9939 - precision: 0.9792 - val_loss: 0.0511 - val_accuracy: 0.9823 - val_auc: 0.9984 - val_recall: 0.9947 - val_precision: 0.9698
Epoch 18/50
539/539 - 3s - loss: 0.0366 - accuracy: 0.9858 - auc: 0.9989 - recall: 0.9932 - precision: 0.9788 - val_loss: 0.0348 - val_accuracy: 0.9870 - val_auc: 0.9992 - val_recall: 1.0000 - val_precision: 0.9740
Epoch 19/50
539/539 - 3s - loss: 0.0343 - accuracy: 0.9872 - auc: 0.9990 - recall: 0.9953 - precision: 0.9795 - val_loss: 0.0453 - val_accuracy: 0.9817 - val_auc: 0.9982 - val_recall: 0.9818 - val_precision: 0.9808
Epoch 20/50
539/539 - 3s - loss: 0.0338 - accuracy: 0.9865 - auc: 0.9991 - recall: 0.9929 - precision: 0.9805 - val_loss: 0.0328 - val_accuracy: 0.9870 - val_auc: 0.9993 - val_recall: 0.9904 - val_precision: 0.9830
Epoch 21/50
539/539 - 3s - loss: 0.0333 - accuracy: 0.9880 - auc: 0.9990 - recall: 0.9948 - precision: 0.9815 - val_loss: 0.0541 - val_accuracy: 0.9849 - val_auc: 0.9962 - val_recall: 0.9936 - val_precision: 0.9758
Epoch 22/50
539/539 - 3s - loss: 0.0339 - accuracy: 0.9872 - auc: 0.9991 - recall: 0.9943 - precision: 0.9805 - val_loss: 0.0309 - val_accuracy: 0.9880 - val_auc: 0.9993 - val_recall: 0.9904 - val_precision: 0.9851
Epoch 23/50
539/539 - 3s - loss: 0.0341 - accuracy: 0.9878 - auc: 0.9989 - recall: 0.9944 - precision: 0.9815 - val_loss: 0.0327 - val_accuracy: 0.9864 - val_auc: 0.9992 - val_recall: 0.9947 - val_precision: 0.9779
Epoch 24/50
539/539 - 3s - loss: 0.0317 - accuracy: 0.9880 - auc: 0.9992 - recall: 0.9948 - precision: 0.9816 - val_loss: 0.0368 - val_accuracy: 0.9843 - val_auc: 0.9989 - val_recall: 0.9872 - val_precision: 0.9809
Epoch 25/50
539/539 - 3s - loss: 0.0308 - accuracy: 0.9887 - auc: 0.9992 - recall: 0.9947 - precision: 0.9830 - val_loss: 0.0405 - val_accuracy: 0.9875 - val_auc: 0.9986 - val_recall: 0.9989 - val_precision: 0.9760
Epoch 26/50
539/539 - 3s - loss: 0.0312 - accuracy: 0.9879 - auc: 0.9991 - recall: 0.9936 - precision: 0.9825 - val_loss: 0.0320 - val_accuracy: 0.9870 - val_auc: 0.9993 - val_recall: 0.9947 - val_precision: 0.9789
Epoch 27/50
539/539 - 3s - loss: 0.0307 - accuracy: 0.9887 - auc: 0.9992 - recall: 0.9951 - precision: 0.9826 - val_loss: 0.0306 - val_accuracy: 0.9875 - val_auc: 0.9993 - val_recall: 0.9925 - val_precision: 0.9820
Epoch 28/50
539/539 - 3s - loss: 0.0297 - accuracy: 0.9896 - auc: 0.9992 - recall: 0.9951 - precision: 0.9842 - val_loss: 0.0379 - val_accuracy: 0.9849 - val_auc: 0.9990 - val_recall: 0.9850 - val_precision: 0.9840
Epoch 29/50
539/539 - 3s - loss: 0.0297 - accuracy: 0.9893 - auc: 0.9992 - recall: 0.9951 - precision: 0.9838 - val_loss: 0.0335 - val_accuracy: 0.9870 - val_auc: 0.9986 - val_recall: 0.9925 - val_precision: 0.9810
Epoch 30/50
539/539 - 3s - loss: 0.0293 - accuracy: 0.9896 - auc: 0.9992 - recall: 0.9954 - precision: 0.9841 - val_loss: 0.0283 - val_accuracy: 0.9885 - val_auc: 0.9994 - val_recall: 0.9947 - val_precision: 0.9820
Epoch 31/50
539/539 - 3s - loss: 0.0285 - accuracy: 0.9896 - auc: 0.9992 - recall: 0.9955 - precision: 0.9839 - val_loss: 0.0305 - val_accuracy: 0.9864 - val_auc: 0.9992 - val_recall: 0.9904 - val_precision: 0.9820
Epoch 32/50
539/539 - 3s - loss: 0.0280 - accuracy: 0.9893 - auc: 0.9994 - recall: 0.9943 - precision: 0.9844 - val_loss: 0.0258 - val_accuracy: 0.9890 - val_auc: 0.9996 - val_recall: 0.9936 - val_precision: 0.9841
Epoch 33/50
539/539 - 3s - loss: 0.0269 - accuracy: 0.9899 - auc: 0.9994 - recall: 0.9956 - precision: 0.9844 - val_loss: 0.0288 - val_accuracy: 0.9890 - val_auc: 0.9993 - val_recall: 0.9925 - val_precision: 0.9851
Epoch 34/50
539/539 - 3s - loss: 0.0270 - accuracy: 0.9902 - auc: 0.9993 - recall: 0.9957 - precision: 0.9849 - val_loss: 0.0347 - val_accuracy: 0.9870 - val_auc: 0.9994 - val_recall: 0.9872 - val_precision: 0.9861
Epoch 35/50
539/539 - 3s - loss: 0.0273 - accuracy: 0.9903 - auc: 0.9993 - recall: 0.9961 - precision: 0.9847 - val_loss: 0.0269 - val_accuracy: 0.9880 - val_auc: 0.9995 - val_recall: 0.9925 - val_precision: 0.9831
Epoch 36/50
539/539 - 3s - loss: 0.0279 - accuracy: 0.9894 - auc: 0.9993 - recall: 0.9951 - precision: 0.9840 - val_loss: 0.0284 - val_accuracy: 0.9911 - val_auc: 0.9994 - val_recall: 0.9989 - val_precision: 0.9832
Epoch 37/50
539/539 - 3s - loss: 0.0264 - accuracy: 0.9906 - auc: 0.9994 - recall: 0.9955 - precision: 0.9859 - val_loss: 0.0348 - val_accuracy: 0.9875 - val_auc: 0.9992 - val_recall: 0.9850 - val_precision: 0.9893
Epoch 38/50
539/539 - 3s - loss: 0.0271 - accuracy: 0.9903 - auc: 0.9993 - recall: 0.9951 - precision: 0.9856 - val_loss: 0.0228 - val_accuracy: 0.9901 - val_auc: 0.9997 - val_recall: 1.0000 - val_precision: 0.9801
Epoch 39/50
539/539 - 3s - loss: 0.0263 - accuracy: 0.9890 - auc: 0.9994 - recall: 0.9946 - precision: 0.9837 - val_loss: 0.0238 - val_accuracy: 0.9916 - val_auc: 0.9995 - val_recall: 0.9989 - val_precision: 0.9842
Epoch 40/50
539/539 - 3s - loss: 0.0243 - accuracy: 0.9914 - auc: 0.9995 - recall: 0.9968 - precision: 0.9861 - val_loss: 0.0262 - val_accuracy: 0.9906 - val_auc: 0.9995 - val_recall: 0.9957 - val_precision: 0.9852
Epoch 41/50
539/539 - 3s - loss: 0.0258 - accuracy: 0.9897 - auc: 0.9995 - recall: 0.9953 - precision: 0.9843 - val_loss: 0.0302 - val_accuracy: 0.9880 - val_auc: 0.9994 - val_recall: 0.9904 - val_precision: 0.9851
Epoch 42/50
539/539 - 3s - loss: 0.0251 - accuracy: 0.9907 - auc: 0.9994 - recall: 0.9964 - precision: 0.9851 - val_loss: 0.0248 - val_accuracy: 0.9896 - val_auc: 0.9995 - val_recall: 0.9925 - val_precision: 0.9862
Epoch 43/50
539/539 - 3s - loss: 0.0252 - accuracy: 0.9908 - auc: 0.9993 - recall: 0.9963 - precision: 0.9856 - val_loss: 0.0235 - val_accuracy: 0.9880 - val_auc: 0.9997 - val_recall: 0.9925 - val_precision: 0.9831
Epoch 44/50
539/539 - 3s - loss: 0.0255 - accuracy: 0.9904 - auc: 0.9994 - recall: 0.9954 - precision: 0.9857 - val_loss: 0.0248 - val_accuracy: 0.9890 - val_auc: 0.9996 - val_recall: 0.9882 - val_precision: 0.9893
Epoch 45/50
539/539 - 3s - loss: 0.0246 - accuracy: 0.9909 - auc: 0.9994 - recall: 0.9962 - precision: 0.9858 - val_loss: 0.0196 - val_accuracy: 0.9937 - val_auc: 0.9998 - val_recall: 0.9947 - val_precision: 0.9925
Epoch 46/50
539/539 - 3s - loss: 0.0240 - accuracy: 0.9910 - auc: 0.9995 - recall: 0.9959 - precision: 0.9862 - val_loss: 0.0204 - val_accuracy: 0.9916 - val_auc: 0.9997 - val_recall: 0.9936 - val_precision: 0.9894
Epoch 47/50
539/539 - 3s - loss: 0.0236 - accuracy: 0.9914 - auc: 0.9994 - recall: 0.9966 - precision: 0.9864 - val_loss: 0.0200 - val_accuracy: 0.9922 - val_auc: 0.9997 - val_recall: 0.9957 - val_precision: 0.9883
Epoch 48/50
539/539 - 3s - loss: 0.0223 - accuracy: 0.9914 - auc: 0.9996 - recall: 0.9964 - precision: 0.9865 - val_loss: 0.0219 - val_accuracy: 0.9937 - val_auc: 0.9996 - val_recall: 0.9979 - val_precision: 0.9894
Epoch 49/50
539/539 - 3s - loss: 0.0222 - accuracy: 0.9917 - auc: 0.9995 - recall: 0.9964 - precision: 0.9872 - val_loss: 0.0265 - val_accuracy: 0.9896 - val_auc: 0.9995 - val_recall: 0.9914 - val_precision: 0.9872
Epoch 50/50
539/539 - 3s - loss: 0.0227 - accuracy: 0.9919 - auc: 0.9994 - recall: 0.9965 - precision: 0.9874 - val_loss: 0.0192 - val_accuracy: 0.9916 - val_auc: 0.9997 - val_recall: 0.9957 - val_precision: 0.9873
WARNING:tensorflow:Layer lstm_2 will not use cuDNN kernel since it doesn't meet the cuDNN kernel criteria. It will use generic GPU kernel as fallback when running on GPU
WARNING:tensorflow:Layer lstm_2 will not use cuDNN kernel since it doesn't meet the cuDNN kernel criteria. It will use generic GPU kernel as fallback when running on GPU
WARNING:tensorflow:Layer lstm_3 will not use cuDNN kernel since it doesn't meet the cuDNN kernel criteria. It will use generic GPU kernel as fallback when running on GPU
WARNING:tensorflow:Layer lstm_3 will not use cuDNN kernel since it doesn't meet the cuDNN kernel criteria. It will use generic GPU kernel as fallback when running on GPU
classifier is generated with time step 1
---------------------------------------------------------------
Measureing ps-detector-attack detector performance on test data
---------------------------------------------------------------
ps-detector-attack  testset_min:-3.045436243980641
ps-detector-attack  testset_max:32.63330682674631
Metrics: 
 {'auc': 0.7535804007675113, 'accuracy': 0.9787384833451452, 'precision': 0.6137931034482759, 'recall': 0.7235772357723578, 'f1': 0.6641791044776119, 'fp': 56, 'tp': 89, 'fn': 34, 'tn': 4054, 'auprc': 0.7173513838405047, 'precision99': 0.9500000000000001, 'recall99': 0.0}
features len is  41
-----------------------------------
Training ps-detector-recon detector
-----------------------------------
ps-detector-recon  dataset_min:-2.4484992515578954
ps-detector-recon  dataset_max:96.22275969699034
the info of dataset, (14410, 1, 41)
shuffle is enabled for training
Early stopping: NO.
Epoch 1/50
406/406 - 3s - loss: 0.3485 - accuracy: 0.8660 - auc_1: 0.8913 - recall_1: 0.9892 - precision_1: 0.7936 - val_loss: 0.3008 - val_accuracy: 0.8765 - val_auc_1: 0.9033 - val_recall_1: 0.9972 - val_precision_1: 0.8031
Epoch 2/50
406/406 - 2s - loss: 0.3004 - accuracy: 0.8772 - auc_1: 0.9013 - recall_1: 0.9958 - precision_1: 0.8048 - val_loss: 0.2985 - val_accuracy: 0.8765 - val_auc_1: 0.9032 - val_recall_1: 0.9972 - val_precision_1: 0.8031
Epoch 3/50
406/406 - 2s - loss: 0.2989 - accuracy: 0.8772 - auc_1: 0.9027 - recall_1: 0.9958 - precision_1: 0.8048 - val_loss: 0.2984 - val_accuracy: 0.8772 - val_auc_1: 0.9034 - val_recall_1: 0.9972 - val_precision_1: 0.8040
Epoch 4/50
406/406 - 2s - loss: 0.2977 - accuracy: 0.8772 - auc_1: 0.9054 - recall_1: 0.9958 - precision_1: 0.8048 - val_loss: 0.2985 - val_accuracy: 0.8765 - val_auc_1: 0.9038 - val_recall_1: 0.9972 - val_precision_1: 0.8031
Epoch 5/50
406/406 - 2s - loss: 0.2976 - accuracy: 0.8772 - auc_1: 0.9044 - recall_1: 0.9958 - precision_1: 0.8048 - val_loss: 0.3018 - val_accuracy: 0.8772 - val_auc_1: 0.9036 - val_recall_1: 0.9972 - val_precision_1: 0.8040
Epoch 6/50
406/406 - 2s - loss: 0.2964 - accuracy: 0.8774 - auc_1: 0.9030 - recall_1: 0.9965 - precision_1: 0.8048 - val_loss: 0.2992 - val_accuracy: 0.8772 - val_auc_1: 0.9035 - val_recall_1: 0.9972 - val_precision_1: 0.8040
Epoch 7/50
406/406 - 2s - loss: 0.2960 - accuracy: 0.8777 - auc_1: 0.9014 - recall_1: 0.9969 - precision_1: 0.8050 - val_loss: 0.2981 - val_accuracy: 0.8765 - val_auc_1: 0.9039 - val_recall_1: 0.9972 - val_precision_1: 0.8031
Epoch 8/50
406/406 - 2s - loss: 0.2958 - accuracy: 0.8779 - auc_1: 0.9017 - recall_1: 0.9972 - precision_1: 0.8052 - val_loss: 0.2970 - val_accuracy: 0.8765 - val_auc_1: 0.9036 - val_recall_1: 0.9972 - val_precision_1: 0.8031
Epoch 9/50
406/406 - 2s - loss: 0.2953 - accuracy: 0.8779 - auc_1: 0.9040 - recall_1: 0.9974 - precision_1: 0.8051 - val_loss: 0.2959 - val_accuracy: 0.8772 - val_auc_1: 0.9036 - val_recall_1: 0.9972 - val_precision_1: 0.8040
Epoch 10/50
406/406 - 2s - loss: 0.2949 - accuracy: 0.8779 - auc_1: 0.9028 - recall_1: 0.9974 - precision_1: 0.8051 - val_loss: 0.2953 - val_accuracy: 0.8772 - val_auc_1: 0.9039 - val_recall_1: 0.9972 - val_precision_1: 0.8040
Epoch 11/50
406/406 - 2s - loss: 0.2947 - accuracy: 0.8779 - auc_1: 0.9022 - recall_1: 0.9974 - precision_1: 0.8051 - val_loss: 0.2977 - val_accuracy: 0.8772 - val_auc_1: 0.9040 - val_recall_1: 0.9972 - val_precision_1: 0.8040
Epoch 12/50
406/406 - 2s - loss: 0.2940 - accuracy: 0.8780 - auc_1: 0.9029 - recall_1: 0.9974 - precision_1: 0.8052 - val_loss: 0.2980 - val_accuracy: 0.8765 - val_auc_1: 0.9035 - val_recall_1: 0.9972 - val_precision_1: 0.8031
Epoch 13/50
406/406 - 2s - loss: 0.2943 - accuracy: 0.8779 - auc_1: 0.9010 - recall_1: 0.9974 - precision_1: 0.8051 - val_loss: 0.2958 - val_accuracy: 0.8772 - val_auc_1: 0.9039 - val_recall_1: 0.9972 - val_precision_1: 0.8040
Epoch 14/50
406/406 - 2s - loss: 0.2930 - accuracy: 0.8779 - auc_1: 0.9046 - recall_1: 0.9974 - precision_1: 0.8051 - val_loss: 0.2985 - val_accuracy: 0.8772 - val_auc_1: 0.9034 - val_recall_1: 0.9972 - val_precision_1: 0.8040
Epoch 15/50
406/406 - 2s - loss: 0.2933 - accuracy: 0.8780 - auc_1: 0.9039 - recall_1: 0.9974 - precision_1: 0.8052 - val_loss: 0.2989 - val_accuracy: 0.8772 - val_auc_1: 0.9039 - val_recall_1: 0.9972 - val_precision_1: 0.8040
Epoch 16/50
406/406 - 2s - loss: 0.2935 - accuracy: 0.8779 - auc_1: 0.9029 - recall_1: 0.9974 - precision_1: 0.8051 - val_loss: 0.2957 - val_accuracy: 0.8765 - val_auc_1: 0.9039 - val_recall_1: 0.9972 - val_precision_1: 0.8031
Epoch 17/50
406/406 - 2s - loss: 0.2934 - accuracy: 0.8779 - auc_1: 0.9016 - recall_1: 0.9974 - precision_1: 0.8051 - val_loss: 0.2952 - val_accuracy: 0.8772 - val_auc_1: 0.9039 - val_recall_1: 0.9972 - val_precision_1: 0.8040
Epoch 18/50
406/406 - 2s - loss: 0.2928 - accuracy: 0.8779 - auc_1: 0.9048 - recall_1: 0.9974 - precision_1: 0.8050 - val_loss: 0.2972 - val_accuracy: 0.8765 - val_auc_1: 0.9039 - val_recall_1: 0.9972 - val_precision_1: 0.8031
Epoch 19/50
406/406 - 2s - loss: 0.2925 - accuracy: 0.8779 - auc_1: 0.9048 - recall_1: 0.9974 - precision_1: 0.8050 - val_loss: 0.2951 - val_accuracy: 0.8772 - val_auc_1: 0.9036 - val_recall_1: 0.9972 - val_precision_1: 0.8040
Epoch 20/50
406/406 - 2s - loss: 0.2928 - accuracy: 0.8779 - auc_1: 0.9031 - recall_1: 0.9974 - precision_1: 0.8051 - val_loss: 0.2977 - val_accuracy: 0.8772 - val_auc_1: 0.9036 - val_recall_1: 0.9972 - val_precision_1: 0.8040
Epoch 21/50
406/406 - 2s - loss: 0.2917 - accuracy: 0.8779 - auc_1: 0.9035 - recall_1: 0.9974 - precision_1: 0.8051 - val_loss: 0.2950 - val_accuracy: 0.8772 - val_auc_1: 0.9039 - val_recall_1: 0.9972 - val_precision_1: 0.8040
Epoch 22/50
406/406 - 2s - loss: 0.2921 - accuracy: 0.8779 - auc_1: 0.9033 - recall_1: 0.9974 - precision_1: 0.8051 - val_loss: 0.2962 - val_accuracy: 0.8772 - val_auc_1: 0.9039 - val_recall_1: 0.9972 - val_precision_1: 0.8040
Epoch 23/50
406/406 - 2s - loss: 0.2930 - accuracy: 0.8779 - auc_1: 0.9038 - recall_1: 0.9974 - precision_1: 0.8050 - val_loss: 0.2947 - val_accuracy: 0.8772 - val_auc_1: 0.9036 - val_recall_1: 0.9972 - val_precision_1: 0.8040
Epoch 24/50
406/406 - 2s - loss: 0.2921 - accuracy: 0.8778 - auc_1: 0.9028 - recall_1: 0.9972 - precision_1: 0.8050 - val_loss: 0.2946 - val_accuracy: 0.8772 - val_auc_1: 0.9036 - val_recall_1: 0.9972 - val_precision_1: 0.8040
Epoch 25/50
406/406 - 2s - loss: 0.2926 - accuracy: 0.8779 - auc_1: 0.9032 - recall_1: 0.9974 - precision_1: 0.8051 - val_loss: 0.2952 - val_accuracy: 0.8772 - val_auc_1: 0.9039 - val_recall_1: 0.9972 - val_precision_1: 0.8040
Epoch 26/50
406/406 - 2s - loss: 0.2915 - accuracy: 0.8780 - auc_1: 0.9051 - recall_1: 0.9974 - precision_1: 0.8052 - val_loss: 0.2969 - val_accuracy: 0.8772 - val_auc_1: 0.9036 - val_recall_1: 0.9972 - val_precision_1: 0.8040
Epoch 27/50
406/406 - 2s - loss: 0.2913 - accuracy: 0.8779 - auc_1: 0.9034 - recall_1: 0.9974 - precision_1: 0.8051 - val_loss: 0.2938 - val_accuracy: 0.8772 - val_auc_1: 0.9036 - val_recall_1: 0.9972 - val_precision_1: 0.8040
Epoch 28/50
406/406 - 2s - loss: 0.2914 - accuracy: 0.8781 - auc_1: 0.9050 - recall_1: 0.9974 - precision_1: 0.8053 - val_loss: 0.2927 - val_accuracy: 0.8772 - val_auc_1: 0.9036 - val_recall_1: 0.9972 - val_precision_1: 0.8040
Epoch 29/50
406/406 - 2s - loss: 0.2913 - accuracy: 0.8781 - auc_1: 0.9051 - recall_1: 0.9974 - precision_1: 0.8053 - val_loss: 0.2940 - val_accuracy: 0.8772 - val_auc_1: 0.9036 - val_recall_1: 0.9972 - val_precision_1: 0.8040
Epoch 30/50
406/406 - 2s - loss: 0.2911 - accuracy: 0.8781 - auc_1: 0.9059 - recall_1: 0.9974 - precision_1: 0.8053 - val_loss: 0.2950 - val_accuracy: 0.8772 - val_auc_1: 0.9036 - val_recall_1: 0.9972 - val_precision_1: 0.8040
Epoch 31/50
406/406 - 2s - loss: 0.2911 - accuracy: 0.8782 - auc_1: 0.9033 - recall_1: 0.9974 - precision_1: 0.8054 - val_loss: 0.2957 - val_accuracy: 0.8772 - val_auc_1: 0.9036 - val_recall_1: 0.9972 - val_precision_1: 0.8040
Epoch 32/50
406/406 - 2s - loss: 0.2913 - accuracy: 0.8780 - auc_1: 0.9051 - recall_1: 0.9974 - precision_1: 0.8052 - val_loss: 0.2940 - val_accuracy: 0.8772 - val_auc_1: 0.9036 - val_recall_1: 0.9972 - val_precision_1: 0.8040
Epoch 33/50
406/406 - 2s - loss: 0.2905 - accuracy: 0.8780 - auc_1: 0.9051 - recall_1: 0.9974 - precision_1: 0.8052 - val_loss: 0.2940 - val_accuracy: 0.8772 - val_auc_1: 0.9036 - val_recall_1: 0.9972 - val_precision_1: 0.8040
Epoch 34/50
406/406 - 2s - loss: 0.2908 - accuracy: 0.8779 - auc_1: 0.9057 - recall_1: 0.9974 - precision_1: 0.8051 - val_loss: 0.2989 - val_accuracy: 0.8772 - val_auc_1: 0.9037 - val_recall_1: 0.9972 - val_precision_1: 0.8040
Epoch 35/50
406/406 - 2s - loss: 0.2909 - accuracy: 0.8782 - auc_1: 0.9026 - recall_1: 0.9974 - precision_1: 0.8055 - val_loss: 0.2933 - val_accuracy: 0.8772 - val_auc_1: 0.9036 - val_recall_1: 0.9972 - val_precision_1: 0.8040
Epoch 36/50
406/406 - 2s - loss: 0.2914 - accuracy: 0.8779 - auc_1: 0.9048 - recall_1: 0.9974 - precision_1: 0.8051 - val_loss: 0.2940 - val_accuracy: 0.8772 - val_auc_1: 0.9036 - val_recall_1: 0.9972 - val_precision_1: 0.8040
Epoch 37/50
406/406 - 2s - loss: 0.2914 - accuracy: 0.8780 - auc_1: 0.9034 - recall_1: 0.9974 - precision_1: 0.8052 - val_loss: 0.2936 - val_accuracy: 0.8772 - val_auc_1: 0.9040 - val_recall_1: 0.9972 - val_precision_1: 0.8040
Epoch 38/50
406/406 - 2s - loss: 0.2911 - accuracy: 0.8779 - auc_1: 0.9036 - recall_1: 0.9974 - precision_1: 0.8051 - val_loss: 0.2936 - val_accuracy: 0.8772 - val_auc_1: 0.9033 - val_recall_1: 0.9972 - val_precision_1: 0.8040
Epoch 39/50
406/406 - 2s - loss: 0.2908 - accuracy: 0.8779 - auc_1: 0.9026 - recall_1: 0.9974 - precision_1: 0.8051 - val_loss: 0.2929 - val_accuracy: 0.8772 - val_auc_1: 0.9042 - val_recall_1: 0.9972 - val_precision_1: 0.8040
Epoch 40/50
406/406 - 2s - loss: 0.2904 - accuracy: 0.8782 - auc_1: 0.9062 - recall_1: 0.9974 - precision_1: 0.8054 - val_loss: 0.2947 - val_accuracy: 0.8772 - val_auc_1: 0.9036 - val_recall_1: 0.9972 - val_precision_1: 0.8040
Epoch 41/50
406/406 - 2s - loss: 0.2907 - accuracy: 0.8780 - auc_1: 0.9034 - recall_1: 0.9974 - precision_1: 0.8052 - val_loss: 0.2927 - val_accuracy: 0.8772 - val_auc_1: 0.9036 - val_recall_1: 0.9972 - val_precision_1: 0.8040
Epoch 42/50
406/406 - 2s - loss: 0.2897 - accuracy: 0.8781 - auc_1: 0.9074 - recall_1: 0.9974 - precision_1: 0.8053 - val_loss: 0.2942 - val_accuracy: 0.8772 - val_auc_1: 0.9042 - val_recall_1: 0.9972 - val_precision_1: 0.8040
Epoch 43/50
406/406 - 2s - loss: 0.2903 - accuracy: 0.8780 - auc_1: 0.9034 - recall_1: 0.9974 - precision_1: 0.8052 - val_loss: 0.2924 - val_accuracy: 0.8772 - val_auc_1: 0.9042 - val_recall_1: 0.9972 - val_precision_1: 0.8040
Epoch 44/50
406/406 - 2s - loss: 0.2909 - accuracy: 0.8782 - auc_1: 0.9054 - recall_1: 0.9974 - precision_1: 0.8054 - val_loss: 0.2930 - val_accuracy: 0.8772 - val_auc_1: 0.9036 - val_recall_1: 0.9972 - val_precision_1: 0.8040
Epoch 45/50
406/406 - 2s - loss: 0.2901 - accuracy: 0.8780 - auc_1: 0.9026 - recall_1: 0.9974 - precision_1: 0.8052 - val_loss: 0.2968 - val_accuracy: 0.8806 - val_auc_1: 0.9033 - val_recall_1: 0.9972 - val_precision_1: 0.8086
Epoch 46/50
406/406 - 2s - loss: 0.2911 - accuracy: 0.8782 - auc_1: 0.9034 - recall_1: 0.9974 - precision_1: 0.8054 - val_loss: 0.2940 - val_accuracy: 0.8765 - val_auc_1: 0.9039 - val_recall_1: 0.9972 - val_precision_1: 0.8031
Epoch 47/50
406/406 - 2s - loss: 0.2900 - accuracy: 0.8780 - auc_1: 0.9015 - recall_1: 0.9975 - precision_1: 0.8051 - val_loss: 0.2924 - val_accuracy: 0.8772 - val_auc_1: 0.9045 - val_recall_1: 0.9972 - val_precision_1: 0.8040
Epoch 48/50
406/406 - 2s - loss: 0.2907 - accuracy: 0.8780 - auc_1: 0.9046 - recall_1: 0.9974 - precision_1: 0.8052 - val_loss: 0.2941 - val_accuracy: 0.8772 - val_auc_1: 0.9042 - val_recall_1: 0.9972 - val_precision_1: 0.8040
Epoch 49/50
406/406 - 2s - loss: 0.2893 - accuracy: 0.8785 - auc_1: 0.9039 - recall_1: 0.9974 - precision_1: 0.8058 - val_loss: 0.2899 - val_accuracy: 0.8772 - val_auc_1: 0.9042 - val_recall_1: 0.9972 - val_precision_1: 0.8040
Epoch 50/50
406/406 - 2s - loss: 0.2895 - accuracy: 0.8784 - auc_1: 0.9024 - recall_1: 0.9974 - precision_1: 0.8057 - val_loss: 0.2906 - val_accuracy: 0.8772 - val_auc_1: 0.9036 - val_recall_1: 0.9972 - val_precision_1: 0.8040
WARNING:tensorflow:Layer lstm_4 will not use cuDNN kernel since it doesn't meet the cuDNN kernel criteria. It will use generic GPU kernel as fallback when running on GPU
WARNING:tensorflow:Layer lstm_4 will not use cuDNN kernel since it doesn't meet the cuDNN kernel criteria. It will use generic GPU kernel as fallback when running on GPU
WARNING:tensorflow:Layer lstm_5 will not use cuDNN kernel since it doesn't meet the cuDNN kernel criteria. It will use generic GPU kernel as fallback when running on GPU
WARNING:tensorflow:Layer lstm_5 will not use cuDNN kernel since it doesn't meet the cuDNN kernel criteria. It will use generic GPU kernel as fallback when running on GPU
classifier is generated with time step 1
--------------------------------------------------------------
Measureing ps-detector-recon detector performance on test data
--------------------------------------------------------------
ps-detector-recon  testset_min:-2.4484992496151756
ps-detector-recon  testset_max:28.32679285519669
Metrics: 
 {'auc': 0.9203812075978377, 'accuracy': 0.9593668792818332, 'precision': 0.9506670803599131, 'recall': 0.9957751056223595, 'f1': 0.9726984126984127, 'fp': 159, 'tp': 3064, 'fn': 13, 'tn': 997, 'auprc': 0.902911045963811, 'precision99': 0.75, 'recall99': 0.01}
features len is  41
-----------------------------------
Training ps-detector-infec detector
-----------------------------------
ps-detector-infec  dataset_min:-2.3799714775110803
ps-detector-infec  dataset_max:140.77286670370265
the info of dataset, (19818, 1, 41)
shuffle is enabled for training
Early stopping: NO.
Epoch 1/50
558/558 - 4s - loss: 0.3813 - accuracy: 0.8533 - auc_2: 0.8954 - recall_2: 0.8027 - precision_2: 0.8933 - val_loss: 0.3104 - val_accuracy: 0.8890 - val_auc_2: 0.9228 - val_recall_2: 0.8179 - val_precision_2: 0.9515
Epoch 2/50
558/558 - 3s - loss: 0.3001 - accuracy: 0.8860 - auc_2: 0.9254 - recall_2: 0.8199 - precision_2: 0.9451 - val_loss: 0.2874 - val_accuracy: 0.8935 - val_auc_2: 0.9283 - val_recall_2: 0.8179 - val_precision_2: 0.9617
Epoch 3/50
558/558 - 3s - loss: 0.2833 - accuracy: 0.8922 - auc_2: 0.9302 - recall_2: 0.8222 - precision_2: 0.9562 - val_loss: 0.2727 - val_accuracy: 0.8961 - val_auc_2: 0.9326 - val_recall_2: 0.8240 - val_precision_2: 0.9609
Epoch 4/50
558/558 - 3s - loss: 0.2790 - accuracy: 0.8927 - auc_2: 0.9325 - recall_2: 0.8218 - precision_2: 0.9579 - val_loss: 0.2715 - val_accuracy: 0.8940 - val_auc_2: 0.9314 - val_recall_2: 0.8260 - val_precision_2: 0.9542
Epoch 5/50
558/558 - 3s - loss: 0.2736 - accuracy: 0.8945 - auc_2: 0.9324 - recall_2: 0.8222 - precision_2: 0.9615 - val_loss: 0.2714 - val_accuracy: 0.8956 - val_auc_2: 0.9329 - val_recall_2: 0.8260 - val_precision_2: 0.9575
Epoch 6/50
558/558 - 3s - loss: 0.2701 - accuracy: 0.8958 - auc_2: 0.9363 - recall_2: 0.8233 - precision_2: 0.9632 - val_loss: 0.2662 - val_accuracy: 0.8981 - val_auc_2: 0.9329 - val_recall_2: 0.8260 - val_precision_2: 0.9632
Epoch 7/50
558/558 - 3s - loss: 0.2671 - accuracy: 0.8967 - auc_2: 0.9358 - recall_2: 0.8232 - precision_2: 0.9653 - val_loss: 0.2632 - val_accuracy: 0.9026 - val_auc_2: 0.9344 - val_recall_2: 0.8230 - val_precision_2: 0.9771
Epoch 8/50
558/558 - 3s - loss: 0.2671 - accuracy: 0.8977 - auc_2: 0.9340 - recall_2: 0.8240 - precision_2: 0.9667 - val_loss: 0.2606 - val_accuracy: 0.8981 - val_auc_2: 0.9345 - val_recall_2: 0.8260 - val_precision_2: 0.9632
Epoch 9/50
558/558 - 3s - loss: 0.2640 - accuracy: 0.8973 - auc_2: 0.9348 - recall_2: 0.8225 - precision_2: 0.9675 - val_loss: 0.2642 - val_accuracy: 0.8961 - val_auc_2: 0.9344 - val_recall_2: 0.8230 - val_precision_2: 0.9620
Epoch 10/50
558/558 - 3s - loss: 0.2626 - accuracy: 0.8982 - auc_2: 0.9359 - recall_2: 0.8237 - precision_2: 0.9683 - val_loss: 0.2595 - val_accuracy: 0.8991 - val_auc_2: 0.9347 - val_recall_2: 0.8260 - val_precision_2: 0.9655
Epoch 11/50
558/558 - 3s - loss: 0.2623 - accuracy: 0.8989 - auc_2: 0.9348 - recall_2: 0.8240 - precision_2: 0.9694 - val_loss: 0.2593 - val_accuracy: 0.9006 - val_auc_2: 0.9356 - val_recall_2: 0.8260 - val_precision_2: 0.9690
Epoch 12/50
558/558 - 3s - loss: 0.2595 - accuracy: 0.8997 - auc_2: 0.9375 - recall_2: 0.8248 - precision_2: 0.9703 - val_loss: 0.2765 - val_accuracy: 0.8971 - val_auc_2: 0.9302 - val_recall_2: 0.8260 - val_precision_2: 0.9609
Epoch 13/50
558/558 - 3s - loss: 0.2598 - accuracy: 0.8997 - auc_2: 0.9368 - recall_2: 0.8244 - precision_2: 0.9707 - val_loss: 0.2655 - val_accuracy: 0.8961 - val_auc_2: 0.9339 - val_recall_2: 0.8250 - val_precision_2: 0.9598
Epoch 14/50
558/558 - 3s - loss: 0.2575 - accuracy: 0.9004 - auc_2: 0.9375 - recall_2: 0.8249 - precision_2: 0.9718 - val_loss: 0.2606 - val_accuracy: 0.9006 - val_auc_2: 0.9358 - val_recall_2: 0.8260 - val_precision_2: 0.9690
Epoch 15/50
558/558 - 3s - loss: 0.2568 - accuracy: 0.9009 - auc_2: 0.9364 - recall_2: 0.8256 - precision_2: 0.9723 - val_loss: 0.2568 - val_accuracy: 0.9021 - val_auc_2: 0.9352 - val_recall_2: 0.8260 - val_precision_2: 0.9725
Epoch 16/50
558/558 - 3s - loss: 0.2551 - accuracy: 0.9010 - auc_2: 0.9381 - recall_2: 0.8252 - precision_2: 0.9729 - val_loss: 0.2561 - val_accuracy: 0.8996 - val_auc_2: 0.9365 - val_recall_2: 0.8169 - val_precision_2: 0.9769
Epoch 17/50
558/558 - 3s - loss: 0.2539 - accuracy: 0.9017 - auc_2: 0.9366 - recall_2: 0.8252 - precision_2: 0.9743 - val_loss: 0.2849 - val_accuracy: 0.8829 - val_auc_2: 0.9275 - val_recall_2: 0.7833 - val_precision_2: 0.9759
Epoch 18/50
558/558 - 3s - loss: 0.2543 - accuracy: 0.9013 - auc_2: 0.9377 - recall_2: 0.8252 - precision_2: 0.9734 - val_loss: 0.2522 - val_accuracy: 0.9031 - val_auc_2: 0.9372 - val_recall_2: 0.8260 - val_precision_2: 0.9748
Epoch 19/50
558/558 - 3s - loss: 0.2521 - accuracy: 0.9019 - auc_2: 0.9391 - recall_2: 0.8253 - precision_2: 0.9749 - val_loss: 0.2676 - val_accuracy: 0.9001 - val_auc_2: 0.9344 - val_recall_2: 0.8189 - val_precision_2: 0.9758
Epoch 20/50
558/558 - 3s - loss: 0.2544 - accuracy: 0.9017 - auc_2: 0.9367 - recall_2: 0.8250 - precision_2: 0.9747 - val_loss: 0.2579 - val_accuracy: 0.9021 - val_auc_2: 0.9357 - val_recall_2: 0.8250 - val_precision_2: 0.9736
Epoch 21/50
558/558 - 3s - loss: 0.2504 - accuracy: 0.9022 - auc_2: 0.9387 - recall_2: 0.8250 - precision_2: 0.9759 - val_loss: 0.2534 - val_accuracy: 0.9057 - val_auc_2: 0.9367 - val_recall_2: 0.8240 - val_precision_2: 0.9830
Epoch 22/50
558/558 - 3s - loss: 0.2495 - accuracy: 0.9025 - auc_2: 0.9395 - recall_2: 0.8249 - precision_2: 0.9767 - val_loss: 0.2496 - val_accuracy: 0.9057 - val_auc_2: 0.9371 - val_recall_2: 0.8260 - val_precision_2: 0.9807
Epoch 23/50
558/558 - 3s - loss: 0.2502 - accuracy: 0.9025 - auc_2: 0.9379 - recall_2: 0.8256 - precision_2: 0.9759 - val_loss: 0.2590 - val_accuracy: 0.9031 - val_auc_2: 0.9360 - val_recall_2: 0.8260 - val_precision_2: 0.9748
Epoch 24/50
558/558 - 3s - loss: 0.2493 - accuracy: 0.9031 - auc_2: 0.9393 - recall_2: 0.8256 - precision_2: 0.9772 - val_loss: 0.2540 - val_accuracy: 0.9021 - val_auc_2: 0.9347 - val_recall_2: 0.8260 - val_precision_2: 0.9725
Epoch 25/50
558/558 - 3s - loss: 0.2491 - accuracy: 0.9031 - auc_2: 0.9399 - recall_2: 0.8256 - precision_2: 0.9772 - val_loss: 0.2507 - val_accuracy: 0.9051 - val_auc_2: 0.9380 - val_recall_2: 0.8240 - val_precision_2: 0.9818
Epoch 26/50
558/558 - 3s - loss: 0.2494 - accuracy: 0.9031 - auc_2: 0.9389 - recall_2: 0.8257 - precision_2: 0.9771 - val_loss: 0.2522 - val_accuracy: 0.9031 - val_auc_2: 0.9373 - val_recall_2: 0.8260 - val_precision_2: 0.9748
Epoch 27/50
558/558 - 3s - loss: 0.2466 - accuracy: 0.9041 - auc_2: 0.9403 - recall_2: 0.8259 - precision_2: 0.9793 - val_loss: 0.2528 - val_accuracy: 0.9046 - val_auc_2: 0.9374 - val_recall_2: 0.8250 - val_precision_2: 0.9795
Epoch 28/50
558/558 - 3s - loss: 0.2464 - accuracy: 0.9046 - auc_2: 0.9406 - recall_2: 0.8268 - precision_2: 0.9793 - val_loss: 0.2594 - val_accuracy: 0.9026 - val_auc_2: 0.9376 - val_recall_2: 0.8210 - val_precision_2: 0.9794
Epoch 29/50
558/558 - 3s - loss: 0.2456 - accuracy: 0.9046 - auc_2: 0.9398 - recall_2: 0.8268 - precision_2: 0.9794 - val_loss: 0.2523 - val_accuracy: 0.9036 - val_auc_2: 0.9374 - val_recall_2: 0.8240 - val_precision_2: 0.9783
Epoch 30/50
558/558 - 3s - loss: 0.2454 - accuracy: 0.9042 - auc_2: 0.9393 - recall_2: 0.8261 - precision_2: 0.9793 - val_loss: 0.2475 - val_accuracy: 0.9051 - val_auc_2: 0.9381 - val_recall_2: 0.8260 - val_precision_2: 0.9795
Epoch 31/50
558/558 - 3s - loss: 0.2472 - accuracy: 0.9041 - auc_2: 0.9385 - recall_2: 0.8270 - precision_2: 0.9780 - val_loss: 0.2497 - val_accuracy: 0.9051 - val_auc_2: 0.9386 - val_recall_2: 0.8250 - val_precision_2: 0.9807
Epoch 32/50
558/558 - 3s - loss: 0.2457 - accuracy: 0.9041 - auc_2: 0.9405 - recall_2: 0.8262 - precision_2: 0.9788 - val_loss: 0.2507 - val_accuracy: 0.9041 - val_auc_2: 0.9375 - val_recall_2: 0.8250 - val_precision_2: 0.9783
Epoch 33/50
558/558 - 3s - loss: 0.2461 - accuracy: 0.9045 - auc_2: 0.9383 - recall_2: 0.8267 - precision_2: 0.9793 - val_loss: 0.2468 - val_accuracy: 0.9067 - val_auc_2: 0.9379 - val_recall_2: 0.8260 - val_precision_2: 0.9831
Epoch 34/50
558/558 - 3s - loss: 0.2451 - accuracy: 0.9041 - auc_2: 0.9408 - recall_2: 0.8263 - precision_2: 0.9788 - val_loss: 0.2519 - val_accuracy: 0.9021 - val_auc_2: 0.9373 - val_recall_2: 0.8260 - val_precision_2: 0.9725
Epoch 35/50
558/558 - 3s - loss: 0.2458 - accuracy: 0.9035 - auc_2: 0.9408 - recall_2: 0.8257 - precision_2: 0.9781 - val_loss: 0.2439 - val_accuracy: 0.9072 - val_auc_2: 0.9386 - val_recall_2: 0.8250 - val_precision_2: 0.9854
Epoch 36/50
558/558 - 3s - loss: 0.2445 - accuracy: 0.9040 - auc_2: 0.9403 - recall_2: 0.8258 - precision_2: 0.9791 - val_loss: 0.2506 - val_accuracy: 0.9062 - val_auc_2: 0.9373 - val_recall_2: 0.8260 - val_precision_2: 0.9819
Epoch 37/50
558/558 - 3s - loss: 0.2494 - accuracy: 0.9041 - auc_2: 0.9390 - recall_2: 0.8271 - precision_2: 0.9779 - val_loss: 0.2472 - val_accuracy: 0.9072 - val_auc_2: 0.9379 - val_recall_2: 0.8260 - val_precision_2: 0.9842
Epoch 38/50
558/558 - 3s - loss: 0.2440 - accuracy: 0.9053 - auc_2: 0.9405 - recall_2: 0.8275 - precision_2: 0.9802 - val_loss: 0.2564 - val_accuracy: 0.9051 - val_auc_2: 0.9384 - val_recall_2: 0.8260 - val_precision_2: 0.9795
Epoch 39/50
558/558 - 3s - loss: 0.2451 - accuracy: 0.9043 - auc_2: 0.9385 - recall_2: 0.8265 - precision_2: 0.9790 - val_loss: 0.2573 - val_accuracy: 0.9041 - val_auc_2: 0.9361 - val_recall_2: 0.8250 - val_precision_2: 0.9783
Epoch 40/50
558/558 - 3s - loss: 0.2463 - accuracy: 0.9046 - auc_2: 0.9397 - recall_2: 0.8268 - precision_2: 0.9794 - val_loss: 0.2491 - val_accuracy: 0.9051 - val_auc_2: 0.9379 - val_recall_2: 0.8250 - val_precision_2: 0.9807
Epoch 41/50
558/558 - 3s - loss: 0.2421 - accuracy: 0.9046 - auc_2: 0.9413 - recall_2: 0.8276 - precision_2: 0.9784 - val_loss: 0.2483 - val_accuracy: 0.9072 - val_auc_2: 0.9384 - val_recall_2: 0.8260 - val_precision_2: 0.9842
Epoch 42/50
558/558 - 3s - loss: 0.2428 - accuracy: 0.9042 - auc_2: 0.9416 - recall_2: 0.8255 - precision_2: 0.9800 - val_loss: 0.2497 - val_accuracy: 0.9051 - val_auc_2: 0.9380 - val_recall_2: 0.8260 - val_precision_2: 0.9795
Epoch 43/50
558/558 - 3s - loss: 0.2416 - accuracy: 0.9055 - auc_2: 0.9409 - recall_2: 0.8270 - precision_2: 0.9811 - val_loss: 0.2449 - val_accuracy: 0.9062 - val_auc_2: 0.9389 - val_recall_2: 0.8250 - val_precision_2: 0.9830
Epoch 44/50
558/558 - 3s - loss: 0.2422 - accuracy: 0.9054 - auc_2: 0.9412 - recall_2: 0.8266 - precision_2: 0.9814 - val_loss: 0.2680 - val_accuracy: 0.9036 - val_auc_2: 0.9330 - val_recall_2: 0.8260 - val_precision_2: 0.9760
Epoch 45/50
558/558 - 3s - loss: 0.2427 - accuracy: 0.9058 - auc_2: 0.9397 - recall_2: 0.8278 - precision_2: 0.9809 - val_loss: 0.2494 - val_accuracy: 0.9067 - val_auc_2: 0.9380 - val_recall_2: 0.8260 - val_precision_2: 0.9831
Epoch 46/50
558/558 - 3s - loss: 0.2412 - accuracy: 0.9058 - auc_2: 0.9411 - recall_2: 0.8272 - precision_2: 0.9815 - val_loss: 0.2430 - val_accuracy: 0.9092 - val_auc_2: 0.9397 - val_recall_2: 0.8260 - val_precision_2: 0.9890
Epoch 47/50
558/558 - 3s - loss: 0.2421 - accuracy: 0.9052 - auc_2: 0.9388 - recall_2: 0.8262 - precision_2: 0.9814 - val_loss: 0.2399 - val_accuracy: 0.9082 - val_auc_2: 0.9400 - val_recall_2: 0.8260 - val_precision_2: 0.9866
Epoch 48/50
558/558 - 3s - loss: 0.2398 - accuracy: 0.9055 - auc_2: 0.9395 - recall_2: 0.8272 - precision_2: 0.9810 - val_loss: 0.2419 - val_accuracy: 0.9087 - val_auc_2: 0.9391 - val_recall_2: 0.8260 - val_precision_2: 0.9878
Epoch 49/50
558/558 - 3s - loss: 0.2416 - accuracy: 0.9047 - auc_2: 0.9419 - recall_2: 0.8255 - precision_2: 0.9811 - val_loss: 0.2520 - val_accuracy: 0.9051 - val_auc_2: 0.9361 - val_recall_2: 0.8260 - val_precision_2: 0.9795
Epoch 50/50
558/558 - 3s - loss: 0.2405 - accuracy: 0.9056 - auc_2: 0.9424 - recall_2: 0.8271 - precision_2: 0.9813 - val_loss: 0.2536 - val_accuracy: 0.9057 - val_auc_2: 0.9369 - val_recall_2: 0.8260 - val_precision_2: 0.9807
WARNING:tensorflow:Layer lstm_6 will not use cuDNN kernel since it doesn't meet the cuDNN kernel criteria. It will use generic GPU kernel as fallback when running on GPU
WARNING:tensorflow:Layer lstm_6 will not use cuDNN kernel since it doesn't meet the cuDNN kernel criteria. It will use generic GPU kernel as fallback when running on GPU
WARNING:tensorflow:Layer lstm_7 will not use cuDNN kernel since it doesn't meet the cuDNN kernel criteria. It will use generic GPU kernel as fallback when running on GPU
WARNING:tensorflow:Layer lstm_7 will not use cuDNN kernel since it doesn't meet the cuDNN kernel criteria. It will use generic GPU kernel as fallback when running on GPU
classifier is generated with time step 1
--------------------------------------------------------------
Measureing ps-detector-infec detector performance on test data
--------------------------------------------------------------
ps-detector-infec  testset_min:-1.7222021363244926
ps-detector-infec  testset_max:31.46267630066733
Metrics: 
 {'auc': 0.6220712145674193, 'accuracy': 0.9510985116938342, 'precision': 0.7681159420289855, 'recall': 0.5, 'f1': 0.6057142857142858, 'fp': 48, 'tp': 159, 'fn': 159, 'tn': 3867, 'auprc': 0.3888358985922413, 'precision99': 0.73, 'recall99': 0.0}
proportion of infection events tagged by ps-detector-attack detector:  0.03814713896457766
proportion of infection events tagged by ps-detector-recon detector:  0.4824402058734484
proportion of infection events tagged by ps-detector-infec detector:  0.42193965082248464
proportion of events estimated to be benign :  0.0684731052578464
Permute truncated is False
Use prob embedding is False
Permute Truncated is disabled
Model: "model"
__________________________________________________________________________________________________
Layer (type)                    Output Shape         Param #     Connected to                     
==================================================================================================
input_1 (InputLayer)            [(None, 10, 4)]      0                                            
__________________________________________________________________________________________________
lstm_6 (LSTM)                   [(None, 10, 128), (N 68096       input_1[0][0]                    
__________________________________________________________________________________________________
batch_normalization (BatchNorma (None, 128)          512         lstm_6[0][1]                     
__________________________________________________________________________________________________
repeat_vector (RepeatVector)    (None, 10, 128)      0           batch_normalization[0][0]        
__________________________________________________________________________________________________
batch_normalization_1 (BatchNor (None, 128)          512         lstm_6[0][2]                     
__________________________________________________________________________________________________
lstm_7 (LSTM)                   (None, 10, 128)      131584      repeat_vector[0][0]              
                                                                 batch_normalization[0][0]        
                                                                 batch_normalization_1[0][0]      
__________________________________________________________________________________________________
dot (Dot)                       (None, 10, 10)       0           lstm_7[0][0]                     
                                                                 lstm_6[0][0]                     
__________________________________________________________________________________________________
activation (Activation)         (None, 10, 10)       0           dot[0][0]                        
__________________________________________________________________________________________________
dot_1 (Dot)                     (None, 10, 128)      0           activation[0][0]                 
                                                                 lstm_6[0][0]                     
__________________________________________________________________________________________________
batch_normalization_2 (BatchNor (None, 10, 128)      512         dot_1[0][0]                      
__________________________________________________________________________________________________
concatenate (Concatenate)       (None, 10, 256)      0           batch_normalization_2[0][0]      
                                                                 lstm_7[0][0]                     
__________________________________________________________________________________________________
time_distributed (TimeDistribut (None, 10, 1)        257         concatenate[0][0]                
__________________________________________________________________________________________________
activation_1 (Activation)       (None, 10, 1)        0           time_distributed[0][0]           
==================================================================================================
Total params: 201,473
Trainable params: 200,705
Non-trainable params: 768
__________________________________________________________________________________________________
Epoch 1/30
159/159 - 9s - loss: 0.0528 - accuracy: 0.9846 - auc_3: 0.9959 - recall_3: 0.9843 - precision_3: 0.9849 - val_loss: 0.0810 - val_accuracy: 0.9896 - val_auc_3: 0.9985 - val_recall_3: 0.9822 - val_precision_3: 0.9970
Epoch 2/30
159/159 - 6s - loss: 0.0355 - accuracy: 0.9927 - auc_3: 0.9968 - recall_3: 0.9933 - precision_3: 0.9922 - val_loss: 0.0279 - val_accuracy: 0.9943 - val_auc_3: 0.9988 - val_recall_3: 0.9929 - val_precision_3: 0.9957
Epoch 3/30
159/159 - 6s - loss: 0.0313 - accuracy: 0.9933 - auc_3: 0.9973 - recall_3: 0.9932 - precision_3: 0.9933 - val_loss: 0.0465 - val_accuracy: 0.9912 - val_auc_3: 0.9984 - val_recall_3: 0.9848 - val_precision_3: 0.9976
Epoch 4/30
159/159 - 6s - loss: 0.0314 - accuracy: 0.9932 - auc_3: 0.9973 - recall_3: 0.9931 - precision_3: 0.9933 - val_loss: 0.0484 - val_accuracy: 0.9920 - val_auc_3: 0.9988 - val_recall_3: 0.9855 - val_precision_3: 0.9985
Epoch 5/30
159/159 - 6s - loss: 0.0314 - accuracy: 0.9934 - auc_3: 0.9972 - recall_3: 0.9931 - precision_3: 0.9936 - val_loss: 0.0320 - val_accuracy: 0.9938 - val_auc_3: 0.9976 - val_recall_3: 0.9893 - val_precision_3: 0.9984
Epoch 6/30
159/159 - 6s - loss: 0.0287 - accuracy: 0.9934 - auc_3: 0.9978 - recall_3: 0.9931 - precision_3: 0.9938 - val_loss: 0.1156 - val_accuracy: 0.9471 - val_auc_3: 0.9987 - val_recall_3: 0.8955 - val_precision_3: 0.9988
Epoch 7/30
159/159 - 6s - loss: 0.0296 - accuracy: 0.9934 - auc_3: 0.9977 - recall_3: 0.9928 - precision_3: 0.9939 - val_loss: 0.1103 - val_accuracy: 0.9633 - val_auc_3: 0.9985 - val_recall_3: 0.9278 - val_precision_3: 0.9987
Epoch 8/30
159/159 - 6s - loss: 0.0280 - accuracy: 0.9936 - auc_3: 0.9979 - recall_3: 0.9928 - precision_3: 0.9944 - val_loss: 0.0288 - val_accuracy: 0.9939 - val_auc_3: 0.9989 - val_recall_3: 0.9892 - val_precision_3: 0.9985
Epoch 9/30
159/159 - 6s - loss: 0.0297 - accuracy: 0.9936 - auc_3: 0.9976 - recall_3: 0.9928 - precision_3: 0.9943 - val_loss: 0.0357 - val_accuracy: 0.9947 - val_auc_3: 0.9989 - val_recall_3: 0.9910 - val_precision_3: 0.9984
Epoch 10/30
159/159 - 6s - loss: 0.0274 - accuracy: 0.9933 - auc_3: 0.9981 - recall_3: 0.9922 - precision_3: 0.9944 - val_loss: 0.0579 - val_accuracy: 0.9931 - val_auc_3: 0.9989 - val_recall_3: 0.9877 - val_precision_3: 0.9985
Epoch 11/30
159/159 - 6s - loss: 0.0282 - accuracy: 0.9935 - auc_3: 0.9979 - recall_3: 0.9929 - precision_3: 0.9941 - val_loss: 0.5167 - val_accuracy: 0.7882 - val_auc_3: 0.9969 - val_recall_3: 0.5766 - val_precision_3: 1.0000
Epoch 12/30
159/159 - 6s - loss: 0.0271 - accuracy: 0.9935 - auc_3: 0.9982 - recall_3: 0.9924 - precision_3: 0.9946 - val_loss: 0.0263 - val_accuracy: 0.9925 - val_auc_3: 0.9990 - val_recall_3: 0.9873 - val_precision_3: 0.9976
Epoch 13/30
159/159 - 6s - loss: 0.0268 - accuracy: 0.9936 - auc_3: 0.9980 - recall_3: 0.9928 - precision_3: 0.9945 - val_loss: 0.0886 - val_accuracy: 0.9882 - val_auc_3: 0.9987 - val_recall_3: 0.9775 - val_precision_3: 0.9989
Epoch 14/30
159/159 - 6s - loss: 0.0258 - accuracy: 0.9938 - auc_3: 0.9984 - recall_3: 0.9926 - precision_3: 0.9949 - val_loss: 0.3612 - val_accuracy: 0.8669 - val_auc_3: 0.9975 - val_recall_3: 0.7344 - val_precision_3: 0.9992
Epoch 15/30
159/159 - 6s - loss: 0.0253 - accuracy: 0.9935 - auc_3: 0.9985 - recall_3: 0.9925 - precision_3: 0.9945 - val_loss: 0.2920 - val_accuracy: 0.8678 - val_auc_3: 0.9987 - val_recall_3: 0.7357 - val_precision_3: 1.0000
Epoch 16/30
159/159 - 6s - loss: 0.0259 - accuracy: 0.9937 - auc_3: 0.9983 - recall_3: 0.9926 - precision_3: 0.9947 - val_loss: 0.0201 - val_accuracy: 0.9952 - val_auc_3: 0.9990 - val_recall_3: 0.9928 - val_precision_3: 0.9976
Epoch 17/30
159/159 - 6s - loss: 0.0275 - accuracy: 0.9934 - auc_3: 0.9981 - recall_3: 0.9930 - precision_3: 0.9939 - val_loss: 0.0702 - val_accuracy: 0.9890 - val_auc_3: 0.9989 - val_recall_3: 0.9790 - val_precision_3: 0.9990
Epoch 18/30
159/159 - 6s - loss: 0.0275 - accuracy: 0.9937 - auc_3: 0.9982 - recall_3: 0.9929 - precision_3: 0.9944 - val_loss: 0.0969 - val_accuracy: 0.9948 - val_auc_3: 0.9992 - val_recall_3: 0.9919 - val_precision_3: 0.9978
Epoch 19/30
159/159 - 6s - loss: 0.0256 - accuracy: 0.9936 - auc_3: 0.9984 - recall_3: 0.9921 - precision_3: 0.9951 - val_loss: 0.2555 - val_accuracy: 0.9109 - val_auc_3: 0.9984 - val_recall_3: 0.8218 - val_precision_3: 1.0000
Epoch 20/30
159/159 - 6s - loss: 0.0254 - accuracy: 0.9936 - auc_3: 0.9983 - recall_3: 0.9925 - precision_3: 0.9948 - val_loss: 0.6180 - val_accuracy: 0.7181 - val_auc_3: 0.9976 - val_recall_3: 0.4364 - val_precision_3: 1.0000
Epoch 21/30
159/159 - 6s - loss: 0.0239 - accuracy: 0.9937 - auc_3: 0.9985 - recall_3: 0.9919 - precision_3: 0.9955 - val_loss: 0.5826 - val_accuracy: 0.7100 - val_auc_3: 0.9984 - val_recall_3: 0.4202 - val_precision_3: 1.0000
Epoch 22/30
159/159 - 6s - loss: 0.0229 - accuracy: 0.9936 - auc_3: 0.9987 - recall_3: 0.9924 - precision_3: 0.9948 - val_loss: 0.9862 - val_accuracy: 0.5148 - val_auc_3: 0.9981 - val_recall_3: 0.0300 - val_precision_3: 1.0000
Epoch 23/30
159/159 - 6s - loss: 0.0233 - accuracy: 0.9938 - auc_3: 0.9986 - recall_3: 0.9926 - precision_3: 0.9950 - val_loss: 0.8222 - val_accuracy: 0.5076 - val_auc_3: 0.9977 - val_recall_3: 0.0157 - val_precision_3: 1.0000
Epoch 24/30
159/159 - 6s - loss: 0.0228 - accuracy: 0.9936 - auc_3: 0.9986 - recall_3: 0.9923 - precision_3: 0.9949 - val_loss: 0.7025 - val_accuracy: 0.7040 - val_auc_3: 0.9970 - val_recall_3: 0.4082 - val_precision_3: 1.0000
Epoch 25/30
159/159 - 6s - loss: 0.0235 - accuracy: 0.9939 - auc_3: 0.9985 - recall_3: 0.9927 - precision_3: 0.9951 - val_loss: 1.3544 - val_accuracy: 0.5038 - val_auc_3: 0.9761 - val_recall_3: 0.0080 - val_precision_3: 1.0000
Epoch 26/30
159/159 - 6s - loss: 0.0242 - accuracy: 0.9936 - auc_3: 0.9986 - recall_3: 0.9923 - precision_3: 0.9950 - val_loss: 1.2256 - val_accuracy: 0.4998 - val_auc_3: 0.9970 - val_recall_3: 0.0000e+00 - val_precision_3: 0.0000e+00
Epoch 27/30
159/159 - 6s - loss: 0.0238 - accuracy: 0.9938 - auc_3: 0.9986 - recall_3: 0.9924 - precision_3: 0.9951 - val_loss: 0.6327 - val_accuracy: 0.6369 - val_auc_3: 0.9979 - val_recall_3: 0.2741 - val_precision_3: 1.0000
Epoch 28/30
159/159 - 6s - loss: 0.0248 - accuracy: 0.9937 - auc_3: 0.9985 - recall_3: 0.9922 - precision_3: 0.9951 - val_loss: 1.1216 - val_accuracy: 0.4998 - val_auc_3: 0.9893 - val_recall_3: 0.0000e+00 - val_precision_3: 0.0000e+00
Epoch 29/30
159/159 - 6s - loss: 0.0261 - accuracy: 0.9937 - auc_3: 0.9983 - recall_3: 0.9927 - precision_3: 0.9946 - val_loss: 0.8613 - val_accuracy: 0.4998 - val_auc_3: 0.9983 - val_recall_3: 0.0000e+00 - val_precision_3: 0.0000e+00
Epoch 30/30
159/159 - 6s - loss: 0.0238 - accuracy: 0.9937 - auc_3: 0.9986 - recall_3: 0.9920 - precision_3: 0.9955 - val_loss: 1.0287 - val_accuracy: 0.4998 - val_auc_3: 0.9984 - val_recall_3: 0.0000e+00 - val_precision_3: 0.0000e+00
Permute truncated is False
Use prob embedding is False
preds ps infec shape is (19818,)
test_data_infection.shape: (4233, 41)
test_data_infection.shape: (4233, 1, 41)
ps_infec.testset_min: -1.7222021363244926
ps_infec.testset_max: 31.46267630066733
Traceback (most recent call last):
  File "relabel_train.py", line 202, in <module>
    art_classifier = KerasClassifier(model=ps_infec.classifier[''], clip_values=(ps_infec.testset_min, ps_infec.testset_max), use_logits=False)
  File "/home/huan1932/.conda/envs/iotedef/lib/python3.8/site-packages/art/estimators/classification/keras.py", line 129, in __init__
    self._initialize_params(model, use_logits, input_layer, output_layer)
  File "/home/huan1932/.conda/envs/iotedef/lib/python3.8/site-packages/art/estimators/classification/keras.py", line 152, in _initialize_params
    raise ValueError("TensorFlow is executing eagerly. Please disable eager execution.")
ValueError: TensorFlow is executing eagerly. Please disable eager execution.
2023-05-12 14:07:33.872905: I tensorflow/stream_executor/platform/default/dso_loader.cc:49] Successfully opened dynamic library libcudart.so.11.0
2023-05-12 14:07:34.475682: I tensorflow/compiler/jit/xla_cpu_device.cc:41] Not creating XLA devices, tf_xla_enable_xla_devices not set
2023-05-12 14:07:34.476198: I tensorflow/stream_executor/platform/default/dso_loader.cc:49] Successfully opened dynamic library libcuda.so.1
2023-05-12 14:07:34.504650: I tensorflow/stream_executor/cuda/cuda_gpu_executor.cc:941] successful NUMA node read from SysFS had negative value (-1), but there must be at least one NUMA node, so returning NUMA node zero
2023-05-12 14:07:34.504877: I tensorflow/core/common_runtime/gpu/gpu_device.cc:1720] Found device 0 with properties: 
pciBusID: 0000:41:00.0 name: NVIDIA GeForce RTX 3090 computeCapability: 8.6
coreClock: 1.695GHz coreCount: 82 deviceMemorySize: 23.70GiB deviceMemoryBandwidth: 871.81GiB/s
2023-05-12 14:07:34.504904: I tensorflow/stream_executor/platform/default/dso_loader.cc:49] Successfully opened dynamic library libcudart.so.11.0
2023-05-12 14:07:34.507990: I tensorflow/stream_executor/platform/default/dso_loader.cc:49] Successfully opened dynamic library libcublas.so.11
2023-05-12 14:07:34.508041: I tensorflow/stream_executor/platform/default/dso_loader.cc:49] Successfully opened dynamic library libcublasLt.so.11
2023-05-12 14:07:34.525168: I tensorflow/stream_executor/platform/default/dso_loader.cc:49] Successfully opened dynamic library libcufft.so.10
2023-05-12 14:07:34.525318: I tensorflow/stream_executor/platform/default/dso_loader.cc:49] Successfully opened dynamic library libcurand.so.10
2023-05-12 14:07:34.526136: I tensorflow/stream_executor/platform/default/dso_loader.cc:49] Successfully opened dynamic library libcusolver.so.10
2023-05-12 14:07:34.526569: I tensorflow/stream_executor/platform/default/dso_loader.cc:49] Successfully opened dynamic library libcusparse.so.11
2023-05-12 14:07:34.526667: I tensorflow/stream_executor/platform/default/dso_loader.cc:49] Successfully opened dynamic library libcudnn.so.8
2023-05-12 14:07:34.526752: I tensorflow/stream_executor/cuda/cuda_gpu_executor.cc:941] successful NUMA node read from SysFS had negative value (-1), but there must be at least one NUMA node, so returning NUMA node zero
2023-05-12 14:07:34.526943: I tensorflow/stream_executor/cuda/cuda_gpu_executor.cc:941] successful NUMA node read from SysFS had negative value (-1), but there must be at least one NUMA node, so returning NUMA node zero
2023-05-12 14:07:34.527081: I tensorflow/core/common_runtime/gpu/gpu_device.cc:1862] Adding visible gpu devices: 0
2023-05-12 14:07:34.527257: I tensorflow/core/platform/cpu_feature_guard.cc:142] This TensorFlow binary is optimized with oneAPI Deep Neural Network Library (oneDNN) to use the following CPU instructions in performance-critical operations:  AVX2 FMA
To enable them in other operations, rebuild TensorFlow with the appropriate compiler flags.
2023-05-12 14:07:34.529172: I tensorflow/compiler/jit/xla_gpu_device.cc:99] Not creating XLA devices, tf_xla_enable_xla_devices not set
2023-05-12 14:07:34.529249: I tensorflow/stream_executor/cuda/cuda_gpu_executor.cc:941] successful NUMA node read from SysFS had negative value (-1), but there must be at least one NUMA node, so returning NUMA node zero
2023-05-12 14:07:34.529397: I tensorflow/core/common_runtime/gpu/gpu_device.cc:1720] Found device 0 with properties: 
pciBusID: 0000:41:00.0 name: NVIDIA GeForce RTX 3090 computeCapability: 8.6
coreClock: 1.695GHz coreCount: 82 deviceMemorySize: 23.70GiB deviceMemoryBandwidth: 871.81GiB/s
2023-05-12 14:07:34.529420: I tensorflow/stream_executor/platform/default/dso_loader.cc:49] Successfully opened dynamic library libcudart.so.11.0
2023-05-12 14:07:34.529431: I tensorflow/stream_executor/platform/default/dso_loader.cc:49] Successfully opened dynamic library libcublas.so.11
2023-05-12 14:07:34.529440: I tensorflow/stream_executor/platform/default/dso_loader.cc:49] Successfully opened dynamic library libcublasLt.so.11
2023-05-12 14:07:34.529449: I tensorflow/stream_executor/platform/default/dso_loader.cc:49] Successfully opened dynamic library libcufft.so.10
2023-05-12 14:07:34.529457: I tensorflow/stream_executor/platform/default/dso_loader.cc:49] Successfully opened dynamic library libcurand.so.10
2023-05-12 14:07:34.529466: I tensorflow/stream_executor/platform/default/dso_loader.cc:49] Successfully opened dynamic library libcusolver.so.10
2023-05-12 14:07:34.529474: I tensorflow/stream_executor/platform/default/dso_loader.cc:49] Successfully opened dynamic library libcusparse.so.11
2023-05-12 14:07:34.529483: I tensorflow/stream_executor/platform/default/dso_loader.cc:49] Successfully opened dynamic library libcudnn.so.8
2023-05-12 14:07:34.529522: I tensorflow/stream_executor/cuda/cuda_gpu_executor.cc:941] successful NUMA node read from SysFS had negative value (-1), but there must be at least one NUMA node, so returning NUMA node zero
2023-05-12 14:07:34.529689: I tensorflow/stream_executor/cuda/cuda_gpu_executor.cc:941] successful NUMA node read from SysFS had negative value (-1), but there must be at least one NUMA node, so returning NUMA node zero
2023-05-12 14:07:34.529821: I tensorflow/core/common_runtime/gpu/gpu_device.cc:1862] Adding visible gpu devices: 0
2023-05-12 14:07:34.529843: I tensorflow/stream_executor/platform/default/dso_loader.cc:49] Successfully opened dynamic library libcudart.so.11.0
2023-05-12 14:07:34.797223: I tensorflow/core/common_runtime/gpu/gpu_device.cc:1261] Device interconnect StreamExecutor with strength 1 edge matrix:
2023-05-12 14:07:34.797262: I tensorflow/core/common_runtime/gpu/gpu_device.cc:1267]      0 
2023-05-12 14:07:34.797268: I tensorflow/core/common_runtime/gpu/gpu_device.cc:1280] 0:   N 
2023-05-12 14:07:34.797484: I tensorflow/stream_executor/cuda/cuda_gpu_executor.cc:941] successful NUMA node read from SysFS had negative value (-1), but there must be at least one NUMA node, so returning NUMA node zero
2023-05-12 14:07:34.797685: I tensorflow/stream_executor/cuda/cuda_gpu_executor.cc:941] successful NUMA node read from SysFS had negative value (-1), but there must be at least one NUMA node, so returning NUMA node zero
2023-05-12 14:07:34.797850: I tensorflow/stream_executor/cuda/cuda_gpu_executor.cc:941] successful NUMA node read from SysFS had negative value (-1), but there must be at least one NUMA node, so returning NUMA node zero
2023-05-12 14:07:34.797995: I tensorflow/core/common_runtime/gpu/gpu_device.cc:1406] Created TensorFlow device (/job:localhost/replica:0/task:0/device:GPU:0 with 22414 MB memory) -> physical GPU (device: 0, name: NVIDIA GeForce RTX 3090, pci bus id: 0000:41:00.0, compute capability: 8.6)
WARNING:tensorflow:Layer lstm will not use cuDNN kernel since it doesn't meet the cuDNN kernel criteria. It will use generic GPU kernel as fallback when running on GPU
WARNING:tensorflow:Layer lstm_1 will not use cuDNN kernel since it doesn't meet the cuDNN kernel criteria. It will use generic GPU kernel as fallback when running on GPU
2023-05-12 14:07:35.020461: I tensorflow/compiler/mlir/mlir_graph_optimization_pass.cc:116] None of the MLIR optimization passes are enabled (registered 2)
2023-05-12 14:07:35.021359: I tensorflow/core/platform/profile_utils/cpu_utils.cc:112] CPU Frequency: 3792855000 Hz
2023-05-12 14:07:36.095835: I tensorflow/stream_executor/platform/default/dso_loader.cc:49] Successfully opened dynamic library libcublas.so.11
2023-05-12 14:07:36.530506: I tensorflow/stream_executor/platform/default/dso_loader.cc:49] Successfully opened dynamic library libcublasLt.so.11
2023-05-12 14:07:36.536383: I tensorflow/stream_executor/cuda/cuda_blas.cc:1838] TensorFloat-32 will be used for the matrix multiplication. This will only be logged once.
the count of label lines 20084
(20084,)
features len is  41
------------------------------------
Training ps-detector-attack detector
------------------------------------
ps-detector-attack  dataset_min:-3.0454362462748454
ps-detector-attack  dataset_max:138.38713813073164
the info of dataset, (19152, 1, 41)
shuffle is enabled for training
Early stopping: NO.
Epoch 1/50
539/539 - 4s - loss: 0.1309 - accuracy: 0.9564 - auc: 0.9903 - recall: 0.9600 - precision: 0.9534 - val_loss: 0.0847 - val_accuracy: 0.9676 - val_auc: 0.9947 - val_recall: 0.9904 - val_precision: 0.9459
Epoch 2/50
---------------------------------------------------------------
Measureing ps-detector-attack detector performance on test data
---------------------------------------------------------------
ps-detector-attack  testset_min:-3.045436243980641
ps-detector-attack  testset_max:32.63330682674631
Traceback (most recent call last):
  File "relabel_train.py", line 123, in <module>
    _, _, metrics_dict_ps = detector.detection(test_examples, test_labels, kind='')
  File "/home/huan1932/IoTDataGenerate/data_preprocess/models/lstm.py", line 161, in detection
    pred = list(self.classifier[kind].predict(test))
AttributeError: 'NoneType' object has no attribute 'predict'
