2023-05-08 09:46:14.074471: I tensorflow/stream_executor/platform/default/dso_loader.cc:49] Successfully opened dynamic library libcudart.so.11.0
2023-05-08 09:46:14.685950: I tensorflow/compiler/jit/xla_cpu_device.cc:41] Not creating XLA devices, tf_xla_enable_xla_devices not set
2023-05-08 09:46:14.686424: I tensorflow/stream_executor/platform/default/dso_loader.cc:49] Successfully opened dynamic library libcuda.so.1
2023-05-08 09:46:14.714779: I tensorflow/stream_executor/cuda/cuda_gpu_executor.cc:941] successful NUMA node read from SysFS had negative value (-1), but there must be at least one NUMA node, so returning NUMA node zero
2023-05-08 09:46:14.720501: I tensorflow/core/common_runtime/gpu/gpu_device.cc:1720] Found device 0 with properties: 
pciBusID: 0000:41:00.0 name: NVIDIA GeForce RTX 3090 computeCapability: 8.6
coreClock: 1.695GHz coreCount: 82 deviceMemorySize: 23.70GiB deviceMemoryBandwidth: 871.81GiB/s
2023-05-08 09:46:14.720537: I tensorflow/stream_executor/platform/default/dso_loader.cc:49] Successfully opened dynamic library libcudart.so.11.0
2023-05-08 09:46:14.723781: I tensorflow/stream_executor/platform/default/dso_loader.cc:49] Successfully opened dynamic library libcublas.so.11
2023-05-08 09:46:14.723831: I tensorflow/stream_executor/platform/default/dso_loader.cc:49] Successfully opened dynamic library libcublasLt.so.11
2023-05-08 09:46:14.742369: I tensorflow/stream_executor/platform/default/dso_loader.cc:49] Successfully opened dynamic library libcufft.so.10
2023-05-08 09:46:14.742522: I tensorflow/stream_executor/platform/default/dso_loader.cc:49] Successfully opened dynamic library libcurand.so.10
2023-05-08 09:46:14.743352: I tensorflow/stream_executor/platform/default/dso_loader.cc:49] Successfully opened dynamic library libcusolver.so.10
2023-05-08 09:46:14.743794: I tensorflow/stream_executor/platform/default/dso_loader.cc:49] Successfully opened dynamic library libcusparse.so.11
2023-05-08 09:46:14.743893: I tensorflow/stream_executor/platform/default/dso_loader.cc:49] Successfully opened dynamic library libcudnn.so.8
2023-05-08 09:46:14.743987: I tensorflow/stream_executor/cuda/cuda_gpu_executor.cc:941] successful NUMA node read from SysFS had negative value (-1), but there must be at least one NUMA node, so returning NUMA node zero
2023-05-08 09:46:14.744179: I tensorflow/stream_executor/cuda/cuda_gpu_executor.cc:941] successful NUMA node read from SysFS had negative value (-1), but there must be at least one NUMA node, so returning NUMA node zero
2023-05-08 09:46:14.744315: I tensorflow/core/common_runtime/gpu/gpu_device.cc:1862] Adding visible gpu devices: 0
2023-05-08 09:46:14.744497: I tensorflow/core/platform/cpu_feature_guard.cc:142] This TensorFlow binary is optimized with oneAPI Deep Neural Network Library (oneDNN) to use the following CPU instructions in performance-critical operations:  AVX2 FMA
To enable them in other operations, rebuild TensorFlow with the appropriate compiler flags.
2023-05-08 09:46:14.746164: I tensorflow/compiler/jit/xla_gpu_device.cc:99] Not creating XLA devices, tf_xla_enable_xla_devices not set
2023-05-08 09:46:14.746244: I tensorflow/stream_executor/cuda/cuda_gpu_executor.cc:941] successful NUMA node read from SysFS had negative value (-1), but there must be at least one NUMA node, so returning NUMA node zero
2023-05-08 09:46:14.746391: I tensorflow/core/common_runtime/gpu/gpu_device.cc:1720] Found device 0 with properties: 
pciBusID: 0000:41:00.0 name: NVIDIA GeForce RTX 3090 computeCapability: 8.6
coreClock: 1.695GHz coreCount: 82 deviceMemorySize: 23.70GiB deviceMemoryBandwidth: 871.81GiB/s
2023-05-08 09:46:14.746407: I tensorflow/stream_executor/platform/default/dso_loader.cc:49] Successfully opened dynamic library libcudart.so.11.0
2023-05-08 09:46:14.746419: I tensorflow/stream_executor/platform/default/dso_loader.cc:49] Successfully opened dynamic library libcublas.so.11
2023-05-08 09:46:14.746429: I tensorflow/stream_executor/platform/default/dso_loader.cc:49] Successfully opened dynamic library libcublasLt.so.11
2023-05-08 09:46:14.746439: I tensorflow/stream_executor/platform/default/dso_loader.cc:49] Successfully opened dynamic library libcufft.so.10
2023-05-08 09:46:14.746515: I tensorflow/stream_executor/platform/default/dso_loader.cc:49] Successfully opened dynamic library libcurand.so.10
2023-05-08 09:46:14.746526: I tensorflow/stream_executor/platform/default/dso_loader.cc:49] Successfully opened dynamic library libcusolver.so.10
2023-05-08 09:46:14.746536: I tensorflow/stream_executor/platform/default/dso_loader.cc:49] Successfully opened dynamic library libcusparse.so.11
2023-05-08 09:46:14.746545: I tensorflow/stream_executor/platform/default/dso_loader.cc:49] Successfully opened dynamic library libcudnn.so.8
2023-05-08 09:46:14.746588: I tensorflow/stream_executor/cuda/cuda_gpu_executor.cc:941] successful NUMA node read from SysFS had negative value (-1), but there must be at least one NUMA node, so returning NUMA node zero
2023-05-08 09:46:14.746759: I tensorflow/stream_executor/cuda/cuda_gpu_executor.cc:941] successful NUMA node read from SysFS had negative value (-1), but there must be at least one NUMA node, so returning NUMA node zero
2023-05-08 09:46:14.746892: I tensorflow/core/common_runtime/gpu/gpu_device.cc:1862] Adding visible gpu devices: 0
2023-05-08 09:46:14.746916: I tensorflow/stream_executor/platform/default/dso_loader.cc:49] Successfully opened dynamic library libcudart.so.11.0
2023-05-08 09:46:15.023809: I tensorflow/core/common_runtime/gpu/gpu_device.cc:1261] Device interconnect StreamExecutor with strength 1 edge matrix:
2023-05-08 09:46:15.023850: I tensorflow/core/common_runtime/gpu/gpu_device.cc:1267]      0 
2023-05-08 09:46:15.023857: I tensorflow/core/common_runtime/gpu/gpu_device.cc:1280] 0:   N 
2023-05-08 09:46:15.024082: I tensorflow/stream_executor/cuda/cuda_gpu_executor.cc:941] successful NUMA node read from SysFS had negative value (-1), but there must be at least one NUMA node, so returning NUMA node zero
2023-05-08 09:46:15.024279: I tensorflow/stream_executor/cuda/cuda_gpu_executor.cc:941] successful NUMA node read from SysFS had negative value (-1), but there must be at least one NUMA node, so returning NUMA node zero
2023-05-08 09:46:15.024447: I tensorflow/stream_executor/cuda/cuda_gpu_executor.cc:941] successful NUMA node read from SysFS had negative value (-1), but there must be at least one NUMA node, so returning NUMA node zero
2023-05-08 09:46:15.024591: I tensorflow/core/common_runtime/gpu/gpu_device.cc:1406] Created TensorFlow device (/job:localhost/replica:0/task:0/device:GPU:0 with 22414 MB memory) -> physical GPU (device: 0, name: NVIDIA GeForce RTX 3090, pci bus id: 0000:41:00.0, compute capability: 8.6)
WARNING:tensorflow:Layer lstm will not use cuDNN kernel since it doesn't meet the cuDNN kernel criteria. It will use generic GPU kernel as fallback when running on GPU
WARNING:tensorflow:Layer lstm_1 will not use cuDNN kernel since it doesn't meet the cuDNN kernel criteria. It will use generic GPU kernel as fallback when running on GPU
2023-05-08 09:46:15.264499: I tensorflow/compiler/mlir/mlir_graph_optimization_pass.cc:116] None of the MLIR optimization passes are enabled (registered 2)
2023-05-08 09:46:15.265398: I tensorflow/core/platform/profile_utils/cpu_utils.cc:112] CPU Frequency: 3792855000 Hz
2023-05-08 09:46:16.352248: I tensorflow/stream_executor/platform/default/dso_loader.cc:49] Successfully opened dynamic library libcublas.so.11
2023-05-08 09:46:16.791416: I tensorflow/stream_executor/platform/default/dso_loader.cc:49] Successfully opened dynamic library libcublasLt.so.11
2023-05-08 09:46:16.797421: I tensorflow/stream_executor/cuda/cuda_blas.cc:1838] TensorFloat-32 will be used for the matrix multiplication. This will only be logged once.
the count of label lines 20084
(20084,)
features len is  41
------------------------------------
Training ps-detector-attack detector
------------------------------------
ps-detector-attack  dataset_min:-3.0454362462748454
ps-detector-attack  dataset_max:138.38713813073164
the info of dataset, (19152, 1, 41)
shuffle is enabled for training
Early stopping: NO.
Epoch 1/50
539/539 - 4s - loss: 0.1310 - accuracy: 0.9565 - auc: 0.9903 - recall: 0.9601 - precision: 0.9535 - val_loss: 0.0840 - val_accuracy: 0.9682 - val_auc: 0.9949 - val_recall: 0.9904 - val_precision: 0.9468
Epoch 2/50
539/539 - 3s - loss: 0.0637 - accuracy: 0.9757 - auc: 0.9970 - recall: 0.9860 - precision: 0.9662 - val_loss: 0.0726 - val_accuracy: 0.9723 - val_auc: 0.9955 - val_recall: 0.9829 - val_precision: 0.9613
Epoch 3/50
539/539 - 3s - loss: 0.0557 - accuracy: 0.9806 - auc: 0.9974 - recall: 0.9907 - precision: 0.9711 - val_loss: 0.0492 - val_accuracy: 0.9812 - val_auc: 0.9979 - val_recall: 0.9893 - val_precision: 0.9727
Epoch 4/50
539/539 - 3s - loss: 0.0518 - accuracy: 0.9807 - auc: 0.9978 - recall: 0.9904 - precision: 0.9717 - val_loss: 0.0537 - val_accuracy: 0.9781 - val_auc: 0.9980 - val_recall: 0.9818 - val_precision: 0.9735
Epoch 5/50
539/539 - 3s - loss: 0.0501 - accuracy: 0.9810 - auc: 0.9979 - recall: 0.9905 - precision: 0.9722 - val_loss: 0.0438 - val_accuracy: 0.9817 - val_auc: 0.9985 - val_recall: 0.9947 - val_precision: 0.9688
Epoch 6/50
539/539 - 3s - loss: 0.0468 - accuracy: 0.9821 - auc: 0.9983 - recall: 0.9917 - precision: 0.9732 - val_loss: 0.0425 - val_accuracy: 0.9838 - val_auc: 0.9986 - val_recall: 0.9925 - val_precision: 0.9748
Epoch 7/50
539/539 - 3s - loss: 0.0449 - accuracy: 0.9821 - auc: 0.9984 - recall: 0.9916 - precision: 0.9733 - val_loss: 0.0396 - val_accuracy: 0.9864 - val_auc: 0.9989 - val_recall: 0.9925 - val_precision: 0.9799
Epoch 8/50
539/539 - 3s - loss: 0.0450 - accuracy: 0.9828 - auc: 0.9983 - recall: 0.9913 - precision: 0.9748 - val_loss: 0.0421 - val_accuracy: 0.9823 - val_auc: 0.9988 - val_recall: 0.9861 - val_precision: 0.9777
Epoch 9/50
539/539 - 3s - loss: 0.0423 - accuracy: 0.9839 - auc: 0.9986 - recall: 0.9931 - precision: 0.9752 - val_loss: 0.0407 - val_accuracy: 0.9843 - val_auc: 0.9988 - val_recall: 0.9914 - val_precision: 0.9768
Epoch 10/50
539/539 - 3s - loss: 0.0441 - accuracy: 0.9832 - auc: 0.9984 - recall: 0.9922 - precision: 0.9748 - val_loss: 0.0400 - val_accuracy: 0.9859 - val_auc: 0.9988 - val_recall: 0.9914 - val_precision: 0.9799
Epoch 11/50
539/539 - 3s - loss: 0.0414 - accuracy: 0.9844 - auc: 0.9986 - recall: 0.9931 - precision: 0.9762 - val_loss: 0.0435 - val_accuracy: 0.9817 - val_auc: 0.9984 - val_recall: 0.9914 - val_precision: 0.9717
Epoch 12/50
539/539 - 3s - loss: 0.0401 - accuracy: 0.9850 - auc: 0.9987 - recall: 0.9935 - precision: 0.9769 - val_loss: 0.0362 - val_accuracy: 0.9864 - val_auc: 0.9991 - val_recall: 0.9947 - val_precision: 0.9779
Epoch 13/50
539/539 - 3s - loss: 0.0393 - accuracy: 0.9840 - auc: 0.9987 - recall: 0.9917 - precision: 0.9769 - val_loss: 0.0417 - val_accuracy: 0.9838 - val_auc: 0.9988 - val_recall: 0.9904 - val_precision: 0.9768
Epoch 14/50
539/539 - 3s - loss: 0.0383 - accuracy: 0.9856 - auc: 0.9988 - recall: 0.9936 - precision: 0.9779 - val_loss: 0.0402 - val_accuracy: 0.9838 - val_auc: 0.9989 - val_recall: 0.9925 - val_precision: 0.9748
Epoch 15/50
539/539 - 3s - loss: 0.0369 - accuracy: 0.9859 - auc: 0.9988 - recall: 0.9943 - precision: 0.9779 - val_loss: 0.0333 - val_accuracy: 0.9870 - val_auc: 0.9993 - val_recall: 0.9925 - val_precision: 0.9810
Epoch 16/50
539/539 - 3s - loss: 0.0360 - accuracy: 0.9861 - auc: 0.9990 - recall: 0.9940 - precision: 0.9786 - val_loss: 0.0370 - val_accuracy: 0.9864 - val_auc: 0.9989 - val_recall: 0.9936 - val_precision: 0.9789
Epoch 17/50
539/539 - 3s - loss: 0.0349 - accuracy: 0.9869 - auc: 0.9990 - recall: 0.9947 - precision: 0.9795 - val_loss: 0.0487 - val_accuracy: 0.9833 - val_auc: 0.9986 - val_recall: 0.9947 - val_precision: 0.9718
Epoch 18/50
539/539 - 3s - loss: 0.0344 - accuracy: 0.9869 - auc: 0.9990 - recall: 0.9940 - precision: 0.9801 - val_loss: 0.0315 - val_accuracy: 0.9880 - val_auc: 0.9994 - val_recall: 1.0000 - val_precision: 0.9760
Epoch 19/50
539/539 - 3s - loss: 0.0331 - accuracy: 0.9879 - auc: 0.9991 - recall: 0.9961 - precision: 0.9801 - val_loss: 0.0462 - val_accuracy: 0.9838 - val_auc: 0.9982 - val_recall: 0.9882 - val_precision: 0.9788
Epoch 20/50
539/539 - 3s - loss: 0.0326 - accuracy: 0.9873 - auc: 0.9991 - recall: 0.9939 - precision: 0.9810 - val_loss: 0.0320 - val_accuracy: 0.9885 - val_auc: 0.9993 - val_recall: 0.9936 - val_precision: 0.9831
Epoch 21/50
539/539 - 3s - loss: 0.0314 - accuracy: 0.9886 - auc: 0.9992 - recall: 0.9950 - precision: 0.9825 - val_loss: 0.0333 - val_accuracy: 0.9864 - val_auc: 0.9991 - val_recall: 0.9947 - val_precision: 0.9779
Epoch 22/50
539/539 - 3s - loss: 0.0317 - accuracy: 0.9885 - auc: 0.9992 - recall: 0.9950 - precision: 0.9823 - val_loss: 0.0290 - val_accuracy: 0.9896 - val_auc: 0.9994 - val_recall: 0.9936 - val_precision: 0.9852
Epoch 23/50
539/539 - 3s - loss: 0.0311 - accuracy: 0.9886 - auc: 0.9992 - recall: 0.9948 - precision: 0.9826 - val_loss: 0.0328 - val_accuracy: 0.9880 - val_auc: 0.9992 - val_recall: 0.9957 - val_precision: 0.9800
Epoch 24/50
539/539 - 3s - loss: 0.0309 - accuracy: 0.9889 - auc: 0.9992 - recall: 0.9948 - precision: 0.9833 - val_loss: 0.0385 - val_accuracy: 0.9885 - val_auc: 0.9976 - val_recall: 0.9947 - val_precision: 0.9820
Epoch 25/50
539/539 - 3s - loss: 0.0283 - accuracy: 0.9896 - auc: 0.9992 - recall: 0.9947 - precision: 0.9846 - val_loss: 0.0321 - val_accuracy: 0.9890 - val_auc: 0.9993 - val_recall: 1.0000 - val_precision: 0.9780
Epoch 26/50
539/539 - 3s - loss: 0.0291 - accuracy: 0.9889 - auc: 0.9992 - recall: 0.9941 - precision: 0.9840 - val_loss: 0.0354 - val_accuracy: 0.9864 - val_auc: 0.9991 - val_recall: 0.9947 - val_precision: 0.9779
Epoch 27/50
539/539 - 3s - loss: 0.0278 - accuracy: 0.9894 - auc: 0.9993 - recall: 0.9943 - precision: 0.9846 - val_loss: 0.0292 - val_accuracy: 0.9870 - val_auc: 0.9995 - val_recall: 0.9925 - val_precision: 0.9810
Epoch 28/50
539/539 - 3s - loss: 0.0274 - accuracy: 0.9904 - auc: 0.9993 - recall: 0.9955 - precision: 0.9856 - val_loss: 0.0351 - val_accuracy: 0.9854 - val_auc: 0.9992 - val_recall: 0.9850 - val_precision: 0.9850
Epoch 29/50
539/539 - 3s - loss: 0.0279 - accuracy: 0.9903 - auc: 0.9993 - recall: 0.9958 - precision: 0.9850 - val_loss: 0.0364 - val_accuracy: 0.9849 - val_auc: 0.9990 - val_recall: 0.9807 - val_precision: 0.9881
Epoch 30/50
539/539 - 3s - loss: 0.0263 - accuracy: 0.9903 - auc: 0.9994 - recall: 0.9954 - precision: 0.9853 - val_loss: 0.0263 - val_accuracy: 0.9890 - val_auc: 0.9995 - val_recall: 0.9947 - val_precision: 0.9831
Epoch 31/50
539/539 - 3s - loss: 0.0265 - accuracy: 0.9905 - auc: 0.9993 - recall: 0.9958 - precision: 0.9855 - val_loss: 0.0274 - val_accuracy: 0.9896 - val_auc: 0.9994 - val_recall: 0.9925 - val_precision: 0.9862
Epoch 32/50
539/539 - 3s - loss: 0.0259 - accuracy: 0.9900 - auc: 0.9995 - recall: 0.9944 - precision: 0.9857 - val_loss: 0.0243 - val_accuracy: 0.9906 - val_auc: 0.9997 - val_recall: 0.9936 - val_precision: 0.9872
Epoch 33/50
539/539 - 3s - loss: 0.0246 - accuracy: 0.9908 - auc: 0.9995 - recall: 0.9963 - precision: 0.9856 - val_loss: 0.0280 - val_accuracy: 0.9901 - val_auc: 0.9994 - val_recall: 0.9925 - val_precision: 0.9872
Epoch 34/50
539/539 - 3s - loss: 0.0252 - accuracy: 0.9909 - auc: 0.9994 - recall: 0.9962 - precision: 0.9859 - val_loss: 0.0326 - val_accuracy: 0.9885 - val_auc: 0.9994 - val_recall: 0.9872 - val_precision: 0.9893
Epoch 35/50
539/539 - 3s - loss: 0.0269 - accuracy: 0.9903 - auc: 0.9993 - recall: 0.9955 - precision: 0.9853 - val_loss: 0.0233 - val_accuracy: 0.9901 - val_auc: 0.9997 - val_recall: 0.9925 - val_precision: 0.9872
Epoch 36/50
539/539 - 3s - loss: 0.0254 - accuracy: 0.9908 - auc: 0.9994 - recall: 0.9956 - precision: 0.9861 - val_loss: 0.0251 - val_accuracy: 0.9922 - val_auc: 0.9995 - val_recall: 0.9989 - val_precision: 0.9852
Epoch 37/50
539/539 - 3s - loss: 0.0237 - accuracy: 0.9914 - auc: 0.9995 - recall: 0.9964 - precision: 0.9866 - val_loss: 0.0305 - val_accuracy: 0.9885 - val_auc: 0.9994 - val_recall: 0.9861 - val_precision: 0.9903
Epoch 38/50
539/539 - 3s - loss: 0.0243 - accuracy: 0.9908 - auc: 0.9993 - recall: 0.9949 - precision: 0.9868 - val_loss: 0.0227 - val_accuracy: 0.9906 - val_auc: 0.9996 - val_recall: 0.9979 - val_precision: 0.9831
Epoch 39/50
539/539 - 2s - loss: 0.0253 - accuracy: 0.9907 - auc: 0.9994 - recall: 0.9953 - precision: 0.9862 - val_loss: 0.0229 - val_accuracy: 0.9906 - val_auc: 0.9996 - val_recall: 0.9968 - val_precision: 0.9842
Epoch 40/50
539/539 - 3s - loss: 0.0240 - accuracy: 0.9921 - auc: 0.9995 - recall: 0.9968 - precision: 0.9876 - val_loss: 0.0229 - val_accuracy: 0.9937 - val_auc: 0.9997 - val_recall: 0.9957 - val_precision: 0.9915
Epoch 41/50
539/539 - 3s - loss: 0.0267 - accuracy: 0.9903 - auc: 0.9993 - recall: 0.9953 - precision: 0.9856 - val_loss: 0.0243 - val_accuracy: 0.9896 - val_auc: 0.9996 - val_recall: 0.9914 - val_precision: 0.9872
Epoch 42/50
539/539 - 3s - loss: 0.0241 - accuracy: 0.9916 - auc: 0.9994 - recall: 0.9965 - precision: 0.9869 - val_loss: 0.0199 - val_accuracy: 0.9937 - val_auc: 0.9997 - val_recall: 0.9957 - val_precision: 0.9915
Epoch 43/50
539/539 - 3s - loss: 0.0246 - accuracy: 0.9911 - auc: 0.9994 - recall: 0.9958 - precision: 0.9866 - val_loss: 0.0205 - val_accuracy: 0.9901 - val_auc: 0.9998 - val_recall: 0.9925 - val_precision: 0.9872
Epoch 44/50
539/539 - 3s - loss: 0.0223 - accuracy: 0.9916 - auc: 0.9996 - recall: 0.9963 - precision: 0.9870 - val_loss: 0.0222 - val_accuracy: 0.9901 - val_auc: 0.9996 - val_recall: 0.9925 - val_precision: 0.9872
Epoch 45/50
539/539 - 3s - loss: 0.0230 - accuracy: 0.9914 - auc: 0.9995 - recall: 0.9962 - precision: 0.9867 - val_loss: 0.0196 - val_accuracy: 0.9937 - val_auc: 0.9999 - val_recall: 0.9925 - val_precision: 0.9946
Epoch 46/50
539/539 - 2s - loss: 0.0224 - accuracy: 0.9915 - auc: 0.9996 - recall: 0.9962 - precision: 0.9870 - val_loss: 0.0239 - val_accuracy: 0.9885 - val_auc: 0.9997 - val_recall: 0.9872 - val_precision: 0.9893
Epoch 47/50
539/539 - 3s - loss: 0.0234 - accuracy: 0.9914 - auc: 0.9994 - recall: 0.9955 - precision: 0.9874 - val_loss: 0.0241 - val_accuracy: 0.9880 - val_auc: 0.9996 - val_recall: 0.9936 - val_precision: 0.9820
Epoch 48/50
539/539 - 3s - loss: 0.0206 - accuracy: 0.9921 - auc: 0.9997 - recall: 0.9972 - precision: 0.9872 - val_loss: 0.0205 - val_accuracy: 0.9943 - val_auc: 0.9996 - val_recall: 0.9989 - val_precision: 0.9894
Epoch 49/50
539/539 - 2s - loss: 0.0209 - accuracy: 0.9925 - auc: 0.9996 - recall: 0.9964 - precision: 0.9886 - val_loss: 0.0750 - val_accuracy: 0.9875 - val_auc: 0.9958 - val_recall: 0.9872 - val_precision: 0.9872
Epoch 50/50
539/539 - 2s - loss: 0.0244 - accuracy: 0.9925 - auc: 0.9993 - recall: 0.9964 - precision: 0.9886 - val_loss: 0.0188 - val_accuracy: 0.9927 - val_auc: 0.9997 - val_recall: 0.9947 - val_precision: 0.9904
WARNING:tensorflow:Layer lstm_2 will not use cuDNN kernel since it doesn't meet the cuDNN kernel criteria. It will use generic GPU kernel as fallback when running on GPU
WARNING:tensorflow:Layer lstm_2 will not use cuDNN kernel since it doesn't meet the cuDNN kernel criteria. It will use generic GPU kernel as fallback when running on GPU
WARNING:tensorflow:Layer lstm_3 will not use cuDNN kernel since it doesn't meet the cuDNN kernel criteria. It will use generic GPU kernel as fallback when running on GPU
WARNING:tensorflow:Layer lstm_3 will not use cuDNN kernel since it doesn't meet the cuDNN kernel criteria. It will use generic GPU kernel as fallback when running on GPU
classifier is generated with time step 1
---------------------------------------------------------------
Measureing ps-detector-attack detector performance on test data
---------------------------------------------------------------
ps-detector-attack  testset_min:-3.045436243980641
ps-detector-attack  testset_max:32.63330682674631
Metrics: 
 {'auc': 0.9343401974165726, 'accuracy': 0.984644460193716, 'precision': 0.6726190476190477, 'recall': 0.9186991869918699, 'f1': 0.7766323024054983, 'fp': 55, 'tp': 113, 'fn': 10, 'tn': 4055, 'auprc': 0.9120419320578927, 'precision99': 0.97, 'recall99': 0.0}
features len is  41
-----------------------------------
Training ps-detector-recon detector
-----------------------------------
ps-detector-recon  dataset_min:-2.4484992515578954
ps-detector-recon  dataset_max:96.22275969699034
the info of dataset, (14410, 1, 41)
shuffle is enabled for training
Early stopping: NO.
Epoch 1/50
406/406 - 3s - loss: 0.3485 - accuracy: 0.8660 - auc_1: 0.8913 - recall_1: 0.9892 - precision_1: 0.7936 - val_loss: 0.3009 - val_accuracy: 0.8765 - val_auc_1: 0.9033 - val_recall_1: 0.9972 - val_precision_1: 0.8031
Epoch 2/50
406/406 - 2s - loss: 0.3004 - accuracy: 0.8772 - auc_1: 0.9012 - recall_1: 0.9958 - precision_1: 0.8048 - val_loss: 0.2984 - val_accuracy: 0.8765 - val_auc_1: 0.9032 - val_recall_1: 0.9972 - val_precision_1: 0.8031
Epoch 3/50
406/406 - 2s - loss: 0.2988 - accuracy: 0.8772 - auc_1: 0.9027 - recall_1: 0.9958 - precision_1: 0.8048 - val_loss: 0.2983 - val_accuracy: 0.8772 - val_auc_1: 0.9037 - val_recall_1: 0.9972 - val_precision_1: 0.8040
Epoch 4/50
406/406 - 2s - loss: 0.2982 - accuracy: 0.8772 - auc_1: 0.9052 - recall_1: 0.9958 - precision_1: 0.8048 - val_loss: 0.2983 - val_accuracy: 0.8772 - val_auc_1: 0.9038 - val_recall_1: 0.9972 - val_precision_1: 0.8040
Epoch 5/50
406/406 - 2s - loss: 0.2978 - accuracy: 0.8772 - auc_1: 0.9045 - recall_1: 0.9958 - precision_1: 0.8048 - val_loss: 0.3001 - val_accuracy: 0.8772 - val_auc_1: 0.9036 - val_recall_1: 0.9972 - val_precision_1: 0.8040
Epoch 6/50
406/406 - 2s - loss: 0.2965 - accuracy: 0.8774 - auc_1: 0.9036 - recall_1: 0.9965 - precision_1: 0.8048 - val_loss: 0.2998 - val_accuracy: 0.8765 - val_auc_1: 0.9038 - val_recall_1: 0.9972 - val_precision_1: 0.8031
Epoch 7/50
406/406 - 2s - loss: 0.2956 - accuracy: 0.8777 - auc_1: 0.9020 - recall_1: 0.9969 - precision_1: 0.8050 - val_loss: 0.2993 - val_accuracy: 0.8765 - val_auc_1: 0.9030 - val_recall_1: 0.9972 - val_precision_1: 0.8031
Epoch 8/50
406/406 - 2s - loss: 0.2964 - accuracy: 0.8779 - auc_1: 0.9017 - recall_1: 0.9972 - precision_1: 0.8052 - val_loss: 0.2972 - val_accuracy: 0.8765 - val_auc_1: 0.9036 - val_recall_1: 0.9972 - val_precision_1: 0.8031
Epoch 9/50
406/406 - 2s - loss: 0.2952 - accuracy: 0.8780 - auc_1: 0.9041 - recall_1: 0.9974 - precision_1: 0.8052 - val_loss: 0.2978 - val_accuracy: 0.8772 - val_auc_1: 0.9033 - val_recall_1: 0.9972 - val_precision_1: 0.8040
Epoch 10/50
406/406 - 2s - loss: 0.2950 - accuracy: 0.8779 - auc_1: 0.9022 - recall_1: 0.9974 - precision_1: 0.8051 - val_loss: 0.2951 - val_accuracy: 0.8772 - val_auc_1: 0.9036 - val_recall_1: 0.9972 - val_precision_1: 0.8040
Epoch 11/50
406/406 - 2s - loss: 0.2948 - accuracy: 0.8779 - auc_1: 0.9017 - recall_1: 0.9974 - precision_1: 0.8051 - val_loss: 0.2972 - val_accuracy: 0.8772 - val_auc_1: 0.9039 - val_recall_1: 0.9972 - val_precision_1: 0.8040
Epoch 12/50
406/406 - 2s - loss: 0.2946 - accuracy: 0.8779 - auc_1: 0.9036 - recall_1: 0.9974 - precision_1: 0.8051 - val_loss: 0.2967 - val_accuracy: 0.8765 - val_auc_1: 0.9039 - val_recall_1: 0.9972 - val_precision_1: 0.8031
Epoch 13/50
406/406 - 2s - loss: 0.2940 - accuracy: 0.8779 - auc_1: 0.9007 - recall_1: 0.9974 - precision_1: 0.8051 - val_loss: 0.2957 - val_accuracy: 0.8772 - val_auc_1: 0.9039 - val_recall_1: 0.9972 - val_precision_1: 0.8040
Epoch 14/50
406/406 - 2s - loss: 0.2931 - accuracy: 0.8779 - auc_1: 0.9048 - recall_1: 0.9974 - precision_1: 0.8051 - val_loss: 0.2979 - val_accuracy: 0.8772 - val_auc_1: 0.9031 - val_recall_1: 0.9972 - val_precision_1: 0.8040
Epoch 15/50
406/406 - 2s - loss: 0.2935 - accuracy: 0.8780 - auc_1: 0.9040 - recall_1: 0.9974 - precision_1: 0.8052 - val_loss: 0.2988 - val_accuracy: 0.8772 - val_auc_1: 0.9036 - val_recall_1: 0.9972 - val_precision_1: 0.8040
Epoch 16/50
406/406 - 2s - loss: 0.2938 - accuracy: 0.8779 - auc_1: 0.9033 - recall_1: 0.9974 - precision_1: 0.8051 - val_loss: 0.2957 - val_accuracy: 0.8772 - val_auc_1: 0.9039 - val_recall_1: 0.9972 - val_precision_1: 0.8040
Epoch 17/50
406/406 - 2s - loss: 0.2938 - accuracy: 0.8781 - auc_1: 0.9018 - recall_1: 0.9974 - precision_1: 0.8053 - val_loss: 0.2957 - val_accuracy: 0.8765 - val_auc_1: 0.9036 - val_recall_1: 0.9972 - val_precision_1: 0.8031
Epoch 18/50
406/406 - 2s - loss: 0.2926 - accuracy: 0.8779 - auc_1: 0.9049 - recall_1: 0.9974 - precision_1: 0.8050 - val_loss: 0.2968 - val_accuracy: 0.8765 - val_auc_1: 0.9039 - val_recall_1: 0.9972 - val_precision_1: 0.8031
Epoch 19/50
406/406 - 2s - loss: 0.2924 - accuracy: 0.8779 - auc_1: 0.9045 - recall_1: 0.9974 - precision_1: 0.8051 - val_loss: 0.2973 - val_accuracy: 0.8772 - val_auc_1: 0.9031 - val_recall_1: 0.9972 - val_precision_1: 0.8040
Epoch 20/50
406/406 - 2s - loss: 0.2933 - accuracy: 0.8780 - auc_1: 0.9028 - recall_1: 0.9974 - precision_1: 0.8052 - val_loss: 0.3018 - val_accuracy: 0.8751 - val_auc_1: 0.9029 - val_recall_1: 0.9986 - val_precision_1: 0.8007
Epoch 21/50
406/406 - 2s - loss: 0.2920 - accuracy: 0.8778 - auc_1: 0.9041 - recall_1: 0.9974 - precision_1: 0.8049 - val_loss: 0.2958 - val_accuracy: 0.8765 - val_auc_1: 0.9036 - val_recall_1: 0.9972 - val_precision_1: 0.8031
Epoch 22/50
406/406 - 2s - loss: 0.2924 - accuracy: 0.8779 - auc_1: 0.9024 - recall_1: 0.9974 - precision_1: 0.8050 - val_loss: 0.2963 - val_accuracy: 0.8772 - val_auc_1: 0.9038 - val_recall_1: 0.9972 - val_precision_1: 0.8040
Epoch 23/50
406/406 - 2s - loss: 0.2928 - accuracy: 0.8779 - auc_1: 0.9043 - recall_1: 0.9974 - precision_1: 0.8051 - val_loss: 0.2943 - val_accuracy: 0.8772 - val_auc_1: 0.9036 - val_recall_1: 0.9972 - val_precision_1: 0.8040
Epoch 24/50
406/406 - 2s - loss: 0.2920 - accuracy: 0.8777 - auc_1: 0.9031 - recall_1: 0.9974 - precision_1: 0.8048 - val_loss: 0.2946 - val_accuracy: 0.8772 - val_auc_1: 0.9036 - val_recall_1: 0.9972 - val_precision_1: 0.8040
Epoch 25/50
406/406 - 2s - loss: 0.2928 - accuracy: 0.8779 - auc_1: 0.9026 - recall_1: 0.9974 - precision_1: 0.8051 - val_loss: 0.2956 - val_accuracy: 0.8772 - val_auc_1: 0.9039 - val_recall_1: 0.9972 - val_precision_1: 0.8040
Epoch 26/50
406/406 - 2s - loss: 0.2919 - accuracy: 0.8780 - auc_1: 0.9047 - recall_1: 0.9974 - precision_1: 0.8052 - val_loss: 0.2967 - val_accuracy: 0.8772 - val_auc_1: 0.9036 - val_recall_1: 0.9972 - val_precision_1: 0.8040
Epoch 27/50
406/406 - 2s - loss: 0.2917 - accuracy: 0.8779 - auc_1: 0.9035 - recall_1: 0.9974 - precision_1: 0.8051 - val_loss: 0.2941 - val_accuracy: 0.8772 - val_auc_1: 0.9036 - val_recall_1: 0.9972 - val_precision_1: 0.8040
Epoch 28/50
406/406 - 2s - loss: 0.2916 - accuracy: 0.8780 - auc_1: 0.9053 - recall_1: 0.9974 - precision_1: 0.8052 - val_loss: 0.2933 - val_accuracy: 0.8772 - val_auc_1: 0.9036 - val_recall_1: 0.9972 - val_precision_1: 0.8040
Epoch 29/50
406/406 - 2s - loss: 0.2915 - accuracy: 0.8780 - auc_1: 0.9052 - recall_1: 0.9974 - precision_1: 0.8052 - val_loss: 0.2942 - val_accuracy: 0.8772 - val_auc_1: 0.9036 - val_recall_1: 0.9972 - val_precision_1: 0.8040
Epoch 30/50
406/406 - 2s - loss: 0.2917 - accuracy: 0.8780 - auc_1: 0.9055 - recall_1: 0.9974 - precision_1: 0.8052 - val_loss: 0.2960 - val_accuracy: 0.8765 - val_auc_1: 0.9036 - val_recall_1: 0.9972 - val_precision_1: 0.8031
Epoch 31/50
406/406 - 2s - loss: 0.2919 - accuracy: 0.8779 - auc_1: 0.9027 - recall_1: 0.9974 - precision_1: 0.8051 - val_loss: 0.2943 - val_accuracy: 0.8772 - val_auc_1: 0.9036 - val_recall_1: 0.9972 - val_precision_1: 0.8040
Epoch 32/50
406/406 - 2s - loss: 0.2912 - accuracy: 0.8779 - auc_1: 0.9055 - recall_1: 0.9974 - precision_1: 0.8051 - val_loss: 0.2944 - val_accuracy: 0.8772 - val_auc_1: 0.9036 - val_recall_1: 0.9972 - val_precision_1: 0.8040
Epoch 33/50
406/406 - 2s - loss: 0.2913 - accuracy: 0.8780 - auc_1: 0.9050 - recall_1: 0.9974 - precision_1: 0.8052 - val_loss: 0.2946 - val_accuracy: 0.8772 - val_auc_1: 0.9042 - val_recall_1: 0.9972 - val_precision_1: 0.8040
Epoch 34/50
406/406 - 2s - loss: 0.2914 - accuracy: 0.8779 - auc_1: 0.9055 - recall_1: 0.9974 - precision_1: 0.8051 - val_loss: 0.2977 - val_accuracy: 0.8772 - val_auc_1: 0.9044 - val_recall_1: 0.9972 - val_precision_1: 0.8040
Epoch 35/50
406/406 - 2s - loss: 0.2912 - accuracy: 0.8780 - auc_1: 0.9037 - recall_1: 0.9974 - precision_1: 0.8052 - val_loss: 0.2949 - val_accuracy: 0.8772 - val_auc_1: 0.9034 - val_recall_1: 0.9972 - val_precision_1: 0.8040
Epoch 36/50
406/406 - 2s - loss: 0.2912 - accuracy: 0.8781 - auc_1: 0.9052 - recall_1: 0.9974 - precision_1: 0.8053 - val_loss: 0.2936 - val_accuracy: 0.8772 - val_auc_1: 0.9036 - val_recall_1: 0.9972 - val_precision_1: 0.8040
Epoch 37/50
406/406 - 2s - loss: 0.2914 - accuracy: 0.8781 - auc_1: 0.9045 - recall_1: 0.9974 - precision_1: 0.8053 - val_loss: 0.2932 - val_accuracy: 0.8772 - val_auc_1: 0.9036 - val_recall_1: 0.9972 - val_precision_1: 0.8040
Epoch 38/50
406/406 - 2s - loss: 0.2917 - accuracy: 0.8780 - auc_1: 0.9039 - recall_1: 0.9974 - precision_1: 0.8052 - val_loss: 0.2942 - val_accuracy: 0.8772 - val_auc_1: 0.9037 - val_recall_1: 0.9972 - val_precision_1: 0.8040
Epoch 39/50
406/406 - 2s - loss: 0.2912 - accuracy: 0.8779 - auc_1: 0.9033 - recall_1: 0.9974 - precision_1: 0.8051 - val_loss: 0.2932 - val_accuracy: 0.8772 - val_auc_1: 0.9042 - val_recall_1: 0.9972 - val_precision_1: 0.8040
Epoch 40/50
406/406 - 2s - loss: 0.2905 - accuracy: 0.8782 - auc_1: 0.9067 - recall_1: 0.9974 - precision_1: 0.8054 - val_loss: 0.2946 - val_accuracy: 0.8772 - val_auc_1: 0.9042 - val_recall_1: 0.9972 - val_precision_1: 0.8040
Epoch 41/50
406/406 - 2s - loss: 0.2907 - accuracy: 0.8781 - auc_1: 0.9037 - recall_1: 0.9974 - precision_1: 0.8053 - val_loss: 0.2921 - val_accuracy: 0.8772 - val_auc_1: 0.9033 - val_recall_1: 0.9972 - val_precision_1: 0.8040
Epoch 42/50
406/406 - 2s - loss: 0.2899 - accuracy: 0.8781 - auc_1: 0.9071 - recall_1: 0.9974 - precision_1: 0.8053 - val_loss: 0.2942 - val_accuracy: 0.8772 - val_auc_1: 0.9036 - val_recall_1: 0.9972 - val_precision_1: 0.8040
Epoch 43/50
406/406 - 2s - loss: 0.2906 - accuracy: 0.8781 - auc_1: 0.9042 - recall_1: 0.9974 - precision_1: 0.8053 - val_loss: 0.2918 - val_accuracy: 0.8772 - val_auc_1: 0.9042 - val_recall_1: 0.9972 - val_precision_1: 0.8040
Epoch 44/50
406/406 - 2s - loss: 0.2904 - accuracy: 0.8782 - auc_1: 0.9061 - recall_1: 0.9974 - precision_1: 0.8054 - val_loss: 0.2927 - val_accuracy: 0.8772 - val_auc_1: 0.9036 - val_recall_1: 0.9972 - val_precision_1: 0.8040
Epoch 45/50
406/406 - 2s - loss: 0.2898 - accuracy: 0.8785 - auc_1: 0.9034 - recall_1: 0.9974 - precision_1: 0.8058 - val_loss: 0.2937 - val_accuracy: 0.8806 - val_auc_1: 0.9042 - val_recall_1: 0.9972 - val_precision_1: 0.8086
Epoch 46/50
406/406 - 2s - loss: 0.2906 - accuracy: 0.8782 - auc_1: 0.9060 - recall_1: 0.9974 - precision_1: 0.8054 - val_loss: 0.2928 - val_accuracy: 0.8772 - val_auc_1: 0.9036 - val_recall_1: 0.9972 - val_precision_1: 0.8040
Epoch 47/50
406/406 - 2s - loss: 0.2896 - accuracy: 0.8784 - auc_1: 0.9028 - recall_1: 0.9974 - precision_1: 0.8057 - val_loss: 0.2900 - val_accuracy: 0.8806 - val_auc_1: 0.9039 - val_recall_1: 0.9972 - val_precision_1: 0.8086
Epoch 48/50
406/406 - 2s - loss: 0.2893 - accuracy: 0.8794 - auc_1: 0.9050 - recall_1: 0.9975 - precision_1: 0.8069 - val_loss: 0.2938 - val_accuracy: 0.8772 - val_auc_1: 0.9042 - val_recall_1: 0.9972 - val_precision_1: 0.8040
Epoch 49/50
406/406 - 2s - loss: 0.2880 - accuracy: 0.8799 - auc_1: 0.9041 - recall_1: 0.9974 - precision_1: 0.8077 - val_loss: 0.2885 - val_accuracy: 0.8806 - val_auc_1: 0.9036 - val_recall_1: 0.9972 - val_precision_1: 0.8086
Epoch 50/50
406/406 - 2s - loss: 0.2893 - accuracy: 0.8794 - auc_1: 0.9035 - recall_1: 0.9974 - precision_1: 0.8070 - val_loss: 0.2891 - val_accuracy: 0.8806 - val_auc_1: 0.9042 - val_recall_1: 0.9972 - val_precision_1: 0.8086
WARNING:tensorflow:Layer lstm_4 will not use cuDNN kernel since it doesn't meet the cuDNN kernel criteria. It will use generic GPU kernel as fallback when running on GPU
WARNING:tensorflow:Layer lstm_4 will not use cuDNN kernel since it doesn't meet the cuDNN kernel criteria. It will use generic GPU kernel as fallback when running on GPU
WARNING:tensorflow:Layer lstm_5 will not use cuDNN kernel since it doesn't meet the cuDNN kernel criteria. It will use generic GPU kernel as fallback when running on GPU
WARNING:tensorflow:Layer lstm_5 will not use cuDNN kernel since it doesn't meet the cuDNN kernel criteria. It will use generic GPU kernel as fallback when running on GPU
classifier is generated with time step 1
--------------------------------------------------------------
Measureing ps-detector-recon detector performance on test data
--------------------------------------------------------------
ps-detector-recon  testset_min:-2.4484992496151756
ps-detector-recon  testset_max:28.32679285519669
Metrics: 
 {'auc': 0.9131975095951321, 'accuracy': 0.9586581620600048, 'precision': 0.9497830130192189, 'recall': 0.9957751056223595, 'f1': 0.9722354434396319, 'fp': 162, 'tp': 3064, 'fn': 13, 'tn': 994, 'auprc': 0.8919565068707153, 'precision99': 0.68, 'recall99': 0.74}
features len is  41
-----------------------------------
Training ps-detector-infec detector
-----------------------------------
ps-detector-infec  dataset_min:-2.3799714775110803
ps-detector-infec  dataset_max:140.77286670370265
the info of dataset, (19818, 1, 41)
shuffle is enabled for training
Early stopping: NO.
Epoch 1/50
558/558 - 4s - loss: 0.3813 - accuracy: 0.8533 - auc_2: 0.8954 - recall_2: 0.8028 - precision_2: 0.8933 - val_loss: 0.3106 - val_accuracy: 0.8875 - val_auc_2: 0.9229 - val_recall_2: 0.8179 - val_precision_2: 0.9481
Epoch 2/50
558/558 - 3s - loss: 0.3005 - accuracy: 0.8855 - auc_2: 0.9252 - recall_2: 0.8199 - precision_2: 0.9440 - val_loss: 0.2888 - val_accuracy: 0.8935 - val_auc_2: 0.9283 - val_recall_2: 0.8179 - val_precision_2: 0.9617
Epoch 3/50
558/558 - 3s - loss: 0.2831 - accuracy: 0.8922 - auc_2: 0.9304 - recall_2: 0.8223 - precision_2: 0.9562 - val_loss: 0.2727 - val_accuracy: 0.8951 - val_auc_2: 0.9327 - val_recall_2: 0.8240 - val_precision_2: 0.9586
Epoch 4/50
558/558 - 3s - loss: 0.2792 - accuracy: 0.8928 - auc_2: 0.9324 - recall_2: 0.8214 - precision_2: 0.9584 - val_loss: 0.2714 - val_accuracy: 0.8940 - val_auc_2: 0.9314 - val_recall_2: 0.8260 - val_precision_2: 0.9542
Epoch 5/50
558/558 - 3s - loss: 0.2739 - accuracy: 0.8946 - auc_2: 0.9324 - recall_2: 0.8225 - precision_2: 0.9612 - val_loss: 0.2715 - val_accuracy: 0.8961 - val_auc_2: 0.9331 - val_recall_2: 0.8260 - val_precision_2: 0.9587
Epoch 6/50
558/558 - 3s - loss: 0.2698 - accuracy: 0.8962 - auc_2: 0.9365 - recall_2: 0.8235 - precision_2: 0.9638 - val_loss: 0.2671 - val_accuracy: 0.8981 - val_auc_2: 0.9322 - val_recall_2: 0.8260 - val_precision_2: 0.9632
Epoch 7/50
558/558 - 3s - loss: 0.2675 - accuracy: 0.8963 - auc_2: 0.9357 - recall_2: 0.8229 - precision_2: 0.9648 - val_loss: 0.2629 - val_accuracy: 0.9021 - val_auc_2: 0.9344 - val_recall_2: 0.8250 - val_precision_2: 0.9736
Epoch 8/50
558/558 - 3s - loss: 0.2681 - accuracy: 0.8970 - auc_2: 0.9338 - recall_2: 0.8229 - precision_2: 0.9663 - val_loss: 0.2602 - val_accuracy: 0.8986 - val_auc_2: 0.9346 - val_recall_2: 0.8260 - val_precision_2: 0.9644
Epoch 9/50
558/558 - 3s - loss: 0.2643 - accuracy: 0.8977 - auc_2: 0.9348 - recall_2: 0.8230 - precision_2: 0.9679 - val_loss: 0.2644 - val_accuracy: 0.8961 - val_auc_2: 0.9346 - val_recall_2: 0.8230 - val_precision_2: 0.9620
Epoch 10/50
558/558 - 3s - loss: 0.2629 - accuracy: 0.8982 - auc_2: 0.9357 - recall_2: 0.8240 - precision_2: 0.9679 - val_loss: 0.2596 - val_accuracy: 0.8991 - val_auc_2: 0.9347 - val_recall_2: 0.8260 - val_precision_2: 0.9655
Epoch 11/50
558/558 - 3s - loss: 0.2623 - accuracy: 0.8992 - auc_2: 0.9349 - recall_2: 0.8241 - precision_2: 0.9701 - val_loss: 0.2587 - val_accuracy: 0.9006 - val_auc_2: 0.9354 - val_recall_2: 0.8260 - val_precision_2: 0.9690
Epoch 12/50
558/558 - 3s - loss: 0.2600 - accuracy: 0.8993 - auc_2: 0.9374 - recall_2: 0.8244 - precision_2: 0.9698 - val_loss: 0.2752 - val_accuracy: 0.8971 - val_auc_2: 0.9312 - val_recall_2: 0.8260 - val_precision_2: 0.9609
Epoch 13/50
558/558 - 3s - loss: 0.2594 - accuracy: 0.8996 - auc_2: 0.9368 - recall_2: 0.8246 - precision_2: 0.9705 - val_loss: 0.2653 - val_accuracy: 0.8961 - val_auc_2: 0.9338 - val_recall_2: 0.8250 - val_precision_2: 0.9598
Epoch 14/50
558/558 - 2s - loss: 0.2575 - accuracy: 0.9007 - auc_2: 0.9377 - recall_2: 0.8257 - precision_2: 0.9717 - val_loss: 0.2601 - val_accuracy: 0.9006 - val_auc_2: 0.9358 - val_recall_2: 0.8260 - val_precision_2: 0.9690
Epoch 15/50
558/558 - 3s - loss: 0.2561 - accuracy: 0.9010 - auc_2: 0.9365 - recall_2: 0.8255 - precision_2: 0.9727 - val_loss: 0.2576 - val_accuracy: 0.9016 - val_auc_2: 0.9352 - val_recall_2: 0.8260 - val_precision_2: 0.9713
Epoch 16/50
558/558 - 3s - loss: 0.2550 - accuracy: 0.9008 - auc_2: 0.9378 - recall_2: 0.8252 - precision_2: 0.9724 - val_loss: 0.2561 - val_accuracy: 0.9001 - val_auc_2: 0.9357 - val_recall_2: 0.8149 - val_precision_2: 0.9804
Epoch 17/50
558/558 - 3s - loss: 0.2542 - accuracy: 0.9014 - auc_2: 0.9365 - recall_2: 0.8255 - precision_2: 0.9736 - val_loss: 0.2722 - val_accuracy: 0.8951 - val_auc_2: 0.9354 - val_recall_2: 0.8067 - val_precision_2: 0.9778
Epoch 18/50
558/558 - 3s - loss: 0.2540 - accuracy: 0.9015 - auc_2: 0.9378 - recall_2: 0.8251 - precision_2: 0.9741 - val_loss: 0.2528 - val_accuracy: 0.9046 - val_auc_2: 0.9375 - val_recall_2: 0.8250 - val_precision_2: 0.9795
Epoch 19/50
558/558 - 3s - loss: 0.2529 - accuracy: 0.9014 - auc_2: 0.9389 - recall_2: 0.8250 - precision_2: 0.9739 - val_loss: 0.2663 - val_accuracy: 0.9006 - val_auc_2: 0.9346 - val_recall_2: 0.8179 - val_precision_2: 0.9781
Epoch 20/50
558/558 - 3s - loss: 0.2544 - accuracy: 0.9015 - auc_2: 0.9371 - recall_2: 0.8250 - precision_2: 0.9742 - val_loss: 0.2560 - val_accuracy: 0.9046 - val_auc_2: 0.9366 - val_recall_2: 0.8260 - val_precision_2: 0.9783
Epoch 21/50
558/558 - 3s - loss: 0.2505 - accuracy: 0.9027 - auc_2: 0.9376 - recall_2: 0.8259 - precision_2: 0.9760 - val_loss: 0.2545 - val_accuracy: 0.9046 - val_auc_2: 0.9364 - val_recall_2: 0.8240 - val_precision_2: 0.9806
Epoch 22/50
558/558 - 3s - loss: 0.2491 - accuracy: 0.9026 - auc_2: 0.9395 - recall_2: 0.8255 - precision_2: 0.9763 - val_loss: 0.2497 - val_accuracy: 0.9057 - val_auc_2: 0.9371 - val_recall_2: 0.8260 - val_precision_2: 0.9807
Epoch 23/50
558/558 - 3s - loss: 0.2500 - accuracy: 0.9023 - auc_2: 0.9384 - recall_2: 0.8255 - precision_2: 0.9755 - val_loss: 0.2585 - val_accuracy: 0.9031 - val_auc_2: 0.9356 - val_recall_2: 0.8260 - val_precision_2: 0.9748
Epoch 24/50
558/558 - 3s - loss: 0.2497 - accuracy: 0.9028 - auc_2: 0.9390 - recall_2: 0.8255 - precision_2: 0.9767 - val_loss: 0.2532 - val_accuracy: 0.9021 - val_auc_2: 0.9353 - val_recall_2: 0.8260 - val_precision_2: 0.9725
Epoch 25/50
558/558 - 3s - loss: 0.2494 - accuracy: 0.9029 - auc_2: 0.9399 - recall_2: 0.8250 - precision_2: 0.9774 - val_loss: 0.2483 - val_accuracy: 0.9072 - val_auc_2: 0.9389 - val_recall_2: 0.8260 - val_precision_2: 0.9842
Epoch 26/50
558/558 - 3s - loss: 0.2507 - accuracy: 0.9026 - auc_2: 0.9388 - recall_2: 0.8252 - precision_2: 0.9764 - val_loss: 0.2488 - val_accuracy: 0.9057 - val_auc_2: 0.9380 - val_recall_2: 0.8260 - val_precision_2: 0.9807
Epoch 27/50
558/558 - 3s - loss: 0.2463 - accuracy: 0.9041 - auc_2: 0.9402 - recall_2: 0.8260 - precision_2: 0.9790 - val_loss: 0.2542 - val_accuracy: 0.9041 - val_auc_2: 0.9373 - val_recall_2: 0.8250 - val_precision_2: 0.9783
Epoch 28/50
558/558 - 3s - loss: 0.2471 - accuracy: 0.9042 - auc_2: 0.9402 - recall_2: 0.8269 - precision_2: 0.9783 - val_loss: 0.2622 - val_accuracy: 0.8996 - val_auc_2: 0.9375 - val_recall_2: 0.8128 - val_precision_2: 0.9816
Epoch 29/50
558/558 - 3s - loss: 0.2453 - accuracy: 0.9046 - auc_2: 0.9402 - recall_2: 0.8269 - precision_2: 0.9792 - val_loss: 0.2552 - val_accuracy: 0.9021 - val_auc_2: 0.9359 - val_recall_2: 0.8210 - val_precision_2: 0.9782
Epoch 30/50
558/558 - 3s - loss: 0.2465 - accuracy: 0.9039 - auc_2: 0.9394 - recall_2: 0.8255 - precision_2: 0.9793 - val_loss: 0.2672 - val_accuracy: 0.9006 - val_auc_2: 0.9337 - val_recall_2: 0.8260 - val_precision_2: 0.9690
Epoch 31/50
558/558 - 3s - loss: 0.2478 - accuracy: 0.9039 - auc_2: 0.9386 - recall_2: 0.8268 - precision_2: 0.9777 - val_loss: 0.2515 - val_accuracy: 0.9072 - val_auc_2: 0.9384 - val_recall_2: 0.8250 - val_precision_2: 0.9854
Epoch 32/50
558/558 - 3s - loss: 0.2461 - accuracy: 0.9042 - auc_2: 0.9401 - recall_2: 0.8266 - precision_2: 0.9788 - val_loss: 0.2508 - val_accuracy: 0.9057 - val_auc_2: 0.9372 - val_recall_2: 0.8250 - val_precision_2: 0.9818
Epoch 33/50
558/558 - 3s - loss: 0.2481 - accuracy: 0.9033 - auc_2: 0.9383 - recall_2: 0.8257 - precision_2: 0.9777 - val_loss: 0.2467 - val_accuracy: 0.9067 - val_auc_2: 0.9381 - val_recall_2: 0.8260 - val_precision_2: 0.9831
Epoch 34/50
558/558 - 3s - loss: 0.2455 - accuracy: 0.9045 - auc_2: 0.9411 - recall_2: 0.8263 - precision_2: 0.9795 - val_loss: 0.2519 - val_accuracy: 0.9016 - val_auc_2: 0.9375 - val_recall_2: 0.8260 - val_precision_2: 0.9713
Epoch 35/50
558/558 - 3s - loss: 0.2451 - accuracy: 0.9043 - auc_2: 0.9410 - recall_2: 0.8268 - precision_2: 0.9787 - val_loss: 0.2437 - val_accuracy: 0.9067 - val_auc_2: 0.9385 - val_recall_2: 0.8250 - val_precision_2: 0.9842
Epoch 36/50
558/558 - 3s - loss: 0.2451 - accuracy: 0.9040 - auc_2: 0.9408 - recall_2: 0.8257 - precision_2: 0.9791 - val_loss: 0.2464 - val_accuracy: 0.9046 - val_auc_2: 0.9380 - val_recall_2: 0.8260 - val_precision_2: 0.9783
Epoch 37/50
558/558 - 3s - loss: 0.2498 - accuracy: 0.9041 - auc_2: 0.9389 - recall_2: 0.8268 - precision_2: 0.9783 - val_loss: 0.2450 - val_accuracy: 0.9072 - val_auc_2: 0.9379 - val_recall_2: 0.8260 - val_precision_2: 0.9842
Epoch 38/50
558/558 - 3s - loss: 0.2451 - accuracy: 0.9047 - auc_2: 0.9398 - recall_2: 0.8268 - precision_2: 0.9796 - val_loss: 0.2544 - val_accuracy: 0.9051 - val_auc_2: 0.9382 - val_recall_2: 0.8260 - val_precision_2: 0.9795
Epoch 39/50
558/558 - 3s - loss: 0.2466 - accuracy: 0.9038 - auc_2: 0.9384 - recall_2: 0.8262 - precision_2: 0.9782 - val_loss: 0.2528 - val_accuracy: 0.9041 - val_auc_2: 0.9370 - val_recall_2: 0.8250 - val_precision_2: 0.9783
Epoch 40/50
558/558 - 3s - loss: 0.2445 - accuracy: 0.9047 - auc_2: 0.9404 - recall_2: 0.8269 - precision_2: 0.9796 - val_loss: 0.2472 - val_accuracy: 0.9051 - val_auc_2: 0.9379 - val_recall_2: 0.8260 - val_precision_2: 0.9795
Epoch 41/50
558/558 - 3s - loss: 0.2439 - accuracy: 0.9041 - auc_2: 0.9404 - recall_2: 0.8268 - precision_2: 0.9781 - val_loss: 0.2474 - val_accuracy: 0.9072 - val_auc_2: 0.9374 - val_recall_2: 0.8250 - val_precision_2: 0.9854
Epoch 42/50
558/558 - 3s - loss: 0.2438 - accuracy: 0.9045 - auc_2: 0.9412 - recall_2: 0.8259 - precision_2: 0.9802 - val_loss: 0.2489 - val_accuracy: 0.9057 - val_auc_2: 0.9383 - val_recall_2: 0.8250 - val_precision_2: 0.9818
Epoch 43/50
558/558 - 3s - loss: 0.2418 - accuracy: 0.9052 - auc_2: 0.9408 - recall_2: 0.8268 - precision_2: 0.9809 - val_loss: 0.2450 - val_accuracy: 0.9057 - val_auc_2: 0.9385 - val_recall_2: 0.8250 - val_precision_2: 0.9818
Epoch 44/50
558/558 - 3s - loss: 0.2423 - accuracy: 0.9054 - auc_2: 0.9410 - recall_2: 0.8270 - precision_2: 0.9810 - val_loss: 0.2494 - val_accuracy: 0.9077 - val_auc_2: 0.9390 - val_recall_2: 0.8260 - val_precision_2: 0.9854
Epoch 45/50
558/558 - 3s - loss: 0.2430 - accuracy: 0.9056 - auc_2: 0.9396 - recall_2: 0.8277 - precision_2: 0.9808 - val_loss: 0.2449 - val_accuracy: 0.9067 - val_auc_2: 0.9383 - val_recall_2: 0.8260 - val_precision_2: 0.9831
Epoch 46/50
558/558 - 3s - loss: 0.2413 - accuracy: 0.9055 - auc_2: 0.9412 - recall_2: 0.8274 - precision_2: 0.9809 - val_loss: 0.2429 - val_accuracy: 0.9092 - val_auc_2: 0.9402 - val_recall_2: 0.8260 - val_precision_2: 0.9890
Epoch 47/50
558/558 - 3s - loss: 0.2411 - accuracy: 0.9057 - auc_2: 0.9388 - recall_2: 0.8267 - precision_2: 0.9820 - val_loss: 0.2426 - val_accuracy: 0.9067 - val_auc_2: 0.9394 - val_recall_2: 0.8250 - val_precision_2: 0.9842
Epoch 48/50
558/558 - 3s - loss: 0.2428 - accuracy: 0.9042 - auc_2: 0.9395 - recall_2: 0.8266 - precision_2: 0.9788 - val_loss: 0.2423 - val_accuracy: 0.9082 - val_auc_2: 0.9394 - val_recall_2: 0.8260 - val_precision_2: 0.9866
Epoch 49/50
558/558 - 3s - loss: 0.2401 - accuracy: 0.9059 - auc_2: 0.9421 - recall_2: 0.8274 - precision_2: 0.9818 - val_loss: 0.2474 - val_accuracy: 0.9046 - val_auc_2: 0.9379 - val_recall_2: 0.8260 - val_precision_2: 0.9783
Epoch 50/50
558/558 - 3s - loss: 0.2417 - accuracy: 0.9050 - auc_2: 0.9422 - recall_2: 0.8265 - precision_2: 0.9807 - val_loss: 0.2508 - val_accuracy: 0.9057 - val_auc_2: 0.9377 - val_recall_2: 0.8260 - val_precision_2: 0.9807
WARNING:tensorflow:Layer lstm_6 will not use cuDNN kernel since it doesn't meet the cuDNN kernel criteria. It will use generic GPU kernel as fallback when running on GPU
WARNING:tensorflow:Layer lstm_6 will not use cuDNN kernel since it doesn't meet the cuDNN kernel criteria. It will use generic GPU kernel as fallback when running on GPU
WARNING:tensorflow:Layer lstm_7 will not use cuDNN kernel since it doesn't meet the cuDNN kernel criteria. It will use generic GPU kernel as fallback when running on GPU
WARNING:tensorflow:Layer lstm_7 will not use cuDNN kernel since it doesn't meet the cuDNN kernel criteria. It will use generic GPU kernel as fallback when running on GPU
classifier is generated with time step 1
--------------------------------------------------------------
Measureing ps-detector-infec detector performance on test data
--------------------------------------------------------------
ps-detector-infec  testset_min:-1.7222021363244926
ps-detector-infec  testset_max:31.46267630066733
Metrics: 
 {'auc': 0.6057045551298423, 'accuracy': 0.9484998818804631, 'precision': 0.7272727272727273, 'recall': 0.5031446540880503, 'f1': 0.5947955390334572, 'fp': 60, 'tp': 160, 'fn': 158, 'tn': 3855, 'auprc': 0.35154224113055804, 'precision99': 0.8, 'recall99': 0.0}
proportion of infection events tagged by ps-detector-attack detector:  0.03855081239277425
proportion of infection events tagged by ps-detector-recon detector:  0.48077505298213746
proportion of infection events tagged by ps-detector-infec detector:  0.42188919164396005
proportion of events estimated to be benign :  0.0686749419719447
Permute truncated is False
Use prob embedding is False
Permute Truncated is disabled
Model: "model"
__________________________________________________________________________________________________
Layer (type)                    Output Shape         Param #     Connected to                     
==================================================================================================
input_1 (InputLayer)            [(None, 10, 4)]      0                                            
__________________________________________________________________________________________________
lstm_6 (LSTM)                   [(None, 10, 128), (N 68096       input_1[0][0]                    
__________________________________________________________________________________________________
batch_normalization (BatchNorma (None, 128)          512         lstm_6[0][1]                     
__________________________________________________________________________________________________
repeat_vector (RepeatVector)    (None, 10, 128)      0           batch_normalization[0][0]        
__________________________________________________________________________________________________
batch_normalization_1 (BatchNor (None, 128)          512         lstm_6[0][2]                     
__________________________________________________________________________________________________
lstm_7 (LSTM)                   (None, 10, 128)      131584      repeat_vector[0][0]              
                                                                 batch_normalization[0][0]        
                                                                 batch_normalization_1[0][0]      
__________________________________________________________________________________________________
dot (Dot)                       (None, 10, 10)       0           lstm_7[0][0]                     
                                                                 lstm_6[0][0]                     
__________________________________________________________________________________________________
activation (Activation)         (None, 10, 10)       0           dot[0][0]                        
__________________________________________________________________________________________________
dot_1 (Dot)                     (None, 10, 128)      0           activation[0][0]                 
                                                                 lstm_6[0][0]                     
__________________________________________________________________________________________________
batch_normalization_2 (BatchNor (None, 10, 128)      512         dot_1[0][0]                      
__________________________________________________________________________________________________
concatenate (Concatenate)       (None, 10, 256)      0           batch_normalization_2[0][0]      
                                                                 lstm_7[0][0]                     
__________________________________________________________________________________________________
time_distributed (TimeDistribut (None, 10, 1)        257         concatenate[0][0]                
__________________________________________________________________________________________________
activation_1 (Activation)       (None, 10, 1)        0           time_distributed[0][0]           
==================================================================================================
Total params: 201,473
Trainable params: 200,705
Non-trainable params: 768
__________________________________________________________________________________________________
Epoch 1/30
159/159 - 9s - loss: 0.0579 - accuracy: 0.9835 - auc_3: 0.9955 - recall_3: 0.9835 - precision_3: 0.9835 - val_loss: 0.0498 - val_accuracy: 0.9923 - val_auc_3: 0.9983 - val_recall_3: 0.9900 - val_precision_3: 0.9946
Epoch 2/30
159/159 - 6s - loss: 0.0353 - accuracy: 0.9930 - auc_3: 0.9967 - recall_3: 0.9939 - precision_3: 0.9920 - val_loss: 0.0275 - val_accuracy: 0.9936 - val_auc_3: 0.9987 - val_recall_3: 0.9940 - val_precision_3: 0.9933
Epoch 3/30
159/159 - 6s - loss: 0.0309 - accuracy: 0.9933 - auc_3: 0.9972 - recall_3: 0.9929 - precision_3: 0.9936 - val_loss: 0.0428 - val_accuracy: 0.9928 - val_auc_3: 0.9985 - val_recall_3: 0.9901 - val_precision_3: 0.9954
Epoch 4/30
159/159 - 6s - loss: 0.0316 - accuracy: 0.9933 - auc_3: 0.9971 - recall_3: 0.9932 - precision_3: 0.9934 - val_loss: 0.0485 - val_accuracy: 0.9911 - val_auc_3: 0.9984 - val_recall_3: 0.9856 - val_precision_3: 0.9966
Epoch 5/30
159/159 - 6s - loss: 0.0312 - accuracy: 0.9934 - auc_3: 0.9972 - recall_3: 0.9927 - precision_3: 0.9940 - val_loss: 0.0778 - val_accuracy: 0.9867 - val_auc_3: 0.9978 - val_recall_3: 0.9748 - val_precision_3: 0.9986
Epoch 6/30
159/159 - 6s - loss: 0.0284 - accuracy: 0.9933 - auc_3: 0.9978 - recall_3: 0.9929 - precision_3: 0.9938 - val_loss: 0.0251 - val_accuracy: 0.9941 - val_auc_3: 0.9986 - val_recall_3: 0.9903 - val_precision_3: 0.9979
Epoch 7/30
159/159 - 6s - loss: 0.0292 - accuracy: 0.9936 - auc_3: 0.9975 - recall_3: 0.9925 - precision_3: 0.9946 - val_loss: 0.0548 - val_accuracy: 0.9931 - val_auc_3: 0.9986 - val_recall_3: 0.9875 - val_precision_3: 0.9987
Epoch 8/30
159/159 - 6s - loss: 0.0290 - accuracy: 0.9934 - auc_3: 0.9977 - recall_3: 0.9930 - precision_3: 0.9937 - val_loss: 0.1873 - val_accuracy: 0.9579 - val_auc_3: 0.9988 - val_recall_3: 0.9166 - val_precision_3: 0.9991
Epoch 9/30
159/159 - 6s - loss: 0.0309 - accuracy: 0.9933 - auc_3: 0.9974 - recall_3: 0.9929 - precision_3: 0.9937 - val_loss: 0.0340 - val_accuracy: 0.9943 - val_auc_3: 0.9990 - val_recall_3: 0.9928 - val_precision_3: 0.9957
Epoch 10/30
159/159 - 6s - loss: 0.0277 - accuracy: 0.9936 - auc_3: 0.9978 - recall_3: 0.9926 - precision_3: 0.9946 - val_loss: 0.0457 - val_accuracy: 0.9950 - val_auc_3: 0.9992 - val_recall_3: 0.9918 - val_precision_3: 0.9981
Epoch 11/30
159/159 - 6s - loss: 0.0277 - accuracy: 0.9936 - auc_3: 0.9979 - recall_3: 0.9925 - precision_3: 0.9945 - val_loss: 0.1375 - val_accuracy: 0.9726 - val_auc_3: 0.9975 - val_recall_3: 0.9464 - val_precision_3: 0.9988
Epoch 12/30
159/159 - 6s - loss: 0.0273 - accuracy: 0.9937 - auc_3: 0.9979 - recall_3: 0.9927 - precision_3: 0.9946 - val_loss: 0.0394 - val_accuracy: 0.9935 - val_auc_3: 0.9982 - val_recall_3: 0.9880 - val_precision_3: 0.9989
Epoch 13/30
159/159 - 6s - loss: 0.0271 - accuracy: 0.9938 - auc_3: 0.9979 - recall_3: 0.9926 - precision_3: 0.9949 - val_loss: 0.0578 - val_accuracy: 0.9948 - val_auc_3: 0.9990 - val_recall_3: 0.9920 - val_precision_3: 0.9975
Epoch 14/30
159/159 - 6s - loss: 0.0260 - accuracy: 0.9937 - auc_3: 0.9982 - recall_3: 0.9927 - precision_3: 0.9947 - val_loss: 0.1950 - val_accuracy: 0.9528 - val_auc_3: 0.9976 - val_recall_3: 0.9061 - val_precision_3: 0.9994
Epoch 15/30
159/159 - 6s - loss: 0.0262 - accuracy: 0.9936 - auc_3: 0.9983 - recall_3: 0.9929 - precision_3: 0.9943 - val_loss: 0.1162 - val_accuracy: 0.9912 - val_auc_3: 0.9990 - val_recall_3: 0.9832 - val_precision_3: 0.9991
Epoch 16/30
159/159 - 6s - loss: 0.0273 - accuracy: 0.9937 - auc_3: 0.9980 - recall_3: 0.9927 - precision_3: 0.9946 - val_loss: 0.0620 - val_accuracy: 0.9950 - val_auc_3: 0.9989 - val_recall_3: 0.9919 - val_precision_3: 0.9980
Epoch 17/30
159/159 - 6s - loss: 0.0273 - accuracy: 0.9936 - auc_3: 0.9981 - recall_3: 0.9928 - precision_3: 0.9944 - val_loss: 0.1418 - val_accuracy: 0.9945 - val_auc_3: 0.9990 - val_recall_3: 0.9901 - val_precision_3: 0.9989
Epoch 18/30
159/159 - 6s - loss: 0.0257 - accuracy: 0.9939 - auc_3: 0.9983 - recall_3: 0.9930 - precision_3: 0.9948 - val_loss: 0.1103 - val_accuracy: 0.9949 - val_auc_3: 0.9990 - val_recall_3: 0.9906 - val_precision_3: 0.9992
Epoch 19/30
159/159 - 6s - loss: 0.0258 - accuracy: 0.9937 - auc_3: 0.9983 - recall_3: 0.9924 - precision_3: 0.9951 - val_loss: 0.6133 - val_accuracy: 0.6436 - val_auc_3: 0.9929 - val_recall_3: 0.2875 - val_precision_3: 1.0000
Epoch 20/30
159/159 - 6s - loss: 0.0267 - accuracy: 0.9936 - auc_3: 0.9981 - recall_3: 0.9923 - precision_3: 0.9949 - val_loss: 0.7587 - val_accuracy: 0.4998 - val_auc_3: 0.9986 - val_recall_3: 0.0000e+00 - val_precision_3: 0.0000e+00
Epoch 21/30
159/159 - 6s - loss: 0.0251 - accuracy: 0.9938 - auc_3: 0.9984 - recall_3: 0.9925 - precision_3: 0.9951 - val_loss: 0.2044 - val_accuracy: 0.9900 - val_auc_3: 0.9990 - val_recall_3: 0.9810 - val_precision_3: 0.9989
Epoch 22/30
159/159 - 6s - loss: 0.0244 - accuracy: 0.9938 - auc_3: 0.9985 - recall_3: 0.9926 - precision_3: 0.9951 - val_loss: 0.0706 - val_accuracy: 0.9952 - val_auc_3: 0.9990 - val_recall_3: 0.9917 - val_precision_3: 0.9986
Epoch 23/30
159/159 - 6s - loss: 0.0250 - accuracy: 0.9939 - auc_3: 0.9986 - recall_3: 0.9925 - precision_3: 0.9953 - val_loss: 0.0311 - val_accuracy: 0.9949 - val_auc_3: 0.9987 - val_recall_3: 0.9919 - val_precision_3: 0.9979
Epoch 24/30
159/159 - 6s - loss: 0.0243 - accuracy: 0.9940 - auc_3: 0.9985 - recall_3: 0.9925 - precision_3: 0.9954 - val_loss: 0.7398 - val_accuracy: 0.5126 - val_auc_3: 0.9965 - val_recall_3: 0.0256 - val_precision_3: 1.0000
Epoch 25/30
159/159 - 6s - loss: 0.0244 - accuracy: 0.9940 - auc_3: 0.9985 - recall_3: 0.9925 - precision_3: 0.9955 - val_loss: 0.5676 - val_accuracy: 0.5694 - val_auc_3: 0.9988 - val_recall_3: 0.1392 - val_precision_3: 1.0000
Epoch 26/30
159/159 - 6s - loss: 0.0250 - accuracy: 0.9938 - auc_3: 0.9984 - recall_3: 0.9924 - precision_3: 0.9952 - val_loss: 2.3008 - val_accuracy: 0.4998 - val_auc_3: 0.8815 - val_recall_3: 0.0000e+00 - val_precision_3: 0.0000e+00
Epoch 27/30
159/159 - 6s - loss: 0.0254 - accuracy: 0.9939 - auc_3: 0.9984 - recall_3: 0.9924 - precision_3: 0.9953 - val_loss: 0.2756 - val_accuracy: 0.9720 - val_auc_3: 0.9988 - val_recall_3: 0.9450 - val_precision_3: 0.9990
Epoch 28/30
159/159 - 6s - loss: 0.0253 - accuracy: 0.9939 - auc_3: 0.9983 - recall_3: 0.9925 - precision_3: 0.9953 - val_loss: 1.2211 - val_accuracy: 0.4998 - val_auc_3: 0.9956 - val_recall_3: 0.0000e+00 - val_precision_3: 0.0000e+00
Epoch 29/30
159/159 - 6s - loss: 0.0248 - accuracy: 0.9937 - auc_3: 0.9986 - recall_3: 0.9922 - precision_3: 0.9952 - val_loss: 0.1772 - val_accuracy: 0.9575 - val_auc_3: 0.9976 - val_recall_3: 0.9162 - val_precision_3: 0.9988
Epoch 30/30
159/159 - 6s - loss: 0.0241 - accuracy: 0.9938 - auc_3: 0.9986 - recall_3: 0.9920 - precision_3: 0.9956 - val_loss: 0.4203 - val_accuracy: 0.6085 - val_auc_3: 0.9989 - val_recall_3: 0.2173 - val_precision_3: 1.0000
Permute truncated is False
Use prob embedding is False
preds ps infec shape is (19818,)
test_data_infection.shape: (4233, 41)
test_data_infection.shape: (4233, 1, 41)
ps_infec.testset_min: -1.7222021363244926
ps_infec.testset_max: 31.46267630066733
Traceback (most recent call last):
  File "relabel_train.py", line 202, in <module>
    art_classifier = KerasClassifier(model=ps_infec.classifier[''], clip_values=(ps_infec.testset_min, ps_infec.testset_max), use_logits=False)
  File "/home/huan1932/.conda/envs/iotedef/lib/python3.8/site-packages/art/estimators/classification/keras.py", line 129, in __init__
    self._initialize_params(model, use_logits, input_layer, output_layer)
  File "/home/huan1932/.conda/envs/iotedef/lib/python3.8/site-packages/art/estimators/classification/keras.py", line 152, in _initialize_params
    raise ValueError("TensorFlow is executing eagerly. Please disable eager execution.")
ValueError: TensorFlow is executing eagerly. Please disable eager execution.
