2023-05-08 00:24:01.869254: I tensorflow/stream_executor/platform/default/dso_loader.cc:49] Successfully opened dynamic library libcudart.so.11.0
2023-05-08 00:24:02.480340: I tensorflow/compiler/jit/xla_cpu_device.cc:41] Not creating XLA devices, tf_xla_enable_xla_devices not set
2023-05-08 00:24:02.480882: I tensorflow/stream_executor/platform/default/dso_loader.cc:49] Successfully opened dynamic library libcuda.so.1
2023-05-08 00:24:02.510013: I tensorflow/stream_executor/cuda/cuda_gpu_executor.cc:941] successful NUMA node read from SysFS had negative value (-1), but there must be at least one NUMA node, so returning NUMA node zero
2023-05-08 00:24:02.510244: I tensorflow/core/common_runtime/gpu/gpu_device.cc:1720] Found device 0 with properties: 
pciBusID: 0000:41:00.0 name: NVIDIA GeForce RTX 3090 computeCapability: 8.6
coreClock: 1.695GHz coreCount: 82 deviceMemorySize: 23.70GiB deviceMemoryBandwidth: 871.81GiB/s
2023-05-08 00:24:02.510270: I tensorflow/stream_executor/platform/default/dso_loader.cc:49] Successfully opened dynamic library libcudart.so.11.0
2023-05-08 00:24:02.513316: I tensorflow/stream_executor/platform/default/dso_loader.cc:49] Successfully opened dynamic library libcublas.so.11
2023-05-08 00:24:02.513364: I tensorflow/stream_executor/platform/default/dso_loader.cc:49] Successfully opened dynamic library libcublasLt.so.11
2023-05-08 00:24:02.529515: I tensorflow/stream_executor/platform/default/dso_loader.cc:49] Successfully opened dynamic library libcufft.so.10
2023-05-08 00:24:02.529658: I tensorflow/stream_executor/platform/default/dso_loader.cc:49] Successfully opened dynamic library libcurand.so.10
2023-05-08 00:24:02.530448: I tensorflow/stream_executor/platform/default/dso_loader.cc:49] Successfully opened dynamic library libcusolver.so.10
2023-05-08 00:24:02.530873: I tensorflow/stream_executor/platform/default/dso_loader.cc:49] Successfully opened dynamic library libcusparse.so.11
2023-05-08 00:24:02.530961: I tensorflow/stream_executor/platform/default/dso_loader.cc:49] Successfully opened dynamic library libcudnn.so.8
2023-05-08 00:24:02.531045: I tensorflow/stream_executor/cuda/cuda_gpu_executor.cc:941] successful NUMA node read from SysFS had negative value (-1), but there must be at least one NUMA node, so returning NUMA node zero
2023-05-08 00:24:02.531237: I tensorflow/stream_executor/cuda/cuda_gpu_executor.cc:941] successful NUMA node read from SysFS had negative value (-1), but there must be at least one NUMA node, so returning NUMA node zero
2023-05-08 00:24:02.531376: I tensorflow/core/common_runtime/gpu/gpu_device.cc:1862] Adding visible gpu devices: 0
2023-05-08 00:24:02.531546: I tensorflow/core/platform/cpu_feature_guard.cc:142] This TensorFlow binary is optimized with oneAPI Deep Neural Network Library (oneDNN) to use the following CPU instructions in performance-critical operations:  AVX2 FMA
To enable them in other operations, rebuild TensorFlow with the appropriate compiler flags.
2023-05-08 00:24:02.533051: I tensorflow/compiler/jit/xla_gpu_device.cc:99] Not creating XLA devices, tf_xla_enable_xla_devices not set
2023-05-08 00:24:02.533125: I tensorflow/stream_executor/cuda/cuda_gpu_executor.cc:941] successful NUMA node read from SysFS had negative value (-1), but there must be at least one NUMA node, so returning NUMA node zero
2023-05-08 00:24:02.533289: I tensorflow/core/common_runtime/gpu/gpu_device.cc:1720] Found device 0 with properties: 
pciBusID: 0000:41:00.0 name: NVIDIA GeForce RTX 3090 computeCapability: 8.6
coreClock: 1.695GHz coreCount: 82 deviceMemorySize: 23.70GiB deviceMemoryBandwidth: 871.81GiB/s
2023-05-08 00:24:02.533307: I tensorflow/stream_executor/platform/default/dso_loader.cc:49] Successfully opened dynamic library libcudart.so.11.0
2023-05-08 00:24:02.533318: I tensorflow/stream_executor/platform/default/dso_loader.cc:49] Successfully opened dynamic library libcublas.so.11
2023-05-08 00:24:02.533327: I tensorflow/stream_executor/platform/default/dso_loader.cc:49] Successfully opened dynamic library libcublasLt.so.11
2023-05-08 00:24:02.533336: I tensorflow/stream_executor/platform/default/dso_loader.cc:49] Successfully opened dynamic library libcufft.so.10
2023-05-08 00:24:02.533353: I tensorflow/stream_executor/platform/default/dso_loader.cc:49] Successfully opened dynamic library libcurand.so.10
2023-05-08 00:24:02.533362: I tensorflow/stream_executor/platform/default/dso_loader.cc:49] Successfully opened dynamic library libcusolver.so.10
2023-05-08 00:24:02.533371: I tensorflow/stream_executor/platform/default/dso_loader.cc:49] Successfully opened dynamic library libcusparse.so.11
2023-05-08 00:24:02.533380: I tensorflow/stream_executor/platform/default/dso_loader.cc:49] Successfully opened dynamic library libcudnn.so.8
2023-05-08 00:24:02.533422: I tensorflow/stream_executor/cuda/cuda_gpu_executor.cc:941] successful NUMA node read from SysFS had negative value (-1), but there must be at least one NUMA node, so returning NUMA node zero
2023-05-08 00:24:02.533592: I tensorflow/stream_executor/cuda/cuda_gpu_executor.cc:941] successful NUMA node read from SysFS had negative value (-1), but there must be at least one NUMA node, so returning NUMA node zero
2023-05-08 00:24:02.533726: I tensorflow/core/common_runtime/gpu/gpu_device.cc:1862] Adding visible gpu devices: 0
2023-05-08 00:24:02.533749: I tensorflow/stream_executor/platform/default/dso_loader.cc:49] Successfully opened dynamic library libcudart.so.11.0
2023-05-08 00:24:02.798740: I tensorflow/core/common_runtime/gpu/gpu_device.cc:1261] Device interconnect StreamExecutor with strength 1 edge matrix:
2023-05-08 00:24:02.798779: I tensorflow/core/common_runtime/gpu/gpu_device.cc:1267]      0 
2023-05-08 00:24:02.798786: I tensorflow/core/common_runtime/gpu/gpu_device.cc:1280] 0:   N 
2023-05-08 00:24:02.798998: I tensorflow/stream_executor/cuda/cuda_gpu_executor.cc:941] successful NUMA node read from SysFS had negative value (-1), but there must be at least one NUMA node, so returning NUMA node zero
2023-05-08 00:24:02.799191: I tensorflow/stream_executor/cuda/cuda_gpu_executor.cc:941] successful NUMA node read from SysFS had negative value (-1), but there must be at least one NUMA node, so returning NUMA node zero
2023-05-08 00:24:02.799356: I tensorflow/stream_executor/cuda/cuda_gpu_executor.cc:941] successful NUMA node read from SysFS had negative value (-1), but there must be at least one NUMA node, so returning NUMA node zero
2023-05-08 00:24:02.799500: I tensorflow/core/common_runtime/gpu/gpu_device.cc:1406] Created TensorFlow device (/job:localhost/replica:0/task:0/device:GPU:0 with 22414 MB memory) -> physical GPU (device: 0, name: NVIDIA GeForce RTX 3090, pci bus id: 0000:41:00.0, compute capability: 8.6)
WARNING:tensorflow:Layer lstm will not use cuDNN kernel since it doesn't meet the cuDNN kernel criteria. It will use generic GPU kernel as fallback when running on GPU
WARNING:tensorflow:Layer lstm_1 will not use cuDNN kernel since it doesn't meet the cuDNN kernel criteria. It will use generic GPU kernel as fallback when running on GPU
2023-05-08 00:24:03.020968: I tensorflow/compiler/mlir/mlir_graph_optimization_pass.cc:116] None of the MLIR optimization passes are enabled (registered 2)
2023-05-08 00:24:03.021858: I tensorflow/core/platform/profile_utils/cpu_utils.cc:112] CPU Frequency: 3792855000 Hz
2023-05-08 00:24:04.107481: I tensorflow/stream_executor/platform/default/dso_loader.cc:49] Successfully opened dynamic library libcublas.so.11
2023-05-08 00:24:04.540366: I tensorflow/stream_executor/platform/default/dso_loader.cc:49] Successfully opened dynamic library libcublasLt.so.11
2023-05-08 00:24:04.547429: I tensorflow/stream_executor/cuda/cuda_blas.cc:1838] TensorFloat-32 will be used for the matrix multiplication. This will only be logged once.
the count of label lines 20084
(20084,)
normalizing the dataset!!
test_data_infection_min: -1.0
test_data_infection_max: 920098.0
normalized_test_data_infection_min: 0.0
normalized_test_data_infection_max: 1.0
train_data_infection_min: -1.0
train_data_infection_max: 1065148.0
normalized_train_data_infection_min: 0.0
normalized_train_data_infection_max: 1.0
test_data_reconnaissance_min: -1.0
test_data_reconnaissance_max: 920098.0
normalized_test_data_reconnaissance_min: 0.0
normalized_test_data_reconnaissance_max: 1.0
train_data_reconnaissance_min: -1.0
train_data_reconnaissance_max: 1065148.0
normalized_train_data_reconnaissance_min: 0.0
normalized_train_data_reconnaissance_max: 1.0
test_data_attack_min: -1.0
test_data_attack_max: 920098.0
normalized_test_data_attack_min: 0.0
normalized_test_data_attack_max: 1.0
train_data_attack_min: -1.0
train_data_attack_max: 1065148.0
normalized_train_data_attack_min: 0.0
normalized_train_data_attack_max: 1.0
features len is  41
------------------------------------
Training ps-detector-attack detector
------------------------------------
the info of dataset, (19152, 1, 41)
shuffle is enabled for training
Early stopping: NO.
Epoch 1/50
539/539 - 5s - loss: 0.1311 - accuracy: 0.9563 - auc: 0.9903 - recall: 0.9600 - precision: 0.9532 - val_loss: 0.0847 - val_accuracy: 0.9687 - val_auc: 0.9949 - val_recall: 0.9904 - val_precision: 0.9478
Epoch 2/50
539/539 - 3s - loss: 0.0636 - accuracy: 0.9757 - auc: 0.9970 - recall: 0.9858 - precision: 0.9664 - val_loss: 0.0722 - val_accuracy: 0.9729 - val_auc: 0.9955 - val_recall: 0.9818 - val_precision: 0.9633
Epoch 3/50
539/539 - 3s - loss: 0.0560 - accuracy: 0.9802 - auc: 0.9974 - recall: 0.9906 - precision: 0.9704 - val_loss: 0.0496 - val_accuracy: 0.9817 - val_auc: 0.9978 - val_recall: 0.9893 - val_precision: 0.9737
Epoch 4/50
539/539 - 3s - loss: 0.0515 - accuracy: 0.9809 - auc: 0.9978 - recall: 0.9907 - precision: 0.9717 - val_loss: 0.0524 - val_accuracy: 0.9786 - val_auc: 0.9981 - val_recall: 0.9818 - val_precision: 0.9745
Epoch 5/50
539/539 - 3s - loss: 0.0498 - accuracy: 0.9812 - auc: 0.9978 - recall: 0.9904 - precision: 0.9726 - val_loss: 0.0442 - val_accuracy: 0.9817 - val_auc: 0.9985 - val_recall: 0.9947 - val_precision: 0.9688
Epoch 6/50
539/539 - 3s - loss: 0.0466 - accuracy: 0.9820 - auc: 0.9983 - recall: 0.9918 - precision: 0.9729 - val_loss: 0.0427 - val_accuracy: 0.9833 - val_auc: 0.9989 - val_recall: 0.9893 - val_precision: 0.9768
Epoch 7/50
539/539 - 3s - loss: 0.0452 - accuracy: 0.9820 - auc: 0.9983 - recall: 0.9912 - precision: 0.9734 - val_loss: 0.0398 - val_accuracy: 0.9864 - val_auc: 0.9989 - val_recall: 0.9925 - val_precision: 0.9799
Epoch 8/50
539/539 - 3s - loss: 0.0450 - accuracy: 0.9828 - auc: 0.9984 - recall: 0.9916 - precision: 0.9746 - val_loss: 0.0417 - val_accuracy: 0.9802 - val_auc: 0.9989 - val_recall: 0.9840 - val_precision: 0.9756
Epoch 9/50
539/539 - 3s - loss: 0.0424 - accuracy: 0.9839 - auc: 0.9986 - recall: 0.9934 - precision: 0.9749 - val_loss: 0.0411 - val_accuracy: 0.9838 - val_auc: 0.9987 - val_recall: 0.9904 - val_precision: 0.9768
Epoch 10/50
539/539 - 3s - loss: 0.0437 - accuracy: 0.9833 - auc: 0.9984 - recall: 0.9925 - precision: 0.9747 - val_loss: 0.0401 - val_accuracy: 0.9859 - val_auc: 0.9989 - val_recall: 0.9914 - val_precision: 0.9799
Epoch 11/50
539/539 - 3s - loss: 0.0415 - accuracy: 0.9842 - auc: 0.9986 - recall: 0.9929 - precision: 0.9759 - val_loss: 0.0459 - val_accuracy: 0.9812 - val_auc: 0.9984 - val_recall: 0.9904 - val_precision: 0.9717
Epoch 12/50
539/539 - 3s - loss: 0.0418 - accuracy: 0.9845 - auc: 0.9985 - recall: 0.9933 - precision: 0.9761 - val_loss: 0.0365 - val_accuracy: 0.9870 - val_auc: 0.9990 - val_recall: 0.9947 - val_precision: 0.9789
Epoch 13/50
539/539 - 3s - loss: 0.0403 - accuracy: 0.9842 - auc: 0.9987 - recall: 0.9919 - precision: 0.9769 - val_loss: 0.0442 - val_accuracy: 0.9828 - val_auc: 0.9985 - val_recall: 0.9904 - val_precision: 0.9747
Epoch 14/50
539/539 - 3s - loss: 0.0393 - accuracy: 0.9844 - auc: 0.9988 - recall: 0.9928 - precision: 0.9764 - val_loss: 0.0415 - val_accuracy: 0.9838 - val_auc: 0.9988 - val_recall: 0.9936 - val_precision: 0.9738
Epoch 15/50
539/539 - 3s - loss: 0.0380 - accuracy: 0.9858 - auc: 0.9988 - recall: 0.9946 - precision: 0.9775 - val_loss: 0.0351 - val_accuracy: 0.9854 - val_auc: 0.9992 - val_recall: 0.9904 - val_precision: 0.9799
Epoch 16/50
539/539 - 3s - loss: 0.0372 - accuracy: 0.9855 - auc: 0.9988 - recall: 0.9932 - precision: 0.9782 - val_loss: 0.0368 - val_accuracy: 0.9864 - val_auc: 0.9990 - val_recall: 0.9893 - val_precision: 0.9830
Epoch 17/50
539/539 - 3s - loss: 0.0380 - accuracy: 0.9856 - auc: 0.9988 - recall: 0.9934 - precision: 0.9782 - val_loss: 0.0587 - val_accuracy: 0.9817 - val_auc: 0.9981 - val_recall: 0.9947 - val_precision: 0.9688
Epoch 18/50
539/539 - 3s - loss: 0.0356 - accuracy: 0.9865 - auc: 0.9989 - recall: 0.9939 - precision: 0.9795 - val_loss: 0.0324 - val_accuracy: 0.9885 - val_auc: 0.9994 - val_recall: 0.9989 - val_precision: 0.9780
Epoch 19/50
539/539 - 3s - loss: 0.0342 - accuracy: 0.9871 - auc: 0.9990 - recall: 0.9951 - precision: 0.9794 - val_loss: 0.0455 - val_accuracy: 0.9823 - val_auc: 0.9982 - val_recall: 0.9829 - val_precision: 0.9808
Epoch 20/50
539/539 - 3s - loss: 0.0336 - accuracy: 0.9869 - auc: 0.9991 - recall: 0.9929 - precision: 0.9811 - val_loss: 0.0327 - val_accuracy: 0.9885 - val_auc: 0.9993 - val_recall: 0.9936 - val_precision: 0.9831
Epoch 21/50
539/539 - 3s - loss: 0.0323 - accuracy: 0.9880 - auc: 0.9991 - recall: 0.9947 - precision: 0.9817 - val_loss: 0.0366 - val_accuracy: 0.9864 - val_auc: 0.9986 - val_recall: 0.9947 - val_precision: 0.9779
Epoch 22/50
539/539 - 3s - loss: 0.0328 - accuracy: 0.9878 - auc: 0.9991 - recall: 0.9944 - precision: 0.9815 - val_loss: 0.0308 - val_accuracy: 0.9901 - val_auc: 0.9993 - val_recall: 0.9936 - val_precision: 0.9862
Epoch 23/50
539/539 - 3s - loss: 0.0321 - accuracy: 0.9883 - auc: 0.9991 - recall: 0.9950 - precision: 0.9820 - val_loss: 0.0324 - val_accuracy: 0.9875 - val_auc: 0.9992 - val_recall: 0.9957 - val_precision: 0.9790
Epoch 24/50
539/539 - 3s - loss: 0.0319 - accuracy: 0.9883 - auc: 0.9992 - recall: 0.9949 - precision: 0.9820 - val_loss: 0.0332 - val_accuracy: 0.9875 - val_auc: 0.9991 - val_recall: 0.9925 - val_precision: 0.9820
Epoch 25/50
539/539 - 3s - loss: 0.0295 - accuracy: 0.9897 - auc: 0.9993 - recall: 0.9949 - precision: 0.9848 - val_loss: 0.0530 - val_accuracy: 0.9849 - val_auc: 0.9969 - val_recall: 1.0000 - val_precision: 0.9699
Epoch 26/50
539/539 - 3s - loss: 0.0326 - accuracy: 0.9887 - auc: 0.9988 - recall: 0.9948 - precision: 0.9828 - val_loss: 0.0348 - val_accuracy: 0.9880 - val_auc: 0.9990 - val_recall: 0.9957 - val_precision: 0.9800
Epoch 27/50
539/539 - 3s - loss: 0.0292 - accuracy: 0.9893 - auc: 0.9993 - recall: 0.9948 - precision: 0.9841 - val_loss: 0.0278 - val_accuracy: 0.9880 - val_auc: 0.9994 - val_recall: 0.9925 - val_precision: 0.9831
Epoch 28/50
539/539 - 3s - loss: 0.0298 - accuracy: 0.9894 - auc: 0.9992 - recall: 0.9947 - precision: 0.9843 - val_loss: 0.0370 - val_accuracy: 0.9843 - val_auc: 0.9990 - val_recall: 0.9850 - val_precision: 0.9829
Epoch 29/50
539/539 - 3s - loss: 0.0296 - accuracy: 0.9892 - auc: 0.9992 - recall: 0.9953 - precision: 0.9834 - val_loss: 0.0292 - val_accuracy: 0.9890 - val_auc: 0.9992 - val_recall: 0.9925 - val_precision: 0.9851
Epoch 30/50
539/539 - 3s - loss: 0.0277 - accuracy: 0.9893 - auc: 0.9994 - recall: 0.9946 - precision: 0.9843 - val_loss: 0.0277 - val_accuracy: 0.9885 - val_auc: 0.9995 - val_recall: 0.9957 - val_precision: 0.9810
Epoch 31/50
539/539 - 3s - loss: 0.0273 - accuracy: 0.9900 - auc: 0.9993 - recall: 0.9956 - precision: 0.9847 - val_loss: 0.0277 - val_accuracy: 0.9880 - val_auc: 0.9994 - val_recall: 0.9914 - val_precision: 0.9841
Epoch 32/50
539/539 - 3s - loss: 0.0266 - accuracy: 0.9900 - auc: 0.9993 - recall: 0.9947 - precision: 0.9854 - val_loss: 0.0241 - val_accuracy: 0.9896 - val_auc: 0.9997 - val_recall: 0.9925 - val_precision: 0.9862
Epoch 33/50
539/539 - 3s - loss: 0.0254 - accuracy: 0.9903 - auc: 0.9994 - recall: 0.9953 - precision: 0.9854 - val_loss: 0.0251 - val_accuracy: 0.9901 - val_auc: 0.9994 - val_recall: 0.9936 - val_precision: 0.9862
Epoch 34/50
539/539 - 3s - loss: 0.0267 - accuracy: 0.9907 - auc: 0.9993 - recall: 0.9959 - precision: 0.9856 - val_loss: 0.0365 - val_accuracy: 0.9875 - val_auc: 0.9993 - val_recall: 0.9850 - val_precision: 0.9893
Epoch 35/50
539/539 - 3s - loss: 0.0257 - accuracy: 0.9911 - auc: 0.9994 - recall: 0.9968 - precision: 0.9857 - val_loss: 0.0242 - val_accuracy: 0.9901 - val_auc: 0.9996 - val_recall: 0.9914 - val_precision: 0.9883
Epoch 36/50
539/539 - 3s - loss: 0.0269 - accuracy: 0.9897 - auc: 0.9993 - recall: 0.9946 - precision: 0.9850 - val_loss: 0.0245 - val_accuracy: 0.9927 - val_auc: 0.9995 - val_recall: 0.9957 - val_precision: 0.9894
Epoch 37/50
539/539 - 3s - loss: 0.0249 - accuracy: 0.9911 - auc: 0.9994 - recall: 0.9958 - precision: 0.9866 - val_loss: 0.0512 - val_accuracy: 0.9870 - val_auc: 0.9972 - val_recall: 0.9861 - val_precision: 0.9872
Epoch 38/50
539/539 - 3s - loss: 0.0248 - accuracy: 0.9905 - auc: 0.9994 - recall: 0.9954 - precision: 0.9859 - val_loss: 0.0201 - val_accuracy: 0.9922 - val_auc: 0.9998 - val_recall: 0.9989 - val_precision: 0.9852
Epoch 39/50
539/539 - 3s - loss: 0.0260 - accuracy: 0.9900 - auc: 0.9993 - recall: 0.9946 - precision: 0.9857 - val_loss: 0.0226 - val_accuracy: 0.9901 - val_auc: 0.9997 - val_recall: 0.9947 - val_precision: 0.9852
Epoch 40/50
539/539 - 3s - loss: 0.0238 - accuracy: 0.9915 - auc: 0.9994 - recall: 0.9962 - precision: 0.9870 - val_loss: 0.0238 - val_accuracy: 0.9927 - val_auc: 0.9997 - val_recall: 0.9936 - val_precision: 0.9915
Epoch 41/50
539/539 - 3s - loss: 0.0243 - accuracy: 0.9899 - auc: 0.9995 - recall: 0.9948 - precision: 0.9852 - val_loss: 0.0232 - val_accuracy: 0.9885 - val_auc: 0.9996 - val_recall: 0.9904 - val_precision: 0.9862
Epoch 42/50
539/539 - 3s - loss: 0.0244 - accuracy: 0.9908 - auc: 0.9994 - recall: 0.9956 - precision: 0.9861 - val_loss: 0.0204 - val_accuracy: 0.9927 - val_auc: 0.9997 - val_recall: 0.9957 - val_precision: 0.9894
Epoch 43/50
539/539 - 3s - loss: 0.0260 - accuracy: 0.9908 - auc: 0.9993 - recall: 0.9958 - precision: 0.9860 - val_loss: 0.0230 - val_accuracy: 0.9896 - val_auc: 0.9997 - val_recall: 0.9925 - val_precision: 0.9862
Epoch 44/50
539/539 - 3s - loss: 0.0231 - accuracy: 0.9914 - auc: 0.9996 - recall: 0.9964 - precision: 0.9865 - val_loss: 0.0222 - val_accuracy: 0.9911 - val_auc: 0.9996 - val_recall: 0.9925 - val_precision: 0.9893
Epoch 45/50
539/539 - 3s - loss: 0.0235 - accuracy: 0.9914 - auc: 0.9994 - recall: 0.9964 - precision: 0.9865 - val_loss: 0.0216 - val_accuracy: 0.9927 - val_auc: 0.9998 - val_recall: 0.9914 - val_precision: 0.9936
Epoch 46/50
539/539 - 3s - loss: 0.0239 - accuracy: 0.9915 - auc: 0.9994 - recall: 0.9963 - precision: 0.9869 - val_loss: 0.0228 - val_accuracy: 0.9906 - val_auc: 0.9995 - val_recall: 0.9936 - val_precision: 0.9872
Epoch 47/50
539/539 - 3s - loss: 0.0226 - accuracy: 0.9914 - auc: 0.9995 - recall: 0.9958 - precision: 0.9870 - val_loss: 0.0179 - val_accuracy: 0.9906 - val_auc: 0.9998 - val_recall: 0.9914 - val_precision: 0.9893
Epoch 48/50
539/539 - 3s - loss: 0.0212 - accuracy: 0.9922 - auc: 0.9996 - recall: 0.9975 - precision: 0.9872 - val_loss: 0.0188 - val_accuracy: 0.9932 - val_auc: 0.9997 - val_recall: 0.9957 - val_precision: 0.9904
Epoch 49/50
539/539 - 3s - loss: 0.0233 - accuracy: 0.9911 - auc: 0.9995 - recall: 0.9958 - precision: 0.9866 - val_loss: 0.0446 - val_accuracy: 0.9864 - val_auc: 0.9988 - val_recall: 0.9872 - val_precision: 0.9851
Epoch 50/50
539/539 - 3s - loss: 0.0234 - accuracy: 0.9919 - auc: 0.9994 - recall: 0.9970 - precision: 0.9869 - val_loss: 0.0261 - val_accuracy: 0.9932 - val_auc: 0.9992 - val_recall: 0.9989 - val_precision: 0.9873
WARNING:tensorflow:Layer lstm_2 will not use cuDNN kernel since it doesn't meet the cuDNN kernel criteria. It will use generic GPU kernel as fallback when running on GPU
WARNING:tensorflow:Layer lstm_2 will not use cuDNN kernel since it doesn't meet the cuDNN kernel criteria. It will use generic GPU kernel as fallback when running on GPU
WARNING:tensorflow:Layer lstm_3 will not use cuDNN kernel since it doesn't meet the cuDNN kernel criteria. It will use generic GPU kernel as fallback when running on GPU
WARNING:tensorflow:Layer lstm_3 will not use cuDNN kernel since it doesn't meet the cuDNN kernel criteria. It will use generic GPU kernel as fallback when running on GPU
classifier is generated with time step 1
---------------------------------------------------------------
Measureing ps-detector-attack detector performance on test data
---------------------------------------------------------------
Metrics: 
 {'auc': 0.7534270963147587, 'accuracy': 0.9811008740845736, 'precision': 1.0, 'recall': 0.34959349593495936, 'f1': 0.5180722891566265, 'fp': 0, 'tp': 43, 'fn': 80, 'tn': 4110, 'auprc': 0.6543778093099029, 'precision99': 0.01, 'recall99': 0.0}
features len is  41
-----------------------------------
Training ps-detector-recon detector
-----------------------------------
the info of dataset, (14410, 1, 41)
shuffle is enabled for training
Early stopping: NO.
Epoch 1/50
406/406 - 3s - loss: 0.3485 - accuracy: 0.8660 - auc_1: 0.8913 - recall_1: 0.9892 - precision_1: 0.7936 - val_loss: 0.3008 - val_accuracy: 0.8765 - val_auc_1: 0.9033 - val_recall_1: 0.9972 - val_precision_1: 0.8031
Epoch 2/50
406/406 - 2s - loss: 0.3004 - accuracy: 0.8772 - auc_1: 0.9013 - recall_1: 0.9958 - precision_1: 0.8048 - val_loss: 0.2985 - val_accuracy: 0.8765 - val_auc_1: 0.9032 - val_recall_1: 0.9972 - val_precision_1: 0.8031
Epoch 3/50
406/406 - 2s - loss: 0.2988 - accuracy: 0.8772 - auc_1: 0.9025 - recall_1: 0.9958 - precision_1: 0.8048 - val_loss: 0.2982 - val_accuracy: 0.8772 - val_auc_1: 0.9034 - val_recall_1: 0.9972 - val_precision_1: 0.8040
Epoch 4/50
406/406 - 2s - loss: 0.2978 - accuracy: 0.8772 - auc_1: 0.9052 - recall_1: 0.9958 - precision_1: 0.8048 - val_loss: 0.2985 - val_accuracy: 0.8765 - val_auc_1: 0.9034 - val_recall_1: 0.9972 - val_precision_1: 0.8031
Epoch 5/50
406/406 - 2s - loss: 0.2976 - accuracy: 0.8772 - auc_1: 0.9045 - recall_1: 0.9958 - precision_1: 0.8048 - val_loss: 0.3010 - val_accuracy: 0.8772 - val_auc_1: 0.9035 - val_recall_1: 0.9972 - val_precision_1: 0.8040
Epoch 6/50
406/406 - 2s - loss: 0.2966 - accuracy: 0.8774 - auc_1: 0.9029 - recall_1: 0.9965 - precision_1: 0.8048 - val_loss: 0.2995 - val_accuracy: 0.8765 - val_auc_1: 0.9036 - val_recall_1: 0.9972 - val_precision_1: 0.8031
Epoch 7/50
406/406 - 2s - loss: 0.2961 - accuracy: 0.8777 - auc_1: 0.9016 - recall_1: 0.9969 - precision_1: 0.8050 - val_loss: 0.2984 - val_accuracy: 0.8765 - val_auc_1: 0.9035 - val_recall_1: 0.9972 - val_precision_1: 0.8031
Epoch 8/50
406/406 - 2s - loss: 0.2960 - accuracy: 0.8777 - auc_1: 0.9017 - recall_1: 0.9971 - precision_1: 0.8049 - val_loss: 0.2977 - val_accuracy: 0.8765 - val_auc_1: 0.9036 - val_recall_1: 0.9972 - val_precision_1: 0.8031
Epoch 9/50
406/406 - 2s - loss: 0.2951 - accuracy: 0.8779 - auc_1: 0.9039 - recall_1: 0.9974 - precision_1: 0.8051 - val_loss: 0.2961 - val_accuracy: 0.8772 - val_auc_1: 0.9030 - val_recall_1: 0.9972 - val_precision_1: 0.8040
Epoch 10/50
406/406 - 2s - loss: 0.2946 - accuracy: 0.8779 - auc_1: 0.9032 - recall_1: 0.9974 - precision_1: 0.8051 - val_loss: 0.2951 - val_accuracy: 0.8772 - val_auc_1: 0.9036 - val_recall_1: 0.9972 - val_precision_1: 0.8040
Epoch 11/50
406/406 - 2s - loss: 0.2946 - accuracy: 0.8779 - auc_1: 0.9024 - recall_1: 0.9974 - precision_1: 0.8051 - val_loss: 0.2987 - val_accuracy: 0.8765 - val_auc_1: 0.9039 - val_recall_1: 0.9972 - val_precision_1: 0.8031
Epoch 12/50
406/406 - 2s - loss: 0.2940 - accuracy: 0.8780 - auc_1: 0.9028 - recall_1: 0.9974 - precision_1: 0.8052 - val_loss: 0.2974 - val_accuracy: 0.8765 - val_auc_1: 0.9035 - val_recall_1: 0.9972 - val_precision_1: 0.8031
Epoch 13/50
406/406 - 2s - loss: 0.2942 - accuracy: 0.8779 - auc_1: 0.9015 - recall_1: 0.9974 - precision_1: 0.8051 - val_loss: 0.2954 - val_accuracy: 0.8772 - val_auc_1: 0.9036 - val_recall_1: 0.9972 - val_precision_1: 0.8040
Epoch 14/50
406/406 - 2s - loss: 0.2928 - accuracy: 0.8780 - auc_1: 0.9046 - recall_1: 0.9974 - precision_1: 0.8052 - val_loss: 0.2995 - val_accuracy: 0.8772 - val_auc_1: 0.9031 - val_recall_1: 0.9972 - val_precision_1: 0.8040
Epoch 15/50
406/406 - 2s - loss: 0.2933 - accuracy: 0.8779 - auc_1: 0.9037 - recall_1: 0.9974 - precision_1: 0.8050 - val_loss: 0.2990 - val_accuracy: 0.8772 - val_auc_1: 0.9035 - val_recall_1: 0.9972 - val_precision_1: 0.8040
Epoch 16/50
406/406 - 2s - loss: 0.2933 - accuracy: 0.8780 - auc_1: 0.9029 - recall_1: 0.9974 - precision_1: 0.8052 - val_loss: 0.2950 - val_accuracy: 0.8772 - val_auc_1: 0.9036 - val_recall_1: 0.9972 - val_precision_1: 0.8040
Epoch 17/50
406/406 - 2s - loss: 0.2936 - accuracy: 0.8779 - auc_1: 0.9010 - recall_1: 0.9974 - precision_1: 0.8051 - val_loss: 0.2960 - val_accuracy: 0.8765 - val_auc_1: 0.9040 - val_recall_1: 0.9972 - val_precision_1: 0.8031
Epoch 18/50
406/406 - 2s - loss: 0.2926 - accuracy: 0.8778 - auc_1: 0.9049 - recall_1: 0.9974 - precision_1: 0.8049 - val_loss: 0.2970 - val_accuracy: 0.8765 - val_auc_1: 0.9039 - val_recall_1: 0.9972 - val_precision_1: 0.8031
Epoch 19/50
406/406 - 2s - loss: 0.2922 - accuracy: 0.8779 - auc_1: 0.9047 - recall_1: 0.9974 - precision_1: 0.8051 - val_loss: 0.2954 - val_accuracy: 0.8772 - val_auc_1: 0.9036 - val_recall_1: 0.9972 - val_precision_1: 0.8040
Epoch 20/50
406/406 - 2s - loss: 0.2928 - accuracy: 0.8779 - auc_1: 0.9028 - recall_1: 0.9974 - precision_1: 0.8051 - val_loss: 0.2985 - val_accuracy: 0.8765 - val_auc_1: 0.9036 - val_recall_1: 0.9972 - val_precision_1: 0.8031
Epoch 21/50
406/406 - 2s - loss: 0.2916 - accuracy: 0.8779 - auc_1: 0.9033 - recall_1: 0.9974 - precision_1: 0.8050 - val_loss: 0.2955 - val_accuracy: 0.8772 - val_auc_1: 0.9039 - val_recall_1: 0.9972 - val_precision_1: 0.8040
Epoch 22/50
406/406 - 2s - loss: 0.2919 - accuracy: 0.8779 - auc_1: 0.9030 - recall_1: 0.9974 - precision_1: 0.8051 - val_loss: 0.2952 - val_accuracy: 0.8772 - val_auc_1: 0.9036 - val_recall_1: 0.9972 - val_precision_1: 0.8040
Epoch 23/50
406/406 - 2s - loss: 0.2926 - accuracy: 0.8779 - auc_1: 0.9027 - recall_1: 0.9974 - precision_1: 0.8051 - val_loss: 0.2943 - val_accuracy: 0.8772 - val_auc_1: 0.9036 - val_recall_1: 0.9972 - val_precision_1: 0.8040
Epoch 24/50
406/406 - 2s - loss: 0.2920 - accuracy: 0.8777 - auc_1: 0.9031 - recall_1: 0.9974 - precision_1: 0.8048 - val_loss: 0.2946 - val_accuracy: 0.8772 - val_auc_1: 0.9036 - val_recall_1: 0.9972 - val_precision_1: 0.8040
Epoch 25/50
406/406 - 2s - loss: 0.2923 - accuracy: 0.8780 - auc_1: 0.9034 - recall_1: 0.9974 - precision_1: 0.8052 - val_loss: 0.2960 - val_accuracy: 0.8772 - val_auc_1: 0.9039 - val_recall_1: 0.9972 - val_precision_1: 0.8040
Epoch 26/50
406/406 - 2s - loss: 0.2915 - accuracy: 0.8780 - auc_1: 0.9049 - recall_1: 0.9974 - precision_1: 0.8052 - val_loss: 0.2970 - val_accuracy: 0.8772 - val_auc_1: 0.9039 - val_recall_1: 0.9972 - val_precision_1: 0.8040
Epoch 27/50
406/406 - 2s - loss: 0.2916 - accuracy: 0.8780 - auc_1: 0.9038 - recall_1: 0.9974 - precision_1: 0.8052 - val_loss: 0.2938 - val_accuracy: 0.8772 - val_auc_1: 0.9036 - val_recall_1: 0.9972 - val_precision_1: 0.8040
Epoch 28/50
406/406 - 2s - loss: 0.2916 - accuracy: 0.8781 - auc_1: 0.9044 - recall_1: 0.9974 - precision_1: 0.8053 - val_loss: 0.2938 - val_accuracy: 0.8772 - val_auc_1: 0.9036 - val_recall_1: 0.9972 - val_precision_1: 0.8040
Epoch 29/50
406/406 - 2s - loss: 0.2914 - accuracy: 0.8780 - auc_1: 0.9045 - recall_1: 0.9974 - precision_1: 0.8052 - val_loss: 0.2943 - val_accuracy: 0.8772 - val_auc_1: 0.9036 - val_recall_1: 0.9972 - val_precision_1: 0.8040
Epoch 30/50
406/406 - 2s - loss: 0.2912 - accuracy: 0.8780 - auc_1: 0.9063 - recall_1: 0.9974 - precision_1: 0.8052 - val_loss: 0.2970 - val_accuracy: 0.8772 - val_auc_1: 0.9039 - val_recall_1: 0.9972 - val_precision_1: 0.8040
Epoch 31/50
406/406 - 2s - loss: 0.2913 - accuracy: 0.8779 - auc_1: 0.9028 - recall_1: 0.9974 - precision_1: 0.8051 - val_loss: 0.2934 - val_accuracy: 0.8772 - val_auc_1: 0.9036 - val_recall_1: 0.9972 - val_precision_1: 0.8040
Epoch 32/50
406/406 - 2s - loss: 0.2911 - accuracy: 0.8781 - auc_1: 0.9048 - recall_1: 0.9974 - precision_1: 0.8053 - val_loss: 0.2936 - val_accuracy: 0.8772 - val_auc_1: 0.9036 - val_recall_1: 0.9972 - val_precision_1: 0.8040
Epoch 33/50
406/406 - 2s - loss: 0.2908 - accuracy: 0.8780 - auc_1: 0.9046 - recall_1: 0.9974 - precision_1: 0.8052 - val_loss: 0.2936 - val_accuracy: 0.8772 - val_auc_1: 0.9046 - val_recall_1: 0.9972 - val_precision_1: 0.8040
Epoch 34/50
406/406 - 2s - loss: 0.2914 - accuracy: 0.8782 - auc_1: 0.9058 - recall_1: 0.9974 - precision_1: 0.8054 - val_loss: 0.2978 - val_accuracy: 0.8772 - val_auc_1: 0.9041 - val_recall_1: 0.9972 - val_precision_1: 0.8040
Epoch 35/50
406/406 - 2s - loss: 0.2908 - accuracy: 0.8779 - auc_1: 0.9027 - recall_1: 0.9974 - precision_1: 0.8051 - val_loss: 0.2948 - val_accuracy: 0.8772 - val_auc_1: 0.9036 - val_recall_1: 0.9972 - val_precision_1: 0.8040
Epoch 36/50
406/406 - 2s - loss: 0.2909 - accuracy: 0.8781 - auc_1: 0.9051 - recall_1: 0.9974 - precision_1: 0.8053 - val_loss: 0.2944 - val_accuracy: 0.8772 - val_auc_1: 0.9036 - val_recall_1: 0.9972 - val_precision_1: 0.8040
Epoch 37/50
406/406 - 2s - loss: 0.2910 - accuracy: 0.8780 - auc_1: 0.9038 - recall_1: 0.9974 - precision_1: 0.8052 - val_loss: 0.2934 - val_accuracy: 0.8772 - val_auc_1: 0.9040 - val_recall_1: 0.9972 - val_precision_1: 0.8040
Epoch 38/50
406/406 - 2s - loss: 0.2909 - accuracy: 0.8779 - auc_1: 0.9041 - recall_1: 0.9974 - precision_1: 0.8051 - val_loss: 0.2937 - val_accuracy: 0.8772 - val_auc_1: 0.9036 - val_recall_1: 0.9972 - val_precision_1: 0.8040
Epoch 39/50
406/406 - 2s - loss: 0.2903 - accuracy: 0.8779 - auc_1: 0.9030 - recall_1: 0.9974 - precision_1: 0.8051 - val_loss: 0.2925 - val_accuracy: 0.8772 - val_auc_1: 0.9042 - val_recall_1: 0.9972 - val_precision_1: 0.8040
Epoch 40/50
406/406 - 2s - loss: 0.2895 - accuracy: 0.8782 - auc_1: 0.9068 - recall_1: 0.9974 - precision_1: 0.8055 - val_loss: 0.2938 - val_accuracy: 0.8772 - val_auc_1: 0.9042 - val_recall_1: 0.9972 - val_precision_1: 0.8040
Epoch 41/50
406/406 - 2s - loss: 0.2908 - accuracy: 0.8781 - auc_1: 0.9033 - recall_1: 0.9974 - precision_1: 0.8053 - val_loss: 0.2926 - val_accuracy: 0.8772 - val_auc_1: 0.9042 - val_recall_1: 0.9972 - val_precision_1: 0.8040
Epoch 42/50
406/406 - 2s - loss: 0.2899 - accuracy: 0.8782 - auc_1: 0.9064 - recall_1: 0.9974 - precision_1: 0.8054 - val_loss: 0.2936 - val_accuracy: 0.8772 - val_auc_1: 0.9036 - val_recall_1: 0.9972 - val_precision_1: 0.8040
Epoch 43/50
406/406 - 2s - loss: 0.2901 - accuracy: 0.8781 - auc_1: 0.9032 - recall_1: 0.9974 - precision_1: 0.8053 - val_loss: 0.2907 - val_accuracy: 0.8772 - val_auc_1: 0.9042 - val_recall_1: 0.9972 - val_precision_1: 0.8040
Epoch 44/50
406/406 - 2s - loss: 0.2903 - accuracy: 0.8780 - auc_1: 0.9051 - recall_1: 0.9974 - precision_1: 0.8052 - val_loss: 0.2932 - val_accuracy: 0.8772 - val_auc_1: 0.9039 - val_recall_1: 0.9972 - val_precision_1: 0.8040
Epoch 45/50
406/406 - 2s - loss: 0.2894 - accuracy: 0.8786 - auc_1: 0.9027 - recall_1: 0.9974 - precision_1: 0.8059 - val_loss: 0.2931 - val_accuracy: 0.8806 - val_auc_1: 0.9042 - val_recall_1: 0.9972 - val_precision_1: 0.8086
Epoch 46/50
406/406 - 2s - loss: 0.2893 - accuracy: 0.8786 - auc_1: 0.9062 - recall_1: 0.9974 - precision_1: 0.8060 - val_loss: 0.2904 - val_accuracy: 0.8806 - val_auc_1: 0.9036 - val_recall_1: 0.9972 - val_precision_1: 0.8086
Epoch 47/50
406/406 - 2s - loss: 0.2894 - accuracy: 0.8789 - auc_1: 0.9012 - recall_1: 0.9974 - precision_1: 0.8064 - val_loss: 0.2906 - val_accuracy: 0.8806 - val_auc_1: 0.9033 - val_recall_1: 0.9972 - val_precision_1: 0.8086
Epoch 48/50
406/406 - 2s - loss: 0.2893 - accuracy: 0.8793 - auc_1: 0.9036 - recall_1: 0.9974 - precision_1: 0.8069 - val_loss: 0.2937 - val_accuracy: 0.8772 - val_auc_1: 0.9042 - val_recall_1: 0.9972 - val_precision_1: 0.8040
Epoch 49/50
406/406 - 2s - loss: 0.2885 - accuracy: 0.8796 - auc_1: 0.9047 - recall_1: 0.9974 - precision_1: 0.8072 - val_loss: 0.2900 - val_accuracy: 0.8806 - val_auc_1: 0.9036 - val_recall_1: 0.9972 - val_precision_1: 0.8086
Epoch 50/50
406/406 - 2s - loss: 0.2891 - accuracy: 0.8792 - auc_1: 0.9025 - recall_1: 0.9974 - precision_1: 0.8067 - val_loss: 0.2893 - val_accuracy: 0.8806 - val_auc_1: 0.9042 - val_recall_1: 0.9972 - val_precision_1: 0.8086
WARNING:tensorflow:Layer lstm_4 will not use cuDNN kernel since it doesn't meet the cuDNN kernel criteria. It will use generic GPU kernel as fallback when running on GPU
WARNING:tensorflow:Layer lstm_4 will not use cuDNN kernel since it doesn't meet the cuDNN kernel criteria. It will use generic GPU kernel as fallback when running on GPU
WARNING:tensorflow:Layer lstm_5 will not use cuDNN kernel since it doesn't meet the cuDNN kernel criteria. It will use generic GPU kernel as fallback when running on GPU
WARNING:tensorflow:Layer lstm_5 will not use cuDNN kernel since it doesn't meet the cuDNN kernel criteria. It will use generic GPU kernel as fallback when running on GPU
classifier is generated with time step 1
--------------------------------------------------------------
Measureing ps-detector-recon detector performance on test data
--------------------------------------------------------------
Metrics: 
 {'auc': 0.8035962487616011, 'accuracy': 0.9274746042995512, 'precision': 0.912447885646218, 'recall': 0.9957751056223595, 'f1': 0.9522921522921524, 'fp': 294, 'tp': 3064, 'fn': 13, 'tn': 862, 'auprc': 0.7774283338945672, 'precision99': 0.5, 'recall99': 0.22}
features len is  41
-----------------------------------
Training ps-detector-infec detector
-----------------------------------
the info of dataset, (19818, 1, 41)
shuffle is enabled for training
Early stopping: NO.
Epoch 1/50
558/558 - 4s - loss: 0.3814 - accuracy: 0.8533 - auc_2: 0.8954 - recall_2: 0.8027 - precision_2: 0.8933 - val_loss: 0.3107 - val_accuracy: 0.8870 - val_auc_2: 0.9227 - val_recall_2: 0.8169 - val_precision_2: 0.9481
Epoch 2/50
558/558 - 3s - loss: 0.3004 - accuracy: 0.8855 - auc_2: 0.9253 - recall_2: 0.8201 - precision_2: 0.9437 - val_loss: 0.2879 - val_accuracy: 0.8935 - val_auc_2: 0.9283 - val_recall_2: 0.8179 - val_precision_2: 0.9617
Epoch 3/50
558/558 - 3s - loss: 0.2835 - accuracy: 0.8921 - auc_2: 0.9302 - recall_2: 0.8222 - precision_2: 0.9561 - val_loss: 0.2721 - val_accuracy: 0.8951 - val_auc_2: 0.9325 - val_recall_2: 0.8250 - val_precision_2: 0.9575
Epoch 4/50
558/558 - 3s - loss: 0.2795 - accuracy: 0.8926 - auc_2: 0.9324 - recall_2: 0.8220 - precision_2: 0.9573 - val_loss: 0.2716 - val_accuracy: 0.8940 - val_auc_2: 0.9318 - val_recall_2: 0.8260 - val_precision_2: 0.9542
Epoch 5/50
558/558 - 3s - loss: 0.2736 - accuracy: 0.8945 - auc_2: 0.9325 - recall_2: 0.8223 - precision_2: 0.9612 - val_loss: 0.2711 - val_accuracy: 0.8961 - val_auc_2: 0.9330 - val_recall_2: 0.8260 - val_precision_2: 0.9587
Epoch 6/50
558/558 - 3s - loss: 0.2703 - accuracy: 0.8957 - auc_2: 0.9364 - recall_2: 0.8233 - precision_2: 0.9629 - val_loss: 0.2662 - val_accuracy: 0.8981 - val_auc_2: 0.9322 - val_recall_2: 0.8260 - val_precision_2: 0.9632
Epoch 7/50
558/558 - 3s - loss: 0.2674 - accuracy: 0.8964 - auc_2: 0.9357 - recall_2: 0.8229 - precision_2: 0.9649 - val_loss: 0.2620 - val_accuracy: 0.9026 - val_auc_2: 0.9340 - val_recall_2: 0.8250 - val_precision_2: 0.9748
Epoch 8/50
558/558 - 3s - loss: 0.2675 - accuracy: 0.8977 - auc_2: 0.9340 - recall_2: 0.8241 - precision_2: 0.9665 - val_loss: 0.2607 - val_accuracy: 0.8986 - val_auc_2: 0.9346 - val_recall_2: 0.8260 - val_precision_2: 0.9644
Epoch 9/50
558/558 - 3s - loss: 0.2643 - accuracy: 0.8975 - auc_2: 0.9348 - recall_2: 0.8228 - precision_2: 0.9675 - val_loss: 0.2644 - val_accuracy: 0.8956 - val_auc_2: 0.9344 - val_recall_2: 0.8230 - val_precision_2: 0.9608
Epoch 10/50
558/558 - 3s - loss: 0.2625 - accuracy: 0.8985 - auc_2: 0.9360 - recall_2: 0.8242 - precision_2: 0.9683 - val_loss: 0.2577 - val_accuracy: 0.8996 - val_auc_2: 0.9352 - val_recall_2: 0.8260 - val_precision_2: 0.9667
Epoch 11/50
558/558 - 3s - loss: 0.2626 - accuracy: 0.8993 - auc_2: 0.9346 - recall_2: 0.8242 - precision_2: 0.9701 - val_loss: 0.2585 - val_accuracy: 0.9006 - val_auc_2: 0.9355 - val_recall_2: 0.8260 - val_precision_2: 0.9690
Epoch 12/50
558/558 - 3s - loss: 0.2600 - accuracy: 0.8995 - auc_2: 0.9372 - recall_2: 0.8246 - precision_2: 0.9701 - val_loss: 0.2784 - val_accuracy: 0.8976 - val_auc_2: 0.9302 - val_recall_2: 0.8260 - val_precision_2: 0.9621
Epoch 13/50
558/558 - 3s - loss: 0.2600 - accuracy: 0.8996 - auc_2: 0.9366 - recall_2: 0.8243 - precision_2: 0.9707 - val_loss: 0.2678 - val_accuracy: 0.8956 - val_auc_2: 0.9340 - val_recall_2: 0.8250 - val_precision_2: 0.9586
Epoch 14/50
558/558 - 3s - loss: 0.2578 - accuracy: 0.9004 - auc_2: 0.9376 - recall_2: 0.8256 - precision_2: 0.9711 - val_loss: 0.2613 - val_accuracy: 0.9006 - val_auc_2: 0.9358 - val_recall_2: 0.8260 - val_precision_2: 0.9690
Epoch 15/50
558/558 - 3s - loss: 0.2566 - accuracy: 0.9010 - auc_2: 0.9363 - recall_2: 0.8253 - precision_2: 0.9728 - val_loss: 0.2565 - val_accuracy: 0.9021 - val_auc_2: 0.9353 - val_recall_2: 0.8260 - val_precision_2: 0.9725
Epoch 16/50
558/558 - 3s - loss: 0.2551 - accuracy: 0.9009 - auc_2: 0.9374 - recall_2: 0.8252 - precision_2: 0.9727 - val_loss: 0.2566 - val_accuracy: 0.9001 - val_auc_2: 0.9355 - val_recall_2: 0.8149 - val_precision_2: 0.9804
Epoch 17/50
558/558 - 3s - loss: 0.2544 - accuracy: 0.9017 - auc_2: 0.9366 - recall_2: 0.8256 - precision_2: 0.9740 - val_loss: 0.2610 - val_accuracy: 0.9026 - val_auc_2: 0.9359 - val_recall_2: 0.8240 - val_precision_2: 0.9759
Epoch 18/50
558/558 - 3s - loss: 0.2542 - accuracy: 0.9012 - auc_2: 0.9379 - recall_2: 0.8248 - precision_2: 0.9738 - val_loss: 0.2633 - val_accuracy: 0.8976 - val_auc_2: 0.9339 - val_recall_2: 0.8128 - val_precision_2: 0.9768
Epoch 19/50
558/558 - 3s - loss: 0.2527 - accuracy: 0.9018 - auc_2: 0.9388 - recall_2: 0.8255 - precision_2: 0.9745 - val_loss: 0.2686 - val_accuracy: 0.8996 - val_auc_2: 0.9330 - val_recall_2: 0.8179 - val_precision_2: 0.9757
Epoch 20/50
558/558 - 3s - loss: 0.2550 - accuracy: 0.9015 - auc_2: 0.9364 - recall_2: 0.8250 - precision_2: 0.9743 - val_loss: 0.2585 - val_accuracy: 0.9031 - val_auc_2: 0.9363 - val_recall_2: 0.8250 - val_precision_2: 0.9759
Epoch 21/50
558/558 - 3s - loss: 0.2509 - accuracy: 0.9022 - auc_2: 0.9382 - recall_2: 0.8251 - precision_2: 0.9756 - val_loss: 0.2543 - val_accuracy: 0.9057 - val_auc_2: 0.9365 - val_recall_2: 0.8240 - val_precision_2: 0.9830
Epoch 22/50
558/558 - 3s - loss: 0.2496 - accuracy: 0.9024 - auc_2: 0.9394 - recall_2: 0.8248 - precision_2: 0.9765 - val_loss: 0.2507 - val_accuracy: 0.9062 - val_auc_2: 0.9375 - val_recall_2: 0.8260 - val_precision_2: 0.9819
Epoch 23/50
558/558 - 3s - loss: 0.2500 - accuracy: 0.9024 - auc_2: 0.9386 - recall_2: 0.8255 - precision_2: 0.9758 - val_loss: 0.2599 - val_accuracy: 0.9031 - val_auc_2: 0.9360 - val_recall_2: 0.8260 - val_precision_2: 0.9748
Epoch 24/50
558/558 - 3s - loss: 0.2514 - accuracy: 0.9023 - auc_2: 0.9390 - recall_2: 0.8252 - precision_2: 0.9758 - val_loss: 0.2511 - val_accuracy: 0.9021 - val_auc_2: 0.9362 - val_recall_2: 0.8260 - val_precision_2: 0.9725
Epoch 25/50
558/558 - 3s - loss: 0.2490 - accuracy: 0.9027 - auc_2: 0.9398 - recall_2: 0.8252 - precision_2: 0.9767 - val_loss: 0.2522 - val_accuracy: 0.9062 - val_auc_2: 0.9384 - val_recall_2: 0.8240 - val_precision_2: 0.9842
Epoch 26/50
558/558 - 3s - loss: 0.2493 - accuracy: 0.9029 - auc_2: 0.9390 - recall_2: 0.8256 - precision_2: 0.9768 - val_loss: 0.2500 - val_accuracy: 0.9031 - val_auc_2: 0.9376 - val_recall_2: 0.8260 - val_precision_2: 0.9748
Epoch 27/50
558/558 - 3s - loss: 0.2463 - accuracy: 0.9040 - auc_2: 0.9405 - recall_2: 0.8258 - precision_2: 0.9790 - val_loss: 0.2541 - val_accuracy: 0.9041 - val_auc_2: 0.9374 - val_recall_2: 0.8250 - val_precision_2: 0.9783
Epoch 28/50
558/558 - 3s - loss: 0.2481 - accuracy: 0.9035 - auc_2: 0.9403 - recall_2: 0.8265 - precision_2: 0.9771 - val_loss: 0.2538 - val_accuracy: 0.9057 - val_auc_2: 0.9376 - val_recall_2: 0.8260 - val_precision_2: 0.9807
Epoch 29/50
558/558 - 3s - loss: 0.2455 - accuracy: 0.9048 - auc_2: 0.9401 - recall_2: 0.8267 - precision_2: 0.9799 - val_loss: 0.2509 - val_accuracy: 0.9041 - val_auc_2: 0.9376 - val_recall_2: 0.8250 - val_precision_2: 0.9783
Epoch 30/50
558/558 - 3s - loss: 0.2458 - accuracy: 0.9038 - auc_2: 0.9392 - recall_2: 0.8256 - precision_2: 0.9790 - val_loss: 0.2501 - val_accuracy: 0.9036 - val_auc_2: 0.9378 - val_recall_2: 0.8260 - val_precision_2: 0.9760
Epoch 31/50
558/558 - 3s - loss: 0.2463 - accuracy: 0.9041 - auc_2: 0.9388 - recall_2: 0.8271 - precision_2: 0.9779 - val_loss: 0.2504 - val_accuracy: 0.9062 - val_auc_2: 0.9391 - val_recall_2: 0.8240 - val_precision_2: 0.9842
Epoch 32/50
558/558 - 3s - loss: 0.2462 - accuracy: 0.9041 - auc_2: 0.9399 - recall_2: 0.8267 - precision_2: 0.9783 - val_loss: 0.2481 - val_accuracy: 0.9057 - val_auc_2: 0.9381 - val_recall_2: 0.8260 - val_precision_2: 0.9807
Epoch 33/50
558/558 - 3s - loss: 0.2478 - accuracy: 0.9037 - auc_2: 0.9378 - recall_2: 0.8260 - precision_2: 0.9782 - val_loss: 0.2466 - val_accuracy: 0.9067 - val_auc_2: 0.9377 - val_recall_2: 0.8260 - val_precision_2: 0.9831
Epoch 34/50
558/558 - 3s - loss: 0.2463 - accuracy: 0.9037 - auc_2: 0.9404 - recall_2: 0.8261 - precision_2: 0.9780 - val_loss: 0.2483 - val_accuracy: 0.9041 - val_auc_2: 0.9380 - val_recall_2: 0.8260 - val_precision_2: 0.9771
Epoch 35/50
558/558 - 3s - loss: 0.2449 - accuracy: 0.9036 - auc_2: 0.9410 - recall_2: 0.8260 - precision_2: 0.9780 - val_loss: 0.2428 - val_accuracy: 0.9072 - val_auc_2: 0.9391 - val_recall_2: 0.8250 - val_precision_2: 0.9854
Epoch 36/50
558/558 - 3s - loss: 0.2444 - accuracy: 0.9038 - auc_2: 0.9406 - recall_2: 0.8253 - precision_2: 0.9793 - val_loss: 0.2447 - val_accuracy: 0.9062 - val_auc_2: 0.9387 - val_recall_2: 0.8260 - val_precision_2: 0.9819
Epoch 37/50
558/558 - 3s - loss: 0.2439 - accuracy: 0.9049 - auc_2: 0.9397 - recall_2: 0.8270 - precision_2: 0.9798 - val_loss: 0.2436 - val_accuracy: 0.9072 - val_auc_2: 0.9393 - val_recall_2: 0.8260 - val_precision_2: 0.9842
Epoch 38/50
558/558 - 3s - loss: 0.2427 - accuracy: 0.9054 - auc_2: 0.9401 - recall_2: 0.8274 - precision_2: 0.9805 - val_loss: 0.2529 - val_accuracy: 0.9051 - val_auc_2: 0.9390 - val_recall_2: 0.8260 - val_precision_2: 0.9795
Epoch 39/50
558/558 - 3s - loss: 0.2447 - accuracy: 0.9040 - auc_2: 0.9386 - recall_2: 0.8260 - precision_2: 0.9789 - val_loss: 0.2504 - val_accuracy: 0.9036 - val_auc_2: 0.9386 - val_recall_2: 0.8240 - val_precision_2: 0.9783
Epoch 40/50
558/558 - 3s - loss: 0.2426 - accuracy: 0.9053 - auc_2: 0.9401 - recall_2: 0.8272 - precision_2: 0.9805 - val_loss: 0.2433 - val_accuracy: 0.9067 - val_auc_2: 0.9390 - val_recall_2: 0.8250 - val_precision_2: 0.9842
Epoch 41/50
558/558 - 3s - loss: 0.2413 - accuracy: 0.9049 - auc_2: 0.9412 - recall_2: 0.8271 - precision_2: 0.9797 - val_loss: 0.2408 - val_accuracy: 0.9072 - val_auc_2: 0.9396 - val_recall_2: 0.8260 - val_precision_2: 0.9842
Epoch 42/50
558/558 - 3s - loss: 0.2416 - accuracy: 0.9051 - auc_2: 0.9418 - recall_2: 0.8267 - precision_2: 0.9806 - val_loss: 0.2443 - val_accuracy: 0.9057 - val_auc_2: 0.9387 - val_recall_2: 0.8260 - val_precision_2: 0.9807
Epoch 43/50
558/558 - 3s - loss: 0.2407 - accuracy: 0.9052 - auc_2: 0.9410 - recall_2: 0.8268 - precision_2: 0.9807 - val_loss: 0.2370 - val_accuracy: 0.9077 - val_auc_2: 0.9406 - val_recall_2: 0.8250 - val_precision_2: 0.9866
Epoch 44/50
558/558 - 3s - loss: 0.2437 - accuracy: 0.9049 - auc_2: 0.9406 - recall_2: 0.8261 - precision_2: 0.9807 - val_loss: 0.2683 - val_accuracy: 0.9026 - val_auc_2: 0.9331 - val_recall_2: 0.8260 - val_precision_2: 0.9736
Epoch 45/50
558/558 - 3s - loss: 0.2424 - accuracy: 0.9054 - auc_2: 0.9398 - recall_2: 0.8275 - precision_2: 0.9804 - val_loss: 0.2379 - val_accuracy: 0.9087 - val_auc_2: 0.9406 - val_recall_2: 0.8260 - val_precision_2: 0.9878
Epoch 46/50
558/558 - 3s - loss: 0.2424 - accuracy: 0.9056 - auc_2: 0.9411 - recall_2: 0.8270 - precision_2: 0.9815 - val_loss: 0.2388 - val_accuracy: 0.9097 - val_auc_2: 0.9409 - val_recall_2: 0.8260 - val_precision_2: 0.9902
Epoch 47/50
558/558 - 3s - loss: 0.2400 - accuracy: 0.9054 - auc_2: 0.9395 - recall_2: 0.8266 - precision_2: 0.9815 - val_loss: 0.2341 - val_accuracy: 0.9087 - val_auc_2: 0.9409 - val_recall_2: 0.8260 - val_precision_2: 0.9878
Epoch 48/50
558/558 - 3s - loss: 0.2399 - accuracy: 0.9055 - auc_2: 0.9395 - recall_2: 0.8268 - precision_2: 0.9815 - val_loss: 0.2376 - val_accuracy: 0.9087 - val_auc_2: 0.9399 - val_recall_2: 0.8260 - val_precision_2: 0.9878
Epoch 49/50
558/558 - 3s - loss: 0.2388 - accuracy: 0.9054 - auc_2: 0.9424 - recall_2: 0.8262 - precision_2: 0.9818 - val_loss: 0.2437 - val_accuracy: 0.9077 - val_auc_2: 0.9396 - val_recall_2: 0.8260 - val_precision_2: 0.9854
Epoch 50/50
558/558 - 3s - loss: 0.2382 - accuracy: 0.9060 - auc_2: 0.9434 - recall_2: 0.8272 - precision_2: 0.9822 - val_loss: 0.2406 - val_accuracy: 0.9077 - val_auc_2: 0.9398 - val_recall_2: 0.8260 - val_precision_2: 0.9854
/home/huan1932/.conda/envs/iotedef/lib/python3.8/site-packages/sklearn/metrics/_classification.py:1334: UndefinedMetricWarning: Precision is ill-defined and being set to 0.0 due to no predicted samples. Use `zero_division` parameter to control this behavior.
  _warn_prf(average, modifier, msg_start, len(result))
/home/huan1932/.conda/envs/iotedef/lib/python3.8/site-packages/sklearn/metrics/_classification.py:1334: UndefinedMetricWarning: Precision is ill-defined and being set to 0.0 due to no predicted samples. Use `zero_division` parameter to control this behavior.
  _warn_prf(average, modifier, msg_start, len(result))
/home/huan1932/.conda/envs/iotedef/lib/python3.8/site-packages/sklearn/metrics/_classification.py:1334: UndefinedMetricWarning: Precision is ill-defined and being set to 0.0 due to no predicted samples. Use `zero_division` parameter to control this behavior.
  _warn_prf(average, modifier, msg_start, len(result))
/home/huan1932/.conda/envs/iotedef/lib/python3.8/site-packages/sklearn/metrics/_classification.py:1334: UndefinedMetricWarning: Precision is ill-defined and being set to 0.0 due to no predicted samples. Use `zero_division` parameter to control this behavior.
  _warn_prf(average, modifier, msg_start, len(result))
/home/huan1932/.conda/envs/iotedef/lib/python3.8/site-packages/sklearn/metrics/_classification.py:1334: UndefinedMetricWarning: Precision is ill-defined and being set to 0.0 due to no predicted samples. Use `zero_division` parameter to control this behavior.
  _warn_prf(average, modifier, msg_start, len(result))
/home/huan1932/.conda/envs/iotedef/lib/python3.8/site-packages/sklearn/metrics/_classification.py:1334: UndefinedMetricWarning: Precision is ill-defined and being set to 0.0 due to no predicted samples. Use `zero_division` parameter to control this behavior.
  _warn_prf(average, modifier, msg_start, len(result))
/home/huan1932/.conda/envs/iotedef/lib/python3.8/site-packages/sklearn/metrics/_classification.py:1334: UndefinedMetricWarning: Precision is ill-defined and being set to 0.0 due to no predicted samples. Use `zero_division` parameter to control this behavior.
  _warn_prf(average, modifier, msg_start, len(result))
/home/huan1932/.conda/envs/iotedef/lib/python3.8/site-packages/sklearn/metrics/_classification.py:1334: UndefinedMetricWarning: Precision is ill-defined and being set to 0.0 due to no predicted samples. Use `zero_division` parameter to control this behavior.
  _warn_prf(average, modifier, msg_start, len(result))
/home/huan1932/.conda/envs/iotedef/lib/python3.8/site-packages/sklearn/metrics/_classification.py:1334: UndefinedMetricWarning: Precision is ill-defined and being set to 0.0 due to no predicted samples. Use `zero_division` parameter to control this behavior.
  _warn_prf(average, modifier, msg_start, len(result))
/home/huan1932/IoTDataGenerate/data_preprocess/models/lstm.py:169: RuntimeWarning: invalid value encountered in double_scalars
  f1 = (2*precision*recall)/(precision+recall)
classifier is generated with time step 1
--------------------------------------------------------------
Measureing ps-detector-infec detector performance on test data
--------------------------------------------------------------
Metrics: 
 {'auc': 0.3542153626191796, 'accuracy': 0.9246397354122372, 'precision': 0.0, 'recall': 0.0, 'f1': nan, 'fp': 1, 'tp': 0, 'fn': 318, 'tn': 3914, 'auprc': 0.12200258287588954, 'precision99': 0.0, 'recall99': 0.0}
Traceback (most recent call last):
  File "relabel_trainn-maggie.py", line 271, in <module>
    print("Metrics: \n", metrics_dict_ps)
Exception: maggie stop here!
2023-05-08 00:37:33.193035: I tensorflow/stream_executor/platform/default/dso_loader.cc:49] Successfully opened dynamic library libcudart.so.11.0
2023-05-08 00:37:33.801484: I tensorflow/compiler/jit/xla_cpu_device.cc:41] Not creating XLA devices, tf_xla_enable_xla_devices not set
2023-05-08 00:37:33.802003: I tensorflow/stream_executor/platform/default/dso_loader.cc:49] Successfully opened dynamic library libcuda.so.1
2023-05-08 00:37:33.826384: I tensorflow/stream_executor/cuda/cuda_gpu_executor.cc:941] successful NUMA node read from SysFS had negative value (-1), but there must be at least one NUMA node, so returning NUMA node zero
2023-05-08 00:37:33.826564: I tensorflow/core/common_runtime/gpu/gpu_device.cc:1720] Found device 0 with properties: 
pciBusID: 0000:41:00.0 name: NVIDIA GeForce RTX 3090 computeCapability: 8.6
coreClock: 1.695GHz coreCount: 82 deviceMemorySize: 23.70GiB deviceMemoryBandwidth: 871.81GiB/s
2023-05-08 00:37:33.826581: I tensorflow/stream_executor/platform/default/dso_loader.cc:49] Successfully opened dynamic library libcudart.so.11.0
2023-05-08 00:37:33.828739: I tensorflow/stream_executor/platform/default/dso_loader.cc:49] Successfully opened dynamic library libcublas.so.11
2023-05-08 00:37:33.828772: I tensorflow/stream_executor/platform/default/dso_loader.cc:49] Successfully opened dynamic library libcublasLt.so.11
2023-05-08 00:37:33.843763: I tensorflow/stream_executor/platform/default/dso_loader.cc:49] Successfully opened dynamic library libcufft.so.10
2023-05-08 00:37:33.843913: I tensorflow/stream_executor/platform/default/dso_loader.cc:49] Successfully opened dynamic library libcurand.so.10
2023-05-08 00:37:33.844725: I tensorflow/stream_executor/platform/default/dso_loader.cc:49] Successfully opened dynamic library libcusolver.so.10
2023-05-08 00:37:33.845167: I tensorflow/stream_executor/platform/default/dso_loader.cc:49] Successfully opened dynamic library libcusparse.so.11
2023-05-08 00:37:33.845259: I tensorflow/stream_executor/platform/default/dso_loader.cc:49] Successfully opened dynamic library libcudnn.so.8
2023-05-08 00:37:33.845343: I tensorflow/stream_executor/cuda/cuda_gpu_executor.cc:941] successful NUMA node read from SysFS had negative value (-1), but there must be at least one NUMA node, so returning NUMA node zero
2023-05-08 00:37:33.845536: I tensorflow/stream_executor/cuda/cuda_gpu_executor.cc:941] successful NUMA node read from SysFS had negative value (-1), but there must be at least one NUMA node, so returning NUMA node zero
2023-05-08 00:37:33.845676: I tensorflow/core/common_runtime/gpu/gpu_device.cc:1862] Adding visible gpu devices: 0
2023-05-08 00:37:33.845850: I tensorflow/core/platform/cpu_feature_guard.cc:142] This TensorFlow binary is optimized with oneAPI Deep Neural Network Library (oneDNN) to use the following CPU instructions in performance-critical operations:  AVX2 FMA
To enable them in other operations, rebuild TensorFlow with the appropriate compiler flags.
2023-05-08 00:37:33.847405: I tensorflow/compiler/jit/xla_gpu_device.cc:99] Not creating XLA devices, tf_xla_enable_xla_devices not set
2023-05-08 00:37:33.847473: I tensorflow/stream_executor/cuda/cuda_gpu_executor.cc:941] successful NUMA node read from SysFS had negative value (-1), but there must be at least one NUMA node, so returning NUMA node zero
2023-05-08 00:37:33.847634: I tensorflow/core/common_runtime/gpu/gpu_device.cc:1720] Found device 0 with properties: 
pciBusID: 0000:41:00.0 name: NVIDIA GeForce RTX 3090 computeCapability: 8.6
coreClock: 1.695GHz coreCount: 82 deviceMemorySize: 23.70GiB deviceMemoryBandwidth: 871.81GiB/s
2023-05-08 00:37:33.847650: I tensorflow/stream_executor/platform/default/dso_loader.cc:49] Successfully opened dynamic library libcudart.so.11.0
2023-05-08 00:37:33.847662: I tensorflow/stream_executor/platform/default/dso_loader.cc:49] Successfully opened dynamic library libcublas.so.11
2023-05-08 00:37:33.847672: I tensorflow/stream_executor/platform/default/dso_loader.cc:49] Successfully opened dynamic library libcublasLt.so.11
2023-05-08 00:37:33.847681: I tensorflow/stream_executor/platform/default/dso_loader.cc:49] Successfully opened dynamic library libcufft.so.10
2023-05-08 00:37:33.847690: I tensorflow/stream_executor/platform/default/dso_loader.cc:49] Successfully opened dynamic library libcurand.so.10
2023-05-08 00:37:33.847699: I tensorflow/stream_executor/platform/default/dso_loader.cc:49] Successfully opened dynamic library libcusolver.so.10
2023-05-08 00:37:33.847714: I tensorflow/stream_executor/platform/default/dso_loader.cc:49] Successfully opened dynamic library libcusparse.so.11
2023-05-08 00:37:33.847724: I tensorflow/stream_executor/platform/default/dso_loader.cc:49] Successfully opened dynamic library libcudnn.so.8
2023-05-08 00:37:33.847765: I tensorflow/stream_executor/cuda/cuda_gpu_executor.cc:941] successful NUMA node read from SysFS had negative value (-1), but there must be at least one NUMA node, so returning NUMA node zero
2023-05-08 00:37:33.847944: I tensorflow/stream_executor/cuda/cuda_gpu_executor.cc:941] successful NUMA node read from SysFS had negative value (-1), but there must be at least one NUMA node, so returning NUMA node zero
2023-05-08 00:37:33.848085: I tensorflow/core/common_runtime/gpu/gpu_device.cc:1862] Adding visible gpu devices: 0
2023-05-08 00:37:33.848109: I tensorflow/stream_executor/platform/default/dso_loader.cc:49] Successfully opened dynamic library libcudart.so.11.0
2023-05-08 00:37:34.114486: I tensorflow/core/common_runtime/gpu/gpu_device.cc:1261] Device interconnect StreamExecutor with strength 1 edge matrix:
2023-05-08 00:37:34.114525: I tensorflow/core/common_runtime/gpu/gpu_device.cc:1267]      0 
2023-05-08 00:37:34.114531: I tensorflow/core/common_runtime/gpu/gpu_device.cc:1280] 0:   N 
2023-05-08 00:37:34.114746: I tensorflow/stream_executor/cuda/cuda_gpu_executor.cc:941] successful NUMA node read from SysFS had negative value (-1), but there must be at least one NUMA node, so returning NUMA node zero
2023-05-08 00:37:34.114942: I tensorflow/stream_executor/cuda/cuda_gpu_executor.cc:941] successful NUMA node read from SysFS had negative value (-1), but there must be at least one NUMA node, so returning NUMA node zero
2023-05-08 00:37:34.115108: I tensorflow/stream_executor/cuda/cuda_gpu_executor.cc:941] successful NUMA node read from SysFS had negative value (-1), but there must be at least one NUMA node, so returning NUMA node zero
2023-05-08 00:37:34.115253: I tensorflow/core/common_runtime/gpu/gpu_device.cc:1406] Created TensorFlow device (/job:localhost/replica:0/task:0/device:GPU:0 with 22414 MB memory) -> physical GPU (device: 0, name: NVIDIA GeForce RTX 3090, pci bus id: 0000:41:00.0, compute capability: 8.6)
WARNING:tensorflow:Layer lstm will not use cuDNN kernel since it doesn't meet the cuDNN kernel criteria. It will use generic GPU kernel as fallback when running on GPU
WARNING:tensorflow:Layer lstm_1 will not use cuDNN kernel since it doesn't meet the cuDNN kernel criteria. It will use generic GPU kernel as fallback when running on GPU
2023-05-08 00:37:34.339284: I tensorflow/compiler/mlir/mlir_graph_optimization_pass.cc:116] None of the MLIR optimization passes are enabled (registered 2)
2023-05-08 00:37:34.340136: I tensorflow/core/platform/profile_utils/cpu_utils.cc:112] CPU Frequency: 3792855000 Hz
2023-05-08 00:37:35.440404: I tensorflow/stream_executor/platform/default/dso_loader.cc:49] Successfully opened dynamic library libcublas.so.11
2023-05-08 00:37:35.873667: I tensorflow/stream_executor/platform/default/dso_loader.cc:49] Successfully opened dynamic library libcublasLt.so.11
2023-05-08 00:37:35.880289: I tensorflow/stream_executor/cuda/cuda_blas.cc:1838] TensorFloat-32 will be used for the matrix multiplication. This will only be logged once.
the count of label lines 20084
(20084,)
normalizing the dataset!!
test_data_infection.shape: (4233, 41)
test_data_infection_min: -1.0
test_data_infection_max: 920098.0
normalized_test_data_infection_min: 0.0
normalized_test_data_infection_max: 1.0
train_data_infection.shape: (19818, 41)
train_data_infection_min: -1.0
train_data_infection_max: 1065148.0
normalized_train_data_infection_min: 0.0
normalized_train_data_infection_max: 1.0
test_data_reconnaissance.shape: (4233, 41)
test_data_reconnaissance_min: -1.0
test_data_reconnaissance_max: 920098.0
normalized_test_data_reconnaissance_min: 0.0
normalized_test_data_reconnaissance_max: 1.0
train_data_reconnaissance.shape: (14410, 41)
train_data_reconnaissance_min: -1.0
train_data_reconnaissance_max: 1065148.0
normalized_train_data_reconnaissance_min: 0.0
normalized_train_data_reconnaissance_max: 1.0
test_data_attack.shape: (4233, 41)
test_data_attack_min: -1.0
test_data_attack_max: 920098.0
normalized_test_data_attack_min: 0.0
normalized_test_data_attack_max: 1.0
train_data_attack.shape: (19152, 41)
train_data_attack_min: -1.0
train_data_attack_max: 1065148.0
normalized_train_data_attack_min: 0.0
normalized_train_data_attack_max: 1.0
features len is  41
------------------------------------
Training ps-detector-attack detector
------------------------------------
the info of dataset, (19152, 1, 41)
shuffle is enabled for training
Early stopping: NO.
Epoch 1/50
539/539 - 5s - loss: 0.1311 - accuracy: 0.9563 - auc: 0.9903 - recall: 0.9600 - precision: 0.9532 - val_loss: 0.0847 - val_accuracy: 0.9687 - val_auc: 0.9949 - val_recall: 0.9904 - val_precision: 0.9478
Epoch 2/50
539/539 - 3s - loss: 0.0636 - accuracy: 0.9757 - auc: 0.9970 - recall: 0.9858 - precision: 0.9664 - val_loss: 0.0729 - val_accuracy: 0.9723 - val_auc: 0.9955 - val_recall: 0.9818 - val_precision: 0.9623
Epoch 3/50
539/539 - 3s - loss: 0.0559 - accuracy: 0.9804 - auc: 0.9974 - recall: 0.9905 - precision: 0.9710 - val_loss: 0.0492 - val_accuracy: 0.9812 - val_auc: 0.9978 - val_recall: 0.9893 - val_precision: 0.9727
Epoch 4/50
539/539 - 3s - loss: 0.0517 - accuracy: 0.9804 - auc: 0.9978 - recall: 0.9900 - precision: 0.9715 - val_loss: 0.0530 - val_accuracy: 0.9781 - val_auc: 0.9980 - val_recall: 0.9818 - val_precision: 0.9735
Epoch 5/50
539/539 - 3s - loss: 0.0499 - accuracy: 0.9814 - auc: 0.9978 - recall: 0.9907 - precision: 0.9727 - val_loss: 0.0449 - val_accuracy: 0.9817 - val_auc: 0.9985 - val_recall: 0.9947 - val_precision: 0.9688
Epoch 6/50
539/539 - 3s - loss: 0.0464 - accuracy: 0.9821 - auc: 0.9983 - recall: 0.9916 - precision: 0.9732 - val_loss: 0.0429 - val_accuracy: 0.9833 - val_auc: 0.9989 - val_recall: 0.9882 - val_precision: 0.9778
Epoch 7/50
539/539 - 3s - loss: 0.0451 - accuracy: 0.9821 - auc: 0.9984 - recall: 0.9911 - precision: 0.9736 - val_loss: 0.0398 - val_accuracy: 0.9854 - val_auc: 0.9989 - val_recall: 0.9925 - val_precision: 0.9779
Epoch 8/50
539/539 - 3s - loss: 0.0447 - accuracy: 0.9830 - auc: 0.9984 - recall: 0.9914 - precision: 0.9751 - val_loss: 0.0420 - val_accuracy: 0.9807 - val_auc: 0.9989 - val_recall: 0.9850 - val_precision: 0.9756
Epoch 9/50
539/539 - 3s - loss: 0.0421 - accuracy: 0.9840 - auc: 0.9986 - recall: 0.9933 - precision: 0.9752 - val_loss: 0.0407 - val_accuracy: 0.9838 - val_auc: 0.9987 - val_recall: 0.9904 - val_precision: 0.9768
Epoch 10/50
539/539 - 3s - loss: 0.0433 - accuracy: 0.9836 - auc: 0.9984 - recall: 0.9926 - precision: 0.9751 - val_loss: 0.0399 - val_accuracy: 0.9859 - val_auc: 0.9988 - val_recall: 0.9914 - val_precision: 0.9799
Epoch 11/50
539/539 - 3s - loss: 0.0419 - accuracy: 0.9838 - auc: 0.9986 - recall: 0.9921 - precision: 0.9760 - val_loss: 0.0434 - val_accuracy: 0.9823 - val_auc: 0.9985 - val_recall: 0.9925 - val_precision: 0.9717
Epoch 12/50
539/539 - 3s - loss: 0.0403 - accuracy: 0.9849 - auc: 0.9987 - recall: 0.9936 - precision: 0.9767 - val_loss: 0.0372 - val_accuracy: 0.9849 - val_auc: 0.9991 - val_recall: 0.9925 - val_precision: 0.9768
Epoch 13/50
539/539 - 3s - loss: 0.0392 - accuracy: 0.9848 - auc: 0.9988 - recall: 0.9926 - precision: 0.9774 - val_loss: 0.0438 - val_accuracy: 0.9833 - val_auc: 0.9986 - val_recall: 0.9904 - val_precision: 0.9758
Epoch 14/50
539/539 - 3s - loss: 0.0388 - accuracy: 0.9852 - auc: 0.9987 - recall: 0.9932 - precision: 0.9777 - val_loss: 0.0397 - val_accuracy: 0.9843 - val_auc: 0.9989 - val_recall: 0.9936 - val_precision: 0.9748
Epoch 15/50
539/539 - 3s - loss: 0.0371 - accuracy: 0.9860 - auc: 0.9988 - recall: 0.9941 - precision: 0.9782 - val_loss: 0.0342 - val_accuracy: 0.9864 - val_auc: 0.9992 - val_recall: 0.9925 - val_precision: 0.9799
Epoch 16/50
539/539 - 3s - loss: 0.0360 - accuracy: 0.9858 - auc: 0.9990 - recall: 0.9933 - precision: 0.9788 - val_loss: 0.0329 - val_accuracy: 0.9870 - val_auc: 0.9992 - val_recall: 0.9947 - val_precision: 0.9789
Epoch 17/50
539/539 - 3s - loss: 0.0349 - accuracy: 0.9868 - auc: 0.9990 - recall: 0.9946 - precision: 0.9795 - val_loss: 0.0497 - val_accuracy: 0.9833 - val_auc: 0.9985 - val_recall: 0.9947 - val_precision: 0.9718
Epoch 18/50
539/539 - 3s - loss: 0.0341 - accuracy: 0.9867 - auc: 0.9991 - recall: 0.9939 - precision: 0.9799 - val_loss: 0.0327 - val_accuracy: 0.9875 - val_auc: 0.9994 - val_recall: 1.0000 - val_precision: 0.9750
Epoch 19/50
539/539 - 3s - loss: 0.0336 - accuracy: 0.9873 - auc: 0.9991 - recall: 0.9956 - precision: 0.9794 - val_loss: 0.0471 - val_accuracy: 0.9828 - val_auc: 0.9981 - val_recall: 0.9861 - val_precision: 0.9788
Epoch 20/50
539/539 - 3s - loss: 0.0324 - accuracy: 0.9871 - auc: 0.9992 - recall: 0.9927 - precision: 0.9818 - val_loss: 0.0327 - val_accuracy: 0.9885 - val_auc: 0.9992 - val_recall: 0.9936 - val_precision: 0.9831
Epoch 21/50
539/539 - 3s - loss: 0.0315 - accuracy: 0.9882 - auc: 0.9992 - recall: 0.9942 - precision: 0.9824 - val_loss: 0.0313 - val_accuracy: 0.9875 - val_auc: 0.9993 - val_recall: 0.9947 - val_precision: 0.9800
Epoch 22/50
539/539 - 3s - loss: 0.0312 - accuracy: 0.9880 - auc: 0.9992 - recall: 0.9939 - precision: 0.9825 - val_loss: 0.0276 - val_accuracy: 0.9896 - val_auc: 0.9994 - val_recall: 0.9925 - val_precision: 0.9862
Epoch 23/50
539/539 - 3s - loss: 0.0314 - accuracy: 0.9884 - auc: 0.9992 - recall: 0.9942 - precision: 0.9828 - val_loss: 0.0310 - val_accuracy: 0.9890 - val_auc: 0.9993 - val_recall: 0.9957 - val_precision: 0.9821
Epoch 24/50
539/539 - 3s - loss: 0.0303 - accuracy: 0.9890 - auc: 0.9993 - recall: 0.9949 - precision: 0.9833 - val_loss: 0.0318 - val_accuracy: 0.9885 - val_auc: 0.9992 - val_recall: 0.9936 - val_precision: 0.9831
Epoch 25/50
539/539 - 3s - loss: 0.0283 - accuracy: 0.9898 - auc: 0.9993 - recall: 0.9950 - precision: 0.9849 - val_loss: 0.0405 - val_accuracy: 0.9875 - val_auc: 0.9986 - val_recall: 1.0000 - val_precision: 0.9750
Epoch 26/50
539/539 - 3s - loss: 0.0298 - accuracy: 0.9885 - auc: 0.9992 - recall: 0.9936 - precision: 0.9836 - val_loss: 0.0342 - val_accuracy: 0.9859 - val_auc: 0.9992 - val_recall: 0.9947 - val_precision: 0.9769
Epoch 27/50
539/539 - 3s - loss: 0.0287 - accuracy: 0.9897 - auc: 0.9993 - recall: 0.9951 - precision: 0.9845 - val_loss: 0.0273 - val_accuracy: 0.9896 - val_auc: 0.9994 - val_recall: 0.9925 - val_precision: 0.9862
Epoch 28/50
539/539 - 3s - loss: 0.0270 - accuracy: 0.9907 - auc: 0.9993 - recall: 0.9953 - precision: 0.9864 - val_loss: 0.0364 - val_accuracy: 0.9859 - val_auc: 0.9990 - val_recall: 0.9861 - val_precision: 0.9850
Epoch 29/50
539/539 - 3s - loss: 0.0280 - accuracy: 0.9898 - auc: 0.9993 - recall: 0.9949 - precision: 0.9849 - val_loss: 0.0287 - val_accuracy: 0.9911 - val_auc: 0.9992 - val_recall: 0.9936 - val_precision: 0.9883
Epoch 30/50
539/539 - 3s - loss: 0.0266 - accuracy: 0.9900 - auc: 0.9993 - recall: 0.9943 - precision: 0.9858 - val_loss: 0.0281 - val_accuracy: 0.9875 - val_auc: 0.9995 - val_recall: 0.9914 - val_precision: 0.9830
Epoch 31/50
539/539 - 3s - loss: 0.0276 - accuracy: 0.9896 - auc: 0.9993 - recall: 0.9955 - precision: 0.9840 - val_loss: 0.0299 - val_accuracy: 0.9880 - val_auc: 0.9994 - val_recall: 0.9904 - val_precision: 0.9851
Epoch 32/50
539/539 - 3s - loss: 0.0257 - accuracy: 0.9898 - auc: 0.9995 - recall: 0.9942 - precision: 0.9857 - val_loss: 0.0258 - val_accuracy: 0.9906 - val_auc: 0.9996 - val_recall: 0.9947 - val_precision: 0.9862
Epoch 33/50
539/539 - 3s - loss: 0.0253 - accuracy: 0.9903 - auc: 0.9994 - recall: 0.9954 - precision: 0.9854 - val_loss: 0.0241 - val_accuracy: 0.9906 - val_auc: 0.9995 - val_recall: 0.9936 - val_precision: 0.9872
Epoch 34/50
539/539 - 3s - loss: 0.0255 - accuracy: 0.9907 - auc: 0.9993 - recall: 0.9956 - precision: 0.9860 - val_loss: 0.0372 - val_accuracy: 0.9870 - val_auc: 0.9992 - val_recall: 0.9872 - val_precision: 0.9861
Epoch 35/50
539/539 - 3s - loss: 0.0263 - accuracy: 0.9911 - auc: 0.9993 - recall: 0.9965 - precision: 0.9858 - val_loss: 0.0246 - val_accuracy: 0.9901 - val_auc: 0.9996 - val_recall: 0.9925 - val_precision: 0.9872
Epoch 36/50
539/539 - 3s - loss: 0.0259 - accuracy: 0.9903 - auc: 0.9994 - recall: 0.9956 - precision: 0.9851 - val_loss: 0.0262 - val_accuracy: 0.9922 - val_auc: 0.9995 - val_recall: 0.9989 - val_precision: 0.9852
Epoch 37/50
539/539 - 3s - loss: 0.0247 - accuracy: 0.9909 - auc: 0.9995 - recall: 0.9956 - precision: 0.9865 - val_loss: 0.0308 - val_accuracy: 0.9885 - val_auc: 0.9995 - val_recall: 0.9861 - val_precision: 0.9903
Epoch 38/50
539/539 - 3s - loss: 0.0234 - accuracy: 0.9913 - auc: 0.9995 - recall: 0.9955 - precision: 0.9873 - val_loss: 0.0206 - val_accuracy: 0.9927 - val_auc: 0.9997 - val_recall: 0.9989 - val_precision: 0.9863
Epoch 39/50
539/539 - 3s - loss: 0.0243 - accuracy: 0.9903 - auc: 0.9995 - recall: 0.9950 - precision: 0.9857 - val_loss: 0.0235 - val_accuracy: 0.9896 - val_auc: 0.9996 - val_recall: 0.9957 - val_precision: 0.9831
Epoch 40/50
539/539 - 3s - loss: 0.0234 - accuracy: 0.9915 - auc: 0.9995 - recall: 0.9966 - precision: 0.9865 - val_loss: 0.0224 - val_accuracy: 0.9922 - val_auc: 0.9996 - val_recall: 0.9957 - val_precision: 0.9883
Epoch 41/50
539/539 - 3s - loss: 0.0241 - accuracy: 0.9906 - auc: 0.9994 - recall: 0.9958 - precision: 0.9856 - val_loss: 0.0266 - val_accuracy: 0.9890 - val_auc: 0.9996 - val_recall: 0.9904 - val_precision: 0.9872
Epoch 42/50
539/539 - 3s - loss: 0.0253 - accuracy: 0.9911 - auc: 0.9993 - recall: 0.9958 - precision: 0.9866 - val_loss: 0.0210 - val_accuracy: 0.9922 - val_auc: 0.9997 - val_recall: 0.9947 - val_precision: 0.9894
Epoch 43/50
539/539 - 3s - loss: 0.0246 - accuracy: 0.9907 - auc: 0.9994 - recall: 0.9957 - precision: 0.9859 - val_loss: 0.0221 - val_accuracy: 0.9885 - val_auc: 0.9997 - val_recall: 0.9925 - val_precision: 0.9841
Epoch 44/50
539/539 - 3s - loss: 0.0230 - accuracy: 0.9915 - auc: 0.9995 - recall: 0.9962 - precision: 0.9869 - val_loss: 0.0241 - val_accuracy: 0.9911 - val_auc: 0.9995 - val_recall: 0.9936 - val_precision: 0.9883
Epoch 45/50
539/539 - 3s - loss: 0.0243 - accuracy: 0.9910 - auc: 0.9994 - recall: 0.9958 - precision: 0.9864 - val_loss: 0.0216 - val_accuracy: 0.9927 - val_auc: 0.9998 - val_recall: 0.9914 - val_precision: 0.9936
Epoch 46/50
539/539 - 3s - loss: 0.0226 - accuracy: 0.9925 - auc: 0.9995 - recall: 0.9975 - precision: 0.9876 - val_loss: 0.0250 - val_accuracy: 0.9880 - val_auc: 0.9995 - val_recall: 0.9893 - val_precision: 0.9861
Epoch 47/50
539/539 - 3s - loss: 0.0228 - accuracy: 0.9918 - auc: 0.9995 - recall: 0.9965 - precision: 0.9873 - val_loss: 0.0199 - val_accuracy: 0.9937 - val_auc: 0.9998 - val_recall: 0.9968 - val_precision: 0.9904
Epoch 48/50
539/539 - 3s - loss: 0.0219 - accuracy: 0.9918 - auc: 0.9996 - recall: 0.9969 - precision: 0.9869 - val_loss: 0.0190 - val_accuracy: 0.9932 - val_auc: 0.9997 - val_recall: 0.9968 - val_precision: 0.9894
Epoch 49/50
539/539 - 3s - loss: 0.0210 - accuracy: 0.9925 - auc: 0.9996 - recall: 0.9968 - precision: 0.9884 - val_loss: 0.0564 - val_accuracy: 0.9870 - val_auc: 0.9962 - val_recall: 0.9872 - val_precision: 0.9861
Epoch 50/50
539/539 - 3s - loss: 0.0212 - accuracy: 0.9923 - auc: 0.9995 - recall: 0.9969 - precision: 0.9878 - val_loss: 0.0202 - val_accuracy: 0.9937 - val_auc: 0.9996 - val_recall: 0.9989 - val_precision: 0.9884
WARNING:tensorflow:Layer lstm_2 will not use cuDNN kernel since it doesn't meet the cuDNN kernel criteria. It will use generic GPU kernel as fallback when running on GPU
WARNING:tensorflow:Layer lstm_2 will not use cuDNN kernel since it doesn't meet the cuDNN kernel criteria. It will use generic GPU kernel as fallback when running on GPU
WARNING:tensorflow:Layer lstm_3 will not use cuDNN kernel since it doesn't meet the cuDNN kernel criteria. It will use generic GPU kernel as fallback when running on GPU
WARNING:tensorflow:Layer lstm_3 will not use cuDNN kernel since it doesn't meet the cuDNN kernel criteria. It will use generic GPU kernel as fallback when running on GPU
classifier is generated with time step 1
---------------------------------------------------------------
Measureing ps-detector-attack detector performance on test data
---------------------------------------------------------------
Metrics: 
 {'auc': 0.6883389709809508, 'accuracy': 0.9775572879754312, 'precision': 1.0, 'recall': 0.22764227642276422, 'f1': 0.3708609271523179, 'fp': 0, 'tp': 28, 'fn': 95, 'tn': 4110, 'auprc': 0.5516422678538083, 'precision99': 0.01, 'recall99': 0.0}
features len is  41
-----------------------------------
Training ps-detector-recon detector
-----------------------------------
the info of dataset, (14410, 1, 41)
shuffle is enabled for training
Early stopping: NO.
Epoch 1/50
406/406 - 3s - loss: 0.3485 - accuracy: 0.8660 - auc_1: 0.8913 - recall_1: 0.9892 - precision_1: 0.7936 - val_loss: 0.3008 - val_accuracy: 0.8765 - val_auc_1: 0.9033 - val_recall_1: 0.9972 - val_precision_1: 0.8031
Epoch 2/50
406/406 - 2s - loss: 0.3004 - accuracy: 0.8772 - auc_1: 0.9012 - recall_1: 0.9958 - precision_1: 0.8048 - val_loss: 0.2988 - val_accuracy: 0.8765 - val_auc_1: 0.9027 - val_recall_1: 0.9972 - val_precision_1: 0.8031
Epoch 3/50
406/406 - 2s - loss: 0.2989 - accuracy: 0.8772 - auc_1: 0.9026 - recall_1: 0.9958 - precision_1: 0.8048 - val_loss: 0.2983 - val_accuracy: 0.8772 - val_auc_1: 0.9037 - val_recall_1: 0.9972 - val_precision_1: 0.8040
Epoch 4/50
406/406 - 2s - loss: 0.2979 - accuracy: 0.8772 - auc_1: 0.9053 - recall_1: 0.9958 - precision_1: 0.8048 - val_loss: 0.2983 - val_accuracy: 0.8765 - val_auc_1: 0.9038 - val_recall_1: 0.9972 - val_precision_1: 0.8031
Epoch 5/50
406/406 - 2s - loss: 0.2976 - accuracy: 0.8772 - auc_1: 0.9046 - recall_1: 0.9958 - precision_1: 0.8048 - val_loss: 0.3002 - val_accuracy: 0.8772 - val_auc_1: 0.9036 - val_recall_1: 0.9972 - val_precision_1: 0.8040
Epoch 6/50
406/406 - 2s - loss: 0.2966 - accuracy: 0.8774 - auc_1: 0.9027 - recall_1: 0.9965 - precision_1: 0.8048 - val_loss: 0.2995 - val_accuracy: 0.8765 - val_auc_1: 0.9035 - val_recall_1: 0.9972 - val_precision_1: 0.8031
Epoch 7/50
406/406 - 2s - loss: 0.2960 - accuracy: 0.8777 - auc_1: 0.9020 - recall_1: 0.9969 - precision_1: 0.8050 - val_loss: 0.2979 - val_accuracy: 0.8772 - val_auc_1: 0.9038 - val_recall_1: 0.9972 - val_precision_1: 0.8040
Epoch 8/50
406/406 - 2s - loss: 0.2953 - accuracy: 0.8780 - auc_1: 0.9018 - recall_1: 0.9974 - precision_1: 0.8052 - val_loss: 0.2971 - val_accuracy: 0.8765 - val_auc_1: 0.9036 - val_recall_1: 0.9972 - val_precision_1: 0.8031
Epoch 9/50
406/406 - 2s - loss: 0.2949 - accuracy: 0.8779 - auc_1: 0.9042 - recall_1: 0.9974 - precision_1: 0.8051 - val_loss: 0.2964 - val_accuracy: 0.8772 - val_auc_1: 0.9030 - val_recall_1: 0.9972 - val_precision_1: 0.8040
Epoch 10/50
406/406 - 2s - loss: 0.2946 - accuracy: 0.8779 - auc_1: 0.9022 - recall_1: 0.9974 - precision_1: 0.8051 - val_loss: 0.2951 - val_accuracy: 0.8772 - val_auc_1: 0.9036 - val_recall_1: 0.9972 - val_precision_1: 0.8040
Epoch 11/50
406/406 - 2s - loss: 0.2947 - accuracy: 0.8779 - auc_1: 0.9025 - recall_1: 0.9974 - precision_1: 0.8051 - val_loss: 0.2982 - val_accuracy: 0.8765 - val_auc_1: 0.9039 - val_recall_1: 0.9972 - val_precision_1: 0.8031
Epoch 12/50
406/406 - 2s - loss: 0.2942 - accuracy: 0.8780 - auc_1: 0.9026 - recall_1: 0.9974 - precision_1: 0.8052 - val_loss: 0.2970 - val_accuracy: 0.8772 - val_auc_1: 0.9039 - val_recall_1: 0.9972 - val_precision_1: 0.8040
Epoch 13/50
406/406 - 2s - loss: 0.2943 - accuracy: 0.8779 - auc_1: 0.9009 - recall_1: 0.9974 - precision_1: 0.8051 - val_loss: 0.2958 - val_accuracy: 0.8765 - val_auc_1: 0.9039 - val_recall_1: 0.9972 - val_precision_1: 0.8031
Epoch 14/50
406/406 - 2s - loss: 0.2930 - accuracy: 0.8779 - auc_1: 0.9043 - recall_1: 0.9974 - precision_1: 0.8051 - val_loss: 0.2995 - val_accuracy: 0.8772 - val_auc_1: 0.9031 - val_recall_1: 0.9972 - val_precision_1: 0.8040
Epoch 15/50
406/406 - 2s - loss: 0.2933 - accuracy: 0.8779 - auc_1: 0.9041 - recall_1: 0.9974 - precision_1: 0.8051 - val_loss: 0.2982 - val_accuracy: 0.8772 - val_auc_1: 0.9039 - val_recall_1: 0.9972 - val_precision_1: 0.8040
Epoch 16/50
406/406 - 2s - loss: 0.2936 - accuracy: 0.8779 - auc_1: 0.9028 - recall_1: 0.9974 - precision_1: 0.8051 - val_loss: 0.2952 - val_accuracy: 0.8772 - val_auc_1: 0.9036 - val_recall_1: 0.9972 - val_precision_1: 0.8040
Epoch 17/50
406/406 - 2s - loss: 0.2937 - accuracy: 0.8779 - auc_1: 0.9020 - recall_1: 0.9974 - precision_1: 0.8051 - val_loss: 0.2961 - val_accuracy: 0.8765 - val_auc_1: 0.9039 - val_recall_1: 0.9972 - val_precision_1: 0.8031
Epoch 18/50
406/406 - 2s - loss: 0.2939 - accuracy: 0.8774 - auc_1: 0.9042 - recall_1: 0.9972 - precision_1: 0.8045 - val_loss: 0.2972 - val_accuracy: 0.8772 - val_auc_1: 0.9039 - val_recall_1: 0.9972 - val_precision_1: 0.8040
Epoch 19/50
406/406 - 2s - loss: 0.2923 - accuracy: 0.8779 - auc_1: 0.9047 - recall_1: 0.9974 - precision_1: 0.8051 - val_loss: 0.2952 - val_accuracy: 0.8772 - val_auc_1: 0.9039 - val_recall_1: 0.9972 - val_precision_1: 0.8040
Epoch 20/50
406/406 - 2s - loss: 0.2926 - accuracy: 0.8779 - auc_1: 0.9026 - recall_1: 0.9974 - precision_1: 0.8051 - val_loss: 0.2981 - val_accuracy: 0.8772 - val_auc_1: 0.9036 - val_recall_1: 0.9972 - val_precision_1: 0.8040
Epoch 21/50
406/406 - 2s - loss: 0.2915 - accuracy: 0.8780 - auc_1: 0.9038 - recall_1: 0.9974 - precision_1: 0.8052 - val_loss: 0.2953 - val_accuracy: 0.8772 - val_auc_1: 0.9036 - val_recall_1: 0.9972 - val_precision_1: 0.8040
Epoch 22/50
406/406 - 2s - loss: 0.2919 - accuracy: 0.8780 - auc_1: 0.9031 - recall_1: 0.9974 - precision_1: 0.8052 - val_loss: 0.2959 - val_accuracy: 0.8772 - val_auc_1: 0.9036 - val_recall_1: 0.9972 - val_precision_1: 0.8040
Epoch 23/50
406/406 - 2s - loss: 0.2927 - accuracy: 0.8780 - auc_1: 0.9024 - recall_1: 0.9974 - precision_1: 0.8052 - val_loss: 0.2932 - val_accuracy: 0.8772 - val_auc_1: 0.9036 - val_recall_1: 0.9972 - val_precision_1: 0.8040
Epoch 24/50
406/406 - 2s - loss: 0.2920 - accuracy: 0.8780 - auc_1: 0.9031 - recall_1: 0.9974 - precision_1: 0.8052 - val_loss: 0.2943 - val_accuracy: 0.8772 - val_auc_1: 0.9039 - val_recall_1: 0.9972 - val_precision_1: 0.8040
Epoch 25/50
406/406 - 2s - loss: 0.2923 - accuracy: 0.8779 - auc_1: 0.9044 - recall_1: 0.9974 - precision_1: 0.8051 - val_loss: 0.2962 - val_accuracy: 0.8765 - val_auc_1: 0.9039 - val_recall_1: 0.9972 - val_precision_1: 0.8031
Epoch 26/50
406/406 - 2s - loss: 0.2923 - accuracy: 0.8779 - auc_1: 0.9048 - recall_1: 0.9974 - precision_1: 0.8051 - val_loss: 0.2964 - val_accuracy: 0.8772 - val_auc_1: 0.9036 - val_recall_1: 0.9972 - val_precision_1: 0.8040
Epoch 27/50
406/406 - 2s - loss: 0.2917 - accuracy: 0.8780 - auc_1: 0.9032 - recall_1: 0.9974 - precision_1: 0.8052 - val_loss: 0.2935 - val_accuracy: 0.8772 - val_auc_1: 0.9036 - val_recall_1: 0.9972 - val_precision_1: 0.8040
Epoch 28/50
406/406 - 2s - loss: 0.2914 - accuracy: 0.8781 - auc_1: 0.9049 - recall_1: 0.9974 - precision_1: 0.8053 - val_loss: 0.2929 - val_accuracy: 0.8772 - val_auc_1: 0.9036 - val_recall_1: 0.9972 - val_precision_1: 0.8040
Epoch 29/50
406/406 - 2s - loss: 0.2915 - accuracy: 0.8780 - auc_1: 0.9049 - recall_1: 0.9974 - precision_1: 0.8052 - val_loss: 0.2941 - val_accuracy: 0.8772 - val_auc_1: 0.9036 - val_recall_1: 0.9972 - val_precision_1: 0.8040
Epoch 30/50
406/406 - 2s - loss: 0.2915 - accuracy: 0.8780 - auc_1: 0.9050 - recall_1: 0.9974 - precision_1: 0.8052 - val_loss: 0.2971 - val_accuracy: 0.8765 - val_auc_1: 0.9036 - val_recall_1: 0.9972 - val_precision_1: 0.8031
Epoch 31/50
406/406 - 2s - loss: 0.2916 - accuracy: 0.8779 - auc_1: 0.9029 - recall_1: 0.9974 - precision_1: 0.8050 - val_loss: 0.2942 - val_accuracy: 0.8772 - val_auc_1: 0.9040 - val_recall_1: 0.9972 - val_precision_1: 0.8040
Epoch 32/50
406/406 - 2s - loss: 0.2911 - accuracy: 0.8779 - auc_1: 0.9057 - recall_1: 0.9974 - precision_1: 0.8051 - val_loss: 0.2943 - val_accuracy: 0.8772 - val_auc_1: 0.9036 - val_recall_1: 0.9972 - val_precision_1: 0.8040
Epoch 33/50
406/406 - 2s - loss: 0.2911 - accuracy: 0.8781 - auc_1: 0.9049 - recall_1: 0.9974 - precision_1: 0.8053 - val_loss: 0.2956 - val_accuracy: 0.8765 - val_auc_1: 0.9034 - val_recall_1: 0.9972 - val_precision_1: 0.8031
Epoch 34/50
406/406 - 2s - loss: 0.2917 - accuracy: 0.8779 - auc_1: 0.9051 - recall_1: 0.9974 - precision_1: 0.8051 - val_loss: 0.2974 - val_accuracy: 0.8772 - val_auc_1: 0.9044 - val_recall_1: 0.9972 - val_precision_1: 0.8040
Epoch 35/50
406/406 - 2s - loss: 0.2910 - accuracy: 0.8779 - auc_1: 0.9028 - recall_1: 0.9974 - precision_1: 0.8051 - val_loss: 0.2953 - val_accuracy: 0.8772 - val_auc_1: 0.9036 - val_recall_1: 0.9972 - val_precision_1: 0.8040
Epoch 36/50
406/406 - 2s - loss: 0.2911 - accuracy: 0.8781 - auc_1: 0.9043 - recall_1: 0.9974 - precision_1: 0.8053 - val_loss: 0.2955 - val_accuracy: 0.8772 - val_auc_1: 0.9036 - val_recall_1: 0.9972 - val_precision_1: 0.8040
Epoch 37/50
406/406 - 2s - loss: 0.2910 - accuracy: 0.8781 - auc_1: 0.9041 - recall_1: 0.9974 - precision_1: 0.8053 - val_loss: 0.2929 - val_accuracy: 0.8772 - val_auc_1: 0.9040 - val_recall_1: 0.9972 - val_precision_1: 0.8040
Epoch 38/50
406/406 - 2s - loss: 0.2909 - accuracy: 0.8779 - auc_1: 0.9032 - recall_1: 0.9974 - precision_1: 0.8051 - val_loss: 0.2939 - val_accuracy: 0.8772 - val_auc_1: 0.9045 - val_recall_1: 0.9972 - val_precision_1: 0.8040
Epoch 39/50
406/406 - 2s - loss: 0.2907 - accuracy: 0.8779 - auc_1: 0.9028 - recall_1: 0.9974 - precision_1: 0.8051 - val_loss: 0.2922 - val_accuracy: 0.8772 - val_auc_1: 0.9042 - val_recall_1: 0.9972 - val_precision_1: 0.8040
Epoch 40/50
406/406 - 2s - loss: 0.2902 - accuracy: 0.8782 - auc_1: 0.9074 - recall_1: 0.9974 - precision_1: 0.8054 - val_loss: 0.2942 - val_accuracy: 0.8772 - val_auc_1: 0.9042 - val_recall_1: 0.9972 - val_precision_1: 0.8040
Epoch 41/50
406/406 - 2s - loss: 0.2907 - accuracy: 0.8780 - auc_1: 0.9031 - recall_1: 0.9974 - precision_1: 0.8052 - val_loss: 0.2917 - val_accuracy: 0.8772 - val_auc_1: 0.9042 - val_recall_1: 0.9972 - val_precision_1: 0.8040
Epoch 42/50
406/406 - 2s - loss: 0.2900 - accuracy: 0.8781 - auc_1: 0.9064 - recall_1: 0.9974 - precision_1: 0.8053 - val_loss: 0.2936 - val_accuracy: 0.8772 - val_auc_1: 0.9045 - val_recall_1: 0.9972 - val_precision_1: 0.8040
Epoch 43/50
406/406 - 2s - loss: 0.2905 - accuracy: 0.8781 - auc_1: 0.9044 - recall_1: 0.9974 - precision_1: 0.8053 - val_loss: 0.2929 - val_accuracy: 0.8772 - val_auc_1: 0.9042 - val_recall_1: 0.9972 - val_precision_1: 0.8040
Epoch 44/50
406/406 - 2s - loss: 0.2905 - accuracy: 0.8780 - auc_1: 0.9050 - recall_1: 0.9974 - precision_1: 0.8052 - val_loss: 0.2931 - val_accuracy: 0.8772 - val_auc_1: 0.9036 - val_recall_1: 0.9972 - val_precision_1: 0.8040
Epoch 45/50
406/406 - 2s - loss: 0.2900 - accuracy: 0.8780 - auc_1: 0.9031 - recall_1: 0.9974 - precision_1: 0.8052 - val_loss: 0.2960 - val_accuracy: 0.8772 - val_auc_1: 0.9037 - val_recall_1: 0.9972 - val_precision_1: 0.8040
Epoch 46/50
406/406 - 2s - loss: 0.2902 - accuracy: 0.8782 - auc_1: 0.9052 - recall_1: 0.9974 - precision_1: 0.8054 - val_loss: 0.2922 - val_accuracy: 0.8772 - val_auc_1: 0.9036 - val_recall_1: 0.9972 - val_precision_1: 0.8040
Epoch 47/50
406/406 - 2s - loss: 0.2892 - accuracy: 0.8786 - auc_1: 0.9018 - recall_1: 0.9974 - precision_1: 0.8060 - val_loss: 0.2896 - val_accuracy: 0.8813 - val_auc_1: 0.9046 - val_recall_1: 0.9986 - val_precision_1: 0.8088
Epoch 48/50
406/406 - 2s - loss: 0.2896 - accuracy: 0.8790 - auc_1: 0.9047 - recall_1: 0.9974 - precision_1: 0.8065 - val_loss: 0.2931 - val_accuracy: 0.8772 - val_auc_1: 0.9042 - val_recall_1: 0.9972 - val_precision_1: 0.8040
Epoch 49/50
406/406 - 2s - loss: 0.2896 - accuracy: 0.8789 - auc_1: 0.9040 - recall_1: 0.9974 - precision_1: 0.8064 - val_loss: 0.2930 - val_accuracy: 0.8772 - val_auc_1: 0.9045 - val_recall_1: 0.9972 - val_precision_1: 0.8040
Epoch 50/50
406/406 - 2s - loss: 0.2891 - accuracy: 0.8790 - auc_1: 0.9015 - recall_1: 0.9974 - precision_1: 0.8065 - val_loss: 0.2896 - val_accuracy: 0.8772 - val_auc_1: 0.9042 - val_recall_1: 0.9972 - val_precision_1: 0.8040
WARNING:tensorflow:Layer lstm_4 will not use cuDNN kernel since it doesn't meet the cuDNN kernel criteria. It will use generic GPU kernel as fallback when running on GPU
WARNING:tensorflow:Layer lstm_4 will not use cuDNN kernel since it doesn't meet the cuDNN kernel criteria. It will use generic GPU kernel as fallback when running on GPU
WARNING:tensorflow:Layer lstm_5 will not use cuDNN kernel since it doesn't meet the cuDNN kernel criteria. It will use generic GPU kernel as fallback when running on GPU
WARNING:tensorflow:Layer lstm_5 will not use cuDNN kernel since it doesn't meet the cuDNN kernel criteria. It will use generic GPU kernel as fallback when running on GPU
classifier is generated with time step 1
--------------------------------------------------------------
Measureing ps-detector-recon detector performance on test data
--------------------------------------------------------------
Metrics: 
 {'auc': 0.7893261254108785, 'accuracy': 0.3040396881644224, 'precision': 0.6276803118908382, 'recall': 0.10464738381540462, 'f1': 0.17938718662952646, 'fp': 191, 'tp': 322, 'fn': 2755, 'tn': 965, 'auprc': 0.7706633604917572, 'precision99': 0.03, 'recall99': 0.01}
features len is  41
-----------------------------------
Training ps-detector-infec detector
-----------------------------------
the info of dataset, (19818, 1, 41)
shuffle is enabled for training
Early stopping: NO.
Epoch 1/50
558/558 - 4s - loss: 0.3814 - accuracy: 0.8533 - auc_2: 0.8953 - recall_2: 0.8027 - precision_2: 0.8933 - val_loss: 0.3105 - val_accuracy: 0.8875 - val_auc_2: 0.9226 - val_recall_2: 0.8179 - val_precision_2: 0.9481
Epoch 2/50
558/558 - 3s - loss: 0.3004 - accuracy: 0.8858 - auc_2: 0.9253 - recall_2: 0.8200 - precision_2: 0.9445 - val_loss: 0.2891 - val_accuracy: 0.8930 - val_auc_2: 0.9282 - val_recall_2: 0.8179 - val_precision_2: 0.9606
Epoch 3/50
558/558 - 3s - loss: 0.2832 - accuracy: 0.8920 - auc_2: 0.9303 - recall_2: 0.8224 - precision_2: 0.9556 - val_loss: 0.2732 - val_accuracy: 0.8940 - val_auc_2: 0.9330 - val_recall_2: 0.8230 - val_precision_2: 0.9574
Epoch 4/50
558/558 - 3s - loss: 0.2794 - accuracy: 0.8927 - auc_2: 0.9324 - recall_2: 0.8219 - precision_2: 0.9578 - val_loss: 0.2711 - val_accuracy: 0.8951 - val_auc_2: 0.9316 - val_recall_2: 0.8260 - val_precision_2: 0.9564
Epoch 5/50
558/558 - 3s - loss: 0.2737 - accuracy: 0.8946 - auc_2: 0.9326 - recall_2: 0.8224 - precision_2: 0.9614 - val_loss: 0.2711 - val_accuracy: 0.8956 - val_auc_2: 0.9330 - val_recall_2: 0.8260 - val_precision_2: 0.9575
Epoch 6/50
558/558 - 3s - loss: 0.2698 - accuracy: 0.8962 - auc_2: 0.9364 - recall_2: 0.8239 - precision_2: 0.9634 - val_loss: 0.2667 - val_accuracy: 0.8986 - val_auc_2: 0.9325 - val_recall_2: 0.8260 - val_precision_2: 0.9644
Epoch 7/50
558/558 - 3s - loss: 0.2672 - accuracy: 0.8968 - auc_2: 0.9355 - recall_2: 0.8231 - precision_2: 0.9656 - val_loss: 0.2622 - val_accuracy: 0.9031 - val_auc_2: 0.9341 - val_recall_2: 0.8250 - val_precision_2: 0.9759
Epoch 8/50
558/558 - 3s - loss: 0.2671 - accuracy: 0.8980 - auc_2: 0.9341 - recall_2: 0.8243 - precision_2: 0.9669 - val_loss: 0.2610 - val_accuracy: 0.8986 - val_auc_2: 0.9346 - val_recall_2: 0.8260 - val_precision_2: 0.9644
Epoch 9/50
558/558 - 3s - loss: 0.2643 - accuracy: 0.8973 - auc_2: 0.9350 - recall_2: 0.8224 - precision_2: 0.9674 - val_loss: 0.2640 - val_accuracy: 0.8961 - val_auc_2: 0.9347 - val_recall_2: 0.8230 - val_precision_2: 0.9620
Epoch 10/50
558/558 - 3s - loss: 0.2630 - accuracy: 0.8982 - auc_2: 0.9356 - recall_2: 0.8238 - precision_2: 0.9681 - val_loss: 0.2606 - val_accuracy: 0.8991 - val_auc_2: 0.9348 - val_recall_2: 0.8260 - val_precision_2: 0.9655
Epoch 11/50
558/558 - 3s - loss: 0.2622 - accuracy: 0.8991 - auc_2: 0.9347 - recall_2: 0.8242 - precision_2: 0.9696 - val_loss: 0.2594 - val_accuracy: 0.9006 - val_auc_2: 0.9355 - val_recall_2: 0.8260 - val_precision_2: 0.9690
Epoch 12/50
558/558 - 3s - loss: 0.2600 - accuracy: 0.8993 - auc_2: 0.9372 - recall_2: 0.8246 - precision_2: 0.9697 - val_loss: 0.2758 - val_accuracy: 0.8961 - val_auc_2: 0.9309 - val_recall_2: 0.8260 - val_precision_2: 0.9587
Epoch 13/50
558/558 - 3s - loss: 0.2598 - accuracy: 0.8997 - auc_2: 0.9367 - recall_2: 0.8246 - precision_2: 0.9706 - val_loss: 0.2664 - val_accuracy: 0.8956 - val_auc_2: 0.9339 - val_recall_2: 0.8250 - val_precision_2: 0.9586
Epoch 14/50
558/558 - 3s - loss: 0.2576 - accuracy: 0.9003 - auc_2: 0.9377 - recall_2: 0.8256 - precision_2: 0.9709 - val_loss: 0.2619 - val_accuracy: 0.9001 - val_auc_2: 0.9359 - val_recall_2: 0.8260 - val_precision_2: 0.9678
Epoch 15/50
558/558 - 3s - loss: 0.2564 - accuracy: 0.9009 - auc_2: 0.9363 - recall_2: 0.8255 - precision_2: 0.9723 - val_loss: 0.2558 - val_accuracy: 0.9021 - val_auc_2: 0.9356 - val_recall_2: 0.8260 - val_precision_2: 0.9725
Epoch 16/50
558/558 - 3s - loss: 0.2550 - accuracy: 0.9014 - auc_2: 0.9378 - recall_2: 0.8257 - precision_2: 0.9732 - val_loss: 0.2577 - val_accuracy: 0.8986 - val_auc_2: 0.9324 - val_recall_2: 0.8149 - val_precision_2: 0.9768
Epoch 17/50
558/558 - 3s - loss: 0.2540 - accuracy: 0.9015 - auc_2: 0.9369 - recall_2: 0.8249 - precision_2: 0.9745 - val_loss: 0.2865 - val_accuracy: 0.8840 - val_auc_2: 0.9246 - val_recall_2: 0.7843 - val_precision_2: 0.9772
Epoch 18/50
558/558 - 3s - loss: 0.2538 - accuracy: 0.9013 - auc_2: 0.9382 - recall_2: 0.8250 - precision_2: 0.9737 - val_loss: 0.2572 - val_accuracy: 0.9016 - val_auc_2: 0.9363 - val_recall_2: 0.8189 - val_precision_2: 0.9793
Epoch 19/50
558/558 - 3s - loss: 0.2521 - accuracy: 0.9022 - auc_2: 0.9390 - recall_2: 0.8258 - precision_2: 0.9749 - val_loss: 0.2656 - val_accuracy: 0.9011 - val_auc_2: 0.9350 - val_recall_2: 0.8189 - val_precision_2: 0.9781
Epoch 20/50
558/558 - 3s - loss: 0.2543 - accuracy: 0.9016 - auc_2: 0.9367 - recall_2: 0.8249 - precision_2: 0.9746 - val_loss: 0.2580 - val_accuracy: 0.9026 - val_auc_2: 0.9352 - val_recall_2: 0.8260 - val_precision_2: 0.9736
Epoch 21/50
558/558 - 3s - loss: 0.2502 - accuracy: 0.9026 - auc_2: 0.9379 - recall_2: 0.8259 - precision_2: 0.9758 - val_loss: 0.2546 - val_accuracy: 0.9051 - val_auc_2: 0.9365 - val_recall_2: 0.8240 - val_precision_2: 0.9818
Epoch 22/50
558/558 - 3s - loss: 0.2489 - accuracy: 0.9029 - auc_2: 0.9396 - recall_2: 0.8252 - precision_2: 0.9772 - val_loss: 0.2505 - val_accuracy: 0.9051 - val_auc_2: 0.9370 - val_recall_2: 0.8260 - val_precision_2: 0.9795
Epoch 23/50
558/558 - 3s - loss: 0.2507 - accuracy: 0.9021 - auc_2: 0.9377 - recall_2: 0.8251 - precision_2: 0.9754 - val_loss: 0.2601 - val_accuracy: 0.9026 - val_auc_2: 0.9360 - val_recall_2: 0.8260 - val_precision_2: 0.9736
Epoch 24/50
558/558 - 3s - loss: 0.2501 - accuracy: 0.9028 - auc_2: 0.9388 - recall_2: 0.8256 - precision_2: 0.9765 - val_loss: 0.2531 - val_accuracy: 0.9026 - val_auc_2: 0.9356 - val_recall_2: 0.8260 - val_precision_2: 0.9736
Epoch 25/50
558/558 - 3s - loss: 0.2484 - accuracy: 0.9029 - auc_2: 0.9403 - recall_2: 0.8251 - precision_2: 0.9773 - val_loss: 0.2517 - val_accuracy: 0.9041 - val_auc_2: 0.9388 - val_recall_2: 0.8199 - val_precision_2: 0.9841
Epoch 26/50
558/558 - 3s - loss: 0.2496 - accuracy: 0.9029 - auc_2: 0.9390 - recall_2: 0.8255 - precision_2: 0.9769 - val_loss: 0.2496 - val_accuracy: 0.9031 - val_auc_2: 0.9372 - val_recall_2: 0.8260 - val_precision_2: 0.9748
Epoch 27/50
558/558 - 3s - loss: 0.2465 - accuracy: 0.9037 - auc_2: 0.9403 - recall_2: 0.8257 - precision_2: 0.9786 - val_loss: 0.2558 - val_accuracy: 0.9041 - val_auc_2: 0.9373 - val_recall_2: 0.8250 - val_precision_2: 0.9783
Epoch 28/50
558/558 - 3s - loss: 0.2476 - accuracy: 0.9045 - auc_2: 0.9401 - recall_2: 0.8268 - precision_2: 0.9790 - val_loss: 0.2691 - val_accuracy: 0.8920 - val_auc_2: 0.9370 - val_recall_2: 0.7996 - val_precision_2: 0.9788
Epoch 29/50
558/558 - 3s - loss: 0.2459 - accuracy: 0.9045 - auc_2: 0.9393 - recall_2: 0.8268 - precision_2: 0.9790 - val_loss: 0.2555 - val_accuracy: 0.9021 - val_auc_2: 0.9352 - val_recall_2: 0.8210 - val_precision_2: 0.9782
Epoch 30/50
558/558 - 3s - loss: 0.2466 - accuracy: 0.9038 - auc_2: 0.9398 - recall_2: 0.8255 - precision_2: 0.9790 - val_loss: 0.2581 - val_accuracy: 0.9036 - val_auc_2: 0.9363 - val_recall_2: 0.8260 - val_precision_2: 0.9760
Epoch 31/50
558/558 - 3s - loss: 0.2475 - accuracy: 0.9040 - auc_2: 0.9389 - recall_2: 0.8268 - precision_2: 0.9780 - val_loss: 0.2514 - val_accuracy: 0.9067 - val_auc_2: 0.9389 - val_recall_2: 0.8250 - val_precision_2: 0.9842
Epoch 32/50
558/558 - 3s - loss: 0.2453 - accuracy: 0.9042 - auc_2: 0.9403 - recall_2: 0.8261 - precision_2: 0.9792 - val_loss: 0.2475 - val_accuracy: 0.9051 - val_auc_2: 0.9382 - val_recall_2: 0.8250 - val_precision_2: 0.9807
Epoch 33/50
558/558 - 3s - loss: 0.2462 - accuracy: 0.9040 - auc_2: 0.9381 - recall_2: 0.8259 - precision_2: 0.9789 - val_loss: 0.2481 - val_accuracy: 0.9072 - val_auc_2: 0.9378 - val_recall_2: 0.8260 - val_precision_2: 0.9842
Epoch 34/50
558/558 - 3s - loss: 0.2449 - accuracy: 0.9045 - auc_2: 0.9413 - recall_2: 0.8263 - precision_2: 0.9795 - val_loss: 0.2508 - val_accuracy: 0.9026 - val_auc_2: 0.9375 - val_recall_2: 0.8260 - val_precision_2: 0.9736
Epoch 35/50
558/558 - 3s - loss: 0.2450 - accuracy: 0.9038 - auc_2: 0.9411 - recall_2: 0.8262 - precision_2: 0.9782 - val_loss: 0.2435 - val_accuracy: 0.9072 - val_auc_2: 0.9388 - val_recall_2: 0.8250 - val_precision_2: 0.9854
Epoch 36/50
558/558 - 3s - loss: 0.2450 - accuracy: 0.9036 - auc_2: 0.9406 - recall_2: 0.8253 - precision_2: 0.9786 - val_loss: 0.2482 - val_accuracy: 0.9046 - val_auc_2: 0.9382 - val_recall_2: 0.8260 - val_precision_2: 0.9783
Epoch 37/50
558/558 - 3s - loss: 0.2466 - accuracy: 0.9038 - auc_2: 0.9393 - recall_2: 0.8265 - precision_2: 0.9779 - val_loss: 0.2450 - val_accuracy: 0.9077 - val_auc_2: 0.9383 - val_recall_2: 0.8260 - val_precision_2: 0.9854
Epoch 38/50
558/558 - 3s - loss: 0.2452 - accuracy: 0.9045 - auc_2: 0.9400 - recall_2: 0.8266 - precision_2: 0.9794 - val_loss: 0.2571 - val_accuracy: 0.9051 - val_auc_2: 0.9379 - val_recall_2: 0.8260 - val_precision_2: 0.9795
Epoch 39/50
558/558 - 3s - loss: 0.2462 - accuracy: 0.9040 - auc_2: 0.9381 - recall_2: 0.8262 - precision_2: 0.9786 - val_loss: 0.2561 - val_accuracy: 0.9041 - val_auc_2: 0.9369 - val_recall_2: 0.8250 - val_precision_2: 0.9783
Epoch 40/50
558/558 - 3s - loss: 0.2448 - accuracy: 0.9047 - auc_2: 0.9403 - recall_2: 0.8268 - precision_2: 0.9796 - val_loss: 0.2478 - val_accuracy: 0.9051 - val_auc_2: 0.9376 - val_recall_2: 0.8250 - val_precision_2: 0.9807
Epoch 41/50
558/558 - 3s - loss: 0.2439 - accuracy: 0.9037 - auc_2: 0.9405 - recall_2: 0.8275 - precision_2: 0.9765 - val_loss: 0.2447 - val_accuracy: 0.9062 - val_auc_2: 0.9383 - val_recall_2: 0.8260 - val_precision_2: 0.9819
Epoch 42/50
558/558 - 3s - loss: 0.2438 - accuracy: 0.9045 - auc_2: 0.9414 - recall_2: 0.8256 - precision_2: 0.9806 - val_loss: 0.2486 - val_accuracy: 0.9057 - val_auc_2: 0.9382 - val_recall_2: 0.8260 - val_precision_2: 0.9807
Epoch 43/50
558/558 - 3s - loss: 0.2421 - accuracy: 0.9046 - auc_2: 0.9407 - recall_2: 0.8260 - precision_2: 0.9803 - val_loss: 0.2399 - val_accuracy: 0.9072 - val_auc_2: 0.9396 - val_recall_2: 0.8250 - val_precision_2: 0.9854
Epoch 44/50
558/558 - 3s - loss: 0.2425 - accuracy: 0.9054 - auc_2: 0.9413 - recall_2: 0.8269 - precision_2: 0.9810 - val_loss: 0.2757 - val_accuracy: 0.9026 - val_auc_2: 0.9311 - val_recall_2: 0.8260 - val_precision_2: 0.9736
Epoch 45/50
558/558 - 3s - loss: 0.2438 - accuracy: 0.9054 - auc_2: 0.9396 - recall_2: 0.8277 - precision_2: 0.9802 - val_loss: 0.2431 - val_accuracy: 0.9067 - val_auc_2: 0.9388 - val_recall_2: 0.8260 - val_precision_2: 0.9831
Epoch 46/50
558/558 - 3s - loss: 0.2411 - accuracy: 0.9058 - auc_2: 0.9411 - recall_2: 0.8274 - precision_2: 0.9814 - val_loss: 0.2438 - val_accuracy: 0.9082 - val_auc_2: 0.9397 - val_recall_2: 0.8260 - val_precision_2: 0.9866
Epoch 47/50
558/558 - 3s - loss: 0.2408 - accuracy: 0.9055 - auc_2: 0.9390 - recall_2: 0.8269 - precision_2: 0.9814 - val_loss: 0.2387 - val_accuracy: 0.9082 - val_auc_2: 0.9401 - val_recall_2: 0.8260 - val_precision_2: 0.9866
Epoch 48/50
558/558 - 3s - loss: 0.2400 - accuracy: 0.9058 - auc_2: 0.9389 - recall_2: 0.8271 - precision_2: 0.9817 - val_loss: 0.2420 - val_accuracy: 0.9082 - val_auc_2: 0.9389 - val_recall_2: 0.8260 - val_precision_2: 0.9866
Epoch 49/50
558/558 - 3s - loss: 0.2419 - accuracy: 0.9048 - auc_2: 0.9418 - recall_2: 0.8259 - precision_2: 0.9808 - val_loss: 0.2441 - val_accuracy: 0.9067 - val_auc_2: 0.9383 - val_recall_2: 0.8260 - val_precision_2: 0.9831
Epoch 50/50
558/558 - 3s - loss: 0.2392 - accuracy: 0.9059 - auc_2: 0.9427 - recall_2: 0.8270 - precision_2: 0.9822 - val_loss: 0.2506 - val_accuracy: 0.9057 - val_auc_2: 0.9380 - val_recall_2: 0.8260 - val_precision_2: 0.9807
classifier is generated with time step 1
--------------------------------------------------------------
Measureing ps-detector-infec detector performance on test data
--------------------------------------------------------------
Metrics: 
 {'auc': 0.16377864526856067, 'accuracy': 0.9208599102291519, 'precision': 0.16, 'recall': 0.012578616352201259, 'f1': 0.023323615160349857, 'fp': 21, 'tp': 4, 'fn': 314, 'tn': 3894, 'auprc': 0.045586287123336566, 'precision99': 0.9500000000000001, 'recall99': 0.0}
Traceback (most recent call last):
  File "relabel_trainn-maggie.py", line 277, in <module>
    raise Exception("maggie stop here!")
Exception: maggie stop here!
